05/11/2023 19:35:07 - WARNING - __main__ -   Process rank: 0, device: cuda:0, n_gpu: 1distributed training: True, 16-bits training: False
05/11/2023 19:35:07 - INFO - __main__ -   Training/evaluation parameters TrainingArguments(
_n_gpu=1,
adafactor=False,
adam_beta1=0.9,
adam_beta2=0.999,
adam_epsilon=1e-06,
auto_find_batch_size=False,
bf16=False,
bf16_full_eval=False,
data_seed=None,
dataloader_drop_last=False,
dataloader_num_workers=0,
dataloader_pin_memory=True,
ddp_bucket_cap_mb=None,
ddp_find_unused_parameters=None,
ddp_timeout=1800,
debug=[],
deepspeed=None,
disable_tqdm=False,
do_eval=False,
do_predict=False,
do_train=True,
eval_accumulation_steps=None,
eval_delay=0,
eval_steps=None,
evaluation_strategy=no,
fp16=False,
fp16_backend=auto,
fp16_full_eval=False,
fp16_opt_level=O1,
fsdp=[],
fsdp_config={'fsdp_min_num_params': 0, 'xla': False, 'xla_fsdp_grad_ckpt': False},
fsdp_min_num_params=0,
fsdp_transformer_layer_cls_to_wrap=None,
full_determinism=False,
gradient_accumulation_steps=1,
gradient_checkpointing=False,
greater_is_better=None,
group_by_length=False,
half_precision_backend=auto,
hub_model_id=None,
hub_private_repo=False,
hub_strategy=every_save,
hub_token=<HUB_TOKEN>,
ignore_data_skip=False,
include_inputs_for_metrics=False,
jit_mode_eval=False,
label_names=None,
label_smoothing_factor=0.0,
learning_rate=5e-05,
length_column_name=length,
load_best_model_at_end=False,
local_rank=0,
log_level=passive,
log_level_replica=warning,
log_on_each_node=True,
logging_dir=model/cybert_a100_lr_5e-5/runs/May11_19-35-07_gaqc0004,
logging_first_step=False,
logging_nan_inf_filter=True,
logging_steps=500,
logging_strategy=steps,
lr_scheduler_type=linear,
max_grad_norm=1.0,
max_steps=-1,
metric_for_best_model=None,
mp_parameters=,
no_cuda=False,
num_train_epochs=30.0,
optim=adamw_hf,
optim_args=None,
output_dir=model/cybert_a100_lr_5e-5,
overwrite_output_dir=False,
past_index=-1,
per_device_eval_batch_size=8,
per_device_train_batch_size=16,
prediction_loss_only=False,
push_to_hub=False,
push_to_hub_model_id=None,
push_to_hub_organization=None,
push_to_hub_token=<PUSH_TO_HUB_TOKEN>,
ray_scope=last,
remove_unused_columns=True,
report_to=['wandb'],
resume_from_checkpoint=None,
run_name=model/cybert_a100_lr_5e-5,
save_on_each_node=False,
save_steps=500,
save_strategy=epoch,
save_total_limit=None,
seed=42,
sharded_ddp=[],
skip_memory_metrics=True,
tf32=None,
torch_compile=False,
torch_compile_backend=None,
torch_compile_mode=None,
torchdynamo=None,
tpu_metrics_debug=False,
tpu_num_cores=None,
use_ipex=False,
use_legacy_prediction_loop=False,
use_mps_device=False,
warmup_ratio=0.0,
warmup_steps=10000,
weight_decay=0.01,
xpu_backend=None,
)
05/11/2023 19:35:07 - WARNING - __main__ -   Process rank: 1, device: cuda:1, n_gpu: 1distributed training: True, 16-bits training: False
05/11/2023 19:35:07 - WARNING - __main__ -   Process rank: 3, device: cuda:3, n_gpu: 1distributed training: True, 16-bits training: False
05/11/2023 19:35:07 - WARNING - __main__ -   Process rank: 2, device: cuda:2, n_gpu: 1distributed training: True, 16-bits training: False
05/11/2023 19:35:08 - WARNING - datasets.builder -   Found cached dataset text (/work/projects/project02060/.cache/text/default-bcd53fcb73e4331e/0.0.0/cb1e9bd71a82ad27976be3b12b407850fe2837d80c22c5e03a28949843a8ace2)
05/11/2023 19:35:08 - WARNING - datasets.builder -   Found cached dataset text (/work/projects/project02060/.cache/text/default-bcd53fcb73e4331e/0.0.0/cb1e9bd71a82ad27976be3b12b407850fe2837d80c22c5e03a28949843a8ace2)
05/11/2023 19:35:08 - WARNING - datasets.builder -   Found cached dataset text (/work/projects/project02060/.cache/text/default-bcd53fcb73e4331e/0.0.0/cb1e9bd71a82ad27976be3b12b407850fe2837d80c22c5e03a28949843a8ace2)
05/11/2023 19:35:08 - WARNING - datasets.builder -   Found cached dataset text (/work/projects/project02060/.cache/text/default-bcd53fcb73e4331e/0.0.0/cb1e9bd71a82ad27976be3b12b407850fe2837d80c22c5e03a28949843a8ace2)
05/11/2023 19:35:16 - WARNING - datasets.arrow_dataset -   Loading cached processed dataset at /work/projects/project02060/.cache/text/default-bcd53fcb73e4331e/0.0.0/cb1e9bd71a82ad27976be3b12b407850fe2837d80c22c5e03a28949843a8ace2/cache-beaac0cd2eb0fe24.arrow
05/11/2023 19:35:16 - WARNING - datasets.arrow_dataset -   Loading cached processed dataset at /work/projects/project02060/.cache/text/default-bcd53fcb73e4331e/0.0.0/cb1e9bd71a82ad27976be3b12b407850fe2837d80c22c5e03a28949843a8ace2/cache-beaac0cd2eb0fe24.arrow
05/11/2023 19:35:16 - WARNING - datasets.arrow_dataset -   Loading cached processed dataset at /work/projects/project02060/.cache/text/default-bcd53fcb73e4331e/0.0.0/cb1e9bd71a82ad27976be3b12b407850fe2837d80c22c5e03a28949843a8ace2/cache-beaac0cd2eb0fe24.arrow
05/11/2023 19:35:16 - WARNING - datasets.arrow_dataset -   Loading cached processed dataset at /work/projects/project02060/.cache/text/default-bcd53fcb73e4331e/0.0.0/cb1e9bd71a82ad27976be3b12b407850fe2837d80c22c5e03a28949843a8ace2/cache-beaac0cd2eb0fe24.arrow
05/11/2023 19:35:19 - WARNING - datasets.arrow_dataset -   Loading cached processed dataset at /work/projects/project02060/.cache/text/default-bcd53fcb73e4331e/0.0.0/cb1e9bd71a82ad27976be3b12b407850fe2837d80c22c5e03a28949843a8ace2/cache-a3f29753105de6d8.arrow
05/11/2023 19:35:19 - WARNING - datasets.arrow_dataset -   Loading cached processed dataset at /work/projects/project02060/.cache/text/default-bcd53fcb73e4331e/0.0.0/cb1e9bd71a82ad27976be3b12b407850fe2837d80c22c5e03a28949843a8ace2/cache-a3f29753105de6d8.arrow
05/11/2023 19:35:19 - WARNING - datasets.arrow_dataset -   Loading cached processed dataset at /work/projects/project02060/.cache/text/default-bcd53fcb73e4331e/0.0.0/cb1e9bd71a82ad27976be3b12b407850fe2837d80c22c5e03a28949843a8ace2/cache-a3f29753105de6d8.arrow
05/11/2023 19:35:19 - WARNING - datasets.arrow_dataset -   Loading cached processed dataset at /work/projects/project02060/.cache/text/default-bcd53fcb73e4331e/0.0.0/cb1e9bd71a82ad27976be3b12b407850fe2837d80c22c5e03a28949843a8ace2/cache-a3f29753105de6d8.arrow
{'loss': 3.4122, 'learning_rate': 2.5e-06, 'epoch': 0.03}
{'loss': 2.7909, 'learning_rate': 5e-06, 'epoch': 0.06}
{'loss': 2.5871, 'learning_rate': 7.5e-06, 'epoch': 0.09}
{'loss': 2.4541, 'learning_rate': 1e-05, 'epoch': 0.12}
{'loss': 2.3644, 'learning_rate': 1.25e-05, 'epoch': 0.15}
{'loss': 2.2947, 'learning_rate': 1.5e-05, 'epoch': 0.18}
{'loss': 2.2396, 'learning_rate': 1.75e-05, 'epoch': 0.22}
{'loss': 2.1822, 'learning_rate': 2e-05, 'epoch': 0.25}
{'loss': 2.131, 'learning_rate': 2.25e-05, 'epoch': 0.28}
{'loss': 2.0936, 'learning_rate': 2.5e-05, 'epoch': 0.31}
{'loss': 2.0588, 'learning_rate': 2.7500000000000004e-05, 'epoch': 0.34}
{'loss': 2.0291, 'learning_rate': 3e-05, 'epoch': 0.37}
{'loss': 1.9984, 'learning_rate': 3.2500000000000004e-05, 'epoch': 0.4}
{'loss': 1.9706, 'learning_rate': 3.5e-05, 'epoch': 0.43}
{'loss': 1.9409, 'learning_rate': 3.7500000000000003e-05, 'epoch': 0.46}
{'loss': 1.925, 'learning_rate': 4e-05, 'epoch': 0.49}
{'loss': 1.9047, 'learning_rate': 4.25e-05, 'epoch': 0.52}
{'loss': 1.8849, 'learning_rate': 4.5e-05, 'epoch': 0.55}
{'loss': 1.8694, 'learning_rate': 4.75e-05, 'epoch': 0.59}
{'loss': 1.8531, 'learning_rate': 5e-05, 'epoch': 0.62}
{'loss': 1.8351, 'learning_rate': 4.994757481074507e-05, 'epoch': 0.65}
{'loss': 1.8178, 'learning_rate': 4.9895149621490134e-05, 'epoch': 0.68}
{'loss': 1.8071, 'learning_rate': 4.98427244322352e-05, 'epoch': 0.71}
{'loss': 1.7918, 'learning_rate': 4.979029924298027e-05, 'epoch': 0.74}
{'loss': 1.7815, 'learning_rate': 4.9737874053725334e-05, 'epoch': 0.77}
{'loss': 1.7624, 'learning_rate': 4.96854488644704e-05, 'epoch': 0.8}
{'loss': 1.7611, 'learning_rate': 4.9633023675215465e-05, 'epoch': 0.83}
{'loss': 1.7486, 'learning_rate': 4.958059848596054e-05, 'epoch': 0.86}
{'loss': 1.7351, 'learning_rate': 4.95281732967056e-05, 'epoch': 0.89}
{'loss': 1.7339, 'learning_rate': 4.947574810745067e-05, 'epoch': 0.92}
{'loss': 1.7273, 'learning_rate': 4.9423322918195734e-05, 'epoch': 0.96}
{'loss': 1.7151, 'learning_rate': 4.93708977289408e-05, 'epoch': 0.99}
{'loss': 1.6929, 'learning_rate': 4.931847253968587e-05, 'epoch': 1.02}
{'loss': 1.6937, 'learning_rate': 4.926604735043094e-05, 'epoch': 1.05}
{'loss': 1.6897, 'learning_rate': 4.9213622161176004e-05, 'epoch': 1.08}
{'loss': 1.6844, 'learning_rate': 4.916119697192107e-05, 'epoch': 1.11}
{'loss': 1.6739, 'learning_rate': 4.9108771782666135e-05, 'epoch': 1.14}
{'loss': 1.6649, 'learning_rate': 4.9056346593411204e-05, 'epoch': 1.17}
{'loss': 1.6551, 'learning_rate': 4.900392140415627e-05, 'epoch': 1.2}
{'loss': 1.6546, 'learning_rate': 4.8951496214901335e-05, 'epoch': 1.23}
{'loss': 1.647, 'learning_rate': 4.8899071025646404e-05, 'epoch': 1.26}
{'loss': 1.6407, 'learning_rate': 4.8846645836391466e-05, 'epoch': 1.29}
{'loss': 1.638, 'learning_rate': 4.879422064713654e-05, 'epoch': 1.32}
{'loss': 1.632, 'learning_rate': 4.8741795457881604e-05, 'epoch': 1.36}
{'loss': 1.6285, 'learning_rate': 4.868937026862667e-05, 'epoch': 1.39}
{'loss': 1.6235, 'learning_rate': 4.8636945079371736e-05, 'epoch': 1.42}
{'loss': 1.621, 'learning_rate': 4.8584519890116805e-05, 'epoch': 1.45}
{'loss': 1.6178, 'learning_rate': 4.8532094700861874e-05, 'epoch': 1.48}
{'loss': 1.6181, 'learning_rate': 4.847966951160694e-05, 'epoch': 1.51}
{'loss': 1.6106, 'learning_rate': 4.8427244322352005e-05, 'epoch': 1.54}
{'loss': 1.6072, 'learning_rate': 4.8374819133097074e-05, 'epoch': 1.57}
{'loss': 1.5987, 'learning_rate': 4.8322393943842136e-05, 'epoch': 1.6}
{'loss': 1.5963, 'learning_rate': 4.8269968754587205e-05, 'epoch': 1.63}
{'loss': 1.5931, 'learning_rate': 4.8217543565332274e-05, 'epoch': 1.66}
{'loss': 1.5965, 'learning_rate': 4.8165118376077336e-05, 'epoch': 1.69}
{'loss': 1.5857, 'learning_rate': 4.8112693186822405e-05, 'epoch': 1.73}
{'loss': 1.5839, 'learning_rate': 4.806026799756747e-05, 'epoch': 1.76}
{'loss': 1.5794, 'learning_rate': 4.800784280831254e-05, 'epoch': 1.79}
{'loss': 1.5727, 'learning_rate': 4.7955417619057605e-05, 'epoch': 1.82}
{'loss': 1.567, 'learning_rate': 4.7902992429802674e-05, 'epoch': 1.85}
{'loss': 1.5713, 'learning_rate': 4.785056724054774e-05, 'epoch': 1.88}
{'loss': 1.5678, 'learning_rate': 4.779814205129281e-05, 'epoch': 1.91}
{'loss': 1.5669, 'learning_rate': 4.7745716862037875e-05, 'epoch': 1.94}
{'loss': 1.5664, 'learning_rate': 4.7693291672782944e-05, 'epoch': 1.97}
{'loss': 1.5641, 'learning_rate': 4.7640866483528006e-05, 'epoch': 2.0}
{'loss': 1.554, 'learning_rate': 4.7588441294273075e-05, 'epoch': 2.03}
{'loss': 1.5491, 'learning_rate': 4.7536016105018144e-05, 'epoch': 2.06}
{'loss': 1.5412, 'learning_rate': 4.748359091576321e-05, 'epoch': 2.1}
{'loss': 1.5463, 'learning_rate': 4.7431165726508275e-05, 'epoch': 2.13}
{'loss': 1.5486, 'learning_rate': 4.7378740537253344e-05, 'epoch': 2.16}
{'loss': 1.5371, 'learning_rate': 4.7326315347998406e-05, 'epoch': 2.19}
{'loss': 1.5419, 'learning_rate': 4.7273890158743475e-05, 'epoch': 2.22}
{'loss': 1.5298, 'learning_rate': 4.7221464969488544e-05, 'epoch': 2.25}
{'loss': 1.5277, 'learning_rate': 4.716903978023361e-05, 'epoch': 2.28}
{'loss': 1.5296, 'learning_rate': 4.7116614590978676e-05, 'epoch': 2.31}
{'loss': 1.5244, 'learning_rate': 4.706418940172374e-05, 'epoch': 2.34}
{'loss': 1.5198, 'learning_rate': 4.7011764212468814e-05, 'epoch': 2.37}
{'loss': 1.519, 'learning_rate': 4.6959339023213876e-05, 'epoch': 2.4}
{'loss': 1.5184, 'learning_rate': 4.6906913833958945e-05, 'epoch': 2.43}
{'loss': 1.5195, 'learning_rate': 4.685448864470401e-05, 'epoch': 2.46}
{'loss': 1.514, 'learning_rate': 4.6802063455449076e-05, 'epoch': 2.5}
{'loss': 1.514, 'learning_rate': 4.6749638266194145e-05, 'epoch': 2.53}
{'loss': 1.5076, 'learning_rate': 4.6697213076939214e-05, 'epoch': 2.56}
{'loss': 1.5094, 'learning_rate': 4.6644787887684276e-05, 'epoch': 2.59}
{'loss': 1.5053, 'learning_rate': 4.6592362698429345e-05, 'epoch': 2.62}
{'loss': 1.5018, 'learning_rate': 4.653993750917441e-05, 'epoch': 2.65}
{'loss': 1.4993, 'learning_rate': 4.648751231991948e-05, 'epoch': 2.68}
{'loss': 1.4984, 'learning_rate': 4.6435087130664546e-05, 'epoch': 2.71}
{'loss': 1.5002, 'learning_rate': 4.638266194140961e-05, 'epoch': 2.74}
{'loss': 1.4897, 'learning_rate': 4.633023675215468e-05, 'epoch': 2.77}
{'loss': 1.495, 'learning_rate': 4.627781156289974e-05, 'epoch': 2.8}
{'loss': 1.4905, 'learning_rate': 4.6225386373644815e-05, 'epoch': 2.83}
{'loss': 1.49, 'learning_rate': 4.617296118438988e-05, 'epoch': 2.87}
{'loss': 1.4903, 'learning_rate': 4.6120535995134946e-05, 'epoch': 2.9}
{'loss': 1.4848, 'learning_rate': 4.606811080588001e-05, 'epoch': 2.93}
{'loss': 1.4893, 'learning_rate': 4.601568561662508e-05, 'epoch': 2.96}
{'loss': 1.4861, 'learning_rate': 4.5963260427370146e-05, 'epoch': 2.99}
{'loss': 1.4738, 'learning_rate': 4.5910835238115215e-05, 'epoch': 3.02}
{'loss': 1.4713, 'learning_rate': 4.585841004886028e-05, 'epoch': 3.05}
{'loss': 1.4755, 'learning_rate': 4.5805984859605347e-05, 'epoch': 3.08}
{'loss': 1.4739, 'learning_rate': 4.575355967035041e-05, 'epoch': 3.11}
{'loss': 1.4714, 'learning_rate': 4.570113448109548e-05, 'epoch': 3.14}
{'loss': 1.4725, 'learning_rate': 4.564870929184055e-05, 'epoch': 3.17}
{'loss': 1.4643, 'learning_rate': 4.5596284102585616e-05, 'epoch': 3.2}
{'loss': 1.4717, 'learning_rate': 4.554385891333068e-05, 'epoch': 3.23}
{'loss': 1.4708, 'learning_rate': 4.549143372407575e-05, 'epoch': 3.27}
{'loss': 1.4648, 'learning_rate': 4.5439008534820816e-05, 'epoch': 3.3}
{'loss': 1.4622, 'learning_rate': 4.538658334556588e-05, 'epoch': 3.33}
{'loss': 1.4633, 'learning_rate': 4.533415815631095e-05, 'epoch': 3.36}
{'loss': 1.4611, 'learning_rate': 4.528173296705601e-05, 'epoch': 3.39}
{'loss': 1.4591, 'learning_rate': 4.522930777780108e-05, 'epoch': 3.42}
{'loss': 1.4578, 'learning_rate': 4.517688258854615e-05, 'epoch': 3.45}
{'loss': 1.4581, 'learning_rate': 4.5124457399291217e-05, 'epoch': 3.48}
{'loss': 1.4581, 'learning_rate': 4.507203221003628e-05, 'epoch': 3.51}
{'loss': 1.4564, 'learning_rate': 4.501960702078135e-05, 'epoch': 3.54}
{'loss': 1.4596, 'learning_rate': 4.496718183152641e-05, 'epoch': 3.57}
{'loss': 1.4579, 'learning_rate': 4.4914756642271486e-05, 'epoch': 3.6}
{'loss': 1.4511, 'learning_rate': 4.486233145301655e-05, 'epoch': 3.64}
{'loss': 1.4459, 'learning_rate': 4.480990626376162e-05, 'epoch': 3.67}
{'loss': 1.4461, 'learning_rate': 4.475748107450668e-05, 'epoch': 3.7}
{'loss': 1.4525, 'learning_rate': 4.470505588525175e-05, 'epoch': 3.73}
{'loss': 1.4442, 'learning_rate': 4.465263069599682e-05, 'epoch': 3.76}
{'loss': 1.4434, 'learning_rate': 4.460020550674188e-05, 'epoch': 3.79}
{'loss': 1.445, 'learning_rate': 4.454778031748695e-05, 'epoch': 3.82}
{'loss': 1.4452, 'learning_rate': 4.449535512823201e-05, 'epoch': 3.85}
{'loss': 1.4401, 'learning_rate': 4.444292993897708e-05, 'epoch': 3.88}
{'loss': 1.4362, 'learning_rate': 4.439050474972215e-05, 'epoch': 3.91}
{'loss': 1.4401, 'learning_rate': 4.433807956046722e-05, 'epoch': 3.94}
{'loss': 1.4394, 'learning_rate': 4.428565437121228e-05, 'epoch': 3.97}
{'loss': 1.4292, 'learning_rate': 4.423322918195735e-05, 'epoch': 4.01}
{'loss': 1.4315, 'learning_rate': 4.418080399270241e-05, 'epoch': 4.04}
{'loss': 1.4313, 'learning_rate': 4.412837880344749e-05, 'epoch': 4.07}
{'loss': 1.4337, 'learning_rate': 4.407595361419255e-05, 'epoch': 4.1}
{'loss': 1.4246, 'learning_rate': 4.402352842493762e-05, 'epoch': 4.13}
{'loss': 1.4277, 'learning_rate': 4.397110323568268e-05, 'epoch': 4.16}
{'loss': 1.4279, 'learning_rate': 4.391867804642775e-05, 'epoch': 4.19}
{'loss': 1.4268, 'learning_rate': 4.386625285717282e-05, 'epoch': 4.22}
{'loss': 1.4208, 'learning_rate': 4.381382766791788e-05, 'epoch': 4.25}
{'loss': 1.424, 'learning_rate': 4.376140247866295e-05, 'epoch': 4.28}
{'loss': 1.4206, 'learning_rate': 4.370897728940801e-05, 'epoch': 4.31}
{'loss': 1.4221, 'learning_rate': 4.365655210015309e-05, 'epoch': 4.34}
{'loss': 1.4215, 'learning_rate': 4.360412691089815e-05, 'epoch': 4.37}
{'loss': 1.4158, 'learning_rate': 4.355170172164322e-05, 'epoch': 4.41}
{'loss': 1.4178, 'learning_rate': 4.349927653238828e-05, 'epoch': 4.44}
{'loss': 1.4167, 'learning_rate': 4.344685134313335e-05, 'epoch': 4.47}
{'loss': 1.4172, 'learning_rate': 4.339442615387842e-05, 'epoch': 4.5}
{'loss': 1.4159, 'learning_rate': 4.334200096462349e-05, 'epoch': 4.53}
{'loss': 1.4169, 'learning_rate': 4.328957577536855e-05, 'epoch': 4.56}
{'loss': 1.4143, 'learning_rate': 4.323715058611362e-05, 'epoch': 4.59}
{'loss': 1.4148, 'learning_rate': 4.318472539685868e-05, 'epoch': 4.62}
{'loss': 1.4168, 'learning_rate': 4.313230020760376e-05, 'epoch': 4.65}
{'loss': 1.4079, 'learning_rate': 4.307987501834882e-05, 'epoch': 4.68}
{'loss': 1.4119, 'learning_rate': 4.302744982909389e-05, 'epoch': 4.71}
{'loss': 1.4116, 'learning_rate': 4.297502463983895e-05, 'epoch': 4.74}
{'loss': 1.4131, 'learning_rate': 4.292259945058402e-05, 'epoch': 4.78}
{'loss': 1.4042, 'learning_rate': 4.287017426132909e-05, 'epoch': 4.81}
{'loss': 1.405, 'learning_rate': 4.281774907207415e-05, 'epoch': 4.84}
{'loss': 1.4064, 'learning_rate': 4.276532388281922e-05, 'epoch': 4.87}
{'loss': 1.406, 'learning_rate': 4.271289869356428e-05, 'epoch': 4.9}
{'loss': 1.4007, 'learning_rate': 4.266047350430935e-05, 'epoch': 4.93}
{'loss': 1.4015, 'learning_rate': 4.260804831505442e-05, 'epoch': 4.96}
{'loss': 1.4035, 'learning_rate': 4.255562312579949e-05, 'epoch': 4.99}
{'loss': 1.3978, 'learning_rate': 4.250319793654455e-05, 'epoch': 5.02}
{'loss': 1.3956, 'learning_rate': 4.245077274728962e-05, 'epoch': 5.05}
{'loss': 1.3959, 'learning_rate': 4.239834755803468e-05, 'epoch': 5.08}
{'loss': 1.3973, 'learning_rate': 4.234592236877976e-05, 'epoch': 5.11}
{'loss': 1.3941, 'learning_rate': 4.229349717952482e-05, 'epoch': 5.15}
{'loss': 1.3958, 'learning_rate': 4.224107199026989e-05, 'epoch': 5.18}
{'loss': 1.3983, 'learning_rate': 4.218864680101495e-05, 'epoch': 5.21}
{'loss': 1.3884, 'learning_rate': 4.213622161176002e-05, 'epoch': 5.24}
{'loss': 1.3912, 'learning_rate': 4.208379642250509e-05, 'epoch': 5.27}
{'loss': 1.3919, 'learning_rate': 4.203137123325015e-05, 'epoch': 5.3}
{'loss': 1.3868, 'learning_rate': 4.197894604399522e-05, 'epoch': 5.33}
{'loss': 1.3897, 'learning_rate': 4.1926520854740284e-05, 'epoch': 5.36}
{'loss': 1.384, 'learning_rate': 4.187409566548535e-05, 'epoch': 5.39}
{'loss': 1.389, 'learning_rate': 4.182167047623042e-05, 'epoch': 5.42}
{'loss': 1.3818, 'learning_rate': 4.176924528697549e-05, 'epoch': 5.45}
{'loss': 1.3849, 'learning_rate': 4.171682009772055e-05, 'epoch': 5.48}
{'loss': 1.3833, 'learning_rate': 4.166439490846562e-05, 'epoch': 5.51}
{'loss': 1.377, 'learning_rate': 4.1611969719210684e-05, 'epoch': 5.55}
{'loss': 1.3831, 'learning_rate': 4.155954452995576e-05, 'epoch': 5.58}
{'loss': 1.3894, 'learning_rate': 4.150711934070082e-05, 'epoch': 5.61}
{'loss': 1.3853, 'learning_rate': 4.145469415144589e-05, 'epoch': 5.64}
{'loss': 1.3839, 'learning_rate': 4.140226896219095e-05, 'epoch': 5.67}
{'loss': 1.3795, 'learning_rate': 4.134984377293602e-05, 'epoch': 5.7}
{'loss': 1.379, 'learning_rate': 4.129741858368109e-05, 'epoch': 5.73}
{'loss': 1.3786, 'learning_rate': 4.1244993394426153e-05, 'epoch': 5.76}
{'loss': 1.3761, 'learning_rate': 4.119256820517122e-05, 'epoch': 5.79}
{'loss': 1.3793, 'learning_rate': 4.114014301591629e-05, 'epoch': 5.82}
{'loss': 1.3814, 'learning_rate': 4.1087717826661354e-05, 'epoch': 5.85}
{'loss': 1.3791, 'learning_rate': 4.103529263740642e-05, 'epoch': 5.88}
{'loss': 1.3804, 'learning_rate': 4.098286744815149e-05, 'epoch': 5.92}
{'loss': 1.3744, 'learning_rate': 4.0930442258896554e-05, 'epoch': 5.95}
{'loss': 1.3769, 'learning_rate': 4.087801706964162e-05, 'epoch': 5.98}
{'loss': 1.3754, 'learning_rate': 4.0825591880386685e-05, 'epoch': 6.01}
{'loss': 1.3684, 'learning_rate': 4.077316669113176e-05, 'epoch': 6.04}
{'loss': 1.3716, 'learning_rate': 4.072074150187682e-05, 'epoch': 6.07}
{'loss': 1.371, 'learning_rate': 4.066831631262189e-05, 'epoch': 6.1}
{'loss': 1.3683, 'learning_rate': 4.0615891123366954e-05, 'epoch': 6.13}
{'loss': 1.3668, 'learning_rate': 4.0563465934112023e-05, 'epoch': 6.16}
{'loss': 1.3646, 'learning_rate': 4.051104074485709e-05, 'epoch': 6.19}
{'loss': 1.3694, 'learning_rate': 4.045861555560216e-05, 'epoch': 6.22}
{'loss': 1.3734, 'learning_rate': 4.0406190366347224e-05, 'epoch': 6.25}
{'loss': 1.3647, 'learning_rate': 4.035376517709229e-05, 'epoch': 6.29}
{'loss': 1.3678, 'learning_rate': 4.0301339987837355e-05, 'epoch': 6.32}
{'loss': 1.3656, 'learning_rate': 4.0248914798582424e-05, 'epoch': 6.35}
{'loss': 1.3644, 'learning_rate': 4.019648960932749e-05, 'epoch': 6.38}
{'loss': 1.3636, 'learning_rate': 4.0144064420072555e-05, 'epoch': 6.41}
{'loss': 1.3593, 'learning_rate': 4.0091639230817624e-05, 'epoch': 6.44}
{'loss': 1.3597, 'learning_rate': 4.0039214041562686e-05, 'epoch': 6.47}
{'loss': 1.3662, 'learning_rate': 3.998678885230776e-05, 'epoch': 6.5}
{'loss': 1.3594, 'learning_rate': 3.9934363663052824e-05, 'epoch': 6.53}
{'loss': 1.3574, 'learning_rate': 3.9881938473797893e-05, 'epoch': 6.56}
{'loss': 1.3601, 'learning_rate': 3.9829513284542956e-05, 'epoch': 6.59}
{'loss': 1.3629, 'learning_rate': 3.9777088095288025e-05, 'epoch': 6.62}
{'loss': 1.3598, 'learning_rate': 3.9724662906033094e-05, 'epoch': 6.65}
{'loss': 1.3582, 'learning_rate': 3.967223771677816e-05, 'epoch': 6.69}
{'loss': 1.3621, 'learning_rate': 3.9619812527523225e-05, 'epoch': 6.72}
{'loss': 1.3636, 'learning_rate': 3.9567387338268294e-05, 'epoch': 6.75}
{'loss': 1.3529, 'learning_rate': 3.951496214901336e-05, 'epoch': 6.78}
{'loss': 1.3502, 'learning_rate': 3.9462536959758425e-05, 'epoch': 6.81}
{'loss': 1.3561, 'learning_rate': 3.9410111770503494e-05, 'epoch': 6.84}
{'loss': 1.349, 'learning_rate': 3.9357686581248556e-05, 'epoch': 6.87}
{'loss': 1.3511, 'learning_rate': 3.9305261391993625e-05, 'epoch': 6.9}
{'loss': 1.3507, 'learning_rate': 3.9252836202738694e-05, 'epoch': 6.93}
{'loss': 1.3534, 'learning_rate': 3.920041101348376e-05, 'epoch': 6.96}
{'loss': 1.3493, 'learning_rate': 3.9147985824228826e-05, 'epoch': 6.99}
{'loss': 1.3502, 'learning_rate': 3.9095560634973895e-05, 'epoch': 7.02}
{'loss': 1.3508, 'learning_rate': 3.904313544571896e-05, 'epoch': 7.06}
{'loss': 1.3484, 'learning_rate': 3.899071025646403e-05, 'epoch': 7.09}
{'loss': 1.3421, 'learning_rate': 3.8938285067209095e-05, 'epoch': 7.12}
{'loss': 1.3469, 'learning_rate': 3.8885859877954164e-05, 'epoch': 7.15}
{'loss': 1.3412, 'learning_rate': 3.8833434688699226e-05, 'epoch': 7.18}
{'loss': 1.3503, 'learning_rate': 3.8781009499444295e-05, 'epoch': 7.21}
{'loss': 1.3475, 'learning_rate': 3.8728584310189364e-05, 'epoch': 7.24}
{'loss': 1.3402, 'learning_rate': 3.867615912093443e-05, 'epoch': 7.27}
{'loss': 1.3441, 'learning_rate': 3.8623733931679495e-05, 'epoch': 7.3}
{'loss': 1.3409, 'learning_rate': 3.8571308742424564e-05, 'epoch': 7.33}
{'loss': 1.346, 'learning_rate': 3.8518883553169627e-05, 'epoch': 7.36}
{'loss': 1.3415, 'learning_rate': 3.8466458363914696e-05, 'epoch': 7.39}
{'loss': 1.3438, 'learning_rate': 3.8414033174659765e-05, 'epoch': 7.42}
{'loss': 1.3401, 'learning_rate': 3.836160798540483e-05, 'epoch': 7.46}
{'loss': 1.337, 'learning_rate': 3.8309182796149896e-05, 'epoch': 7.49}
{'loss': 1.345, 'learning_rate': 3.825675760689496e-05, 'epoch': 7.52}
{'loss': 1.3391, 'learning_rate': 3.8204332417640034e-05, 'epoch': 7.55}
{'loss': 1.3452, 'learning_rate': 3.8151907228385096e-05, 'epoch': 7.58}
{'loss': 1.345, 'learning_rate': 3.8099482039130165e-05, 'epoch': 7.61}
{'loss': 1.3401, 'learning_rate': 3.804705684987523e-05, 'epoch': 7.64}
{'loss': 1.3351, 'learning_rate': 3.7994631660620296e-05, 'epoch': 7.67}
{'loss': 1.3388, 'learning_rate': 3.7942206471365365e-05, 'epoch': 7.7}
{'loss': 1.3352, 'learning_rate': 3.7889781282110434e-05, 'epoch': 7.73}
{'loss': 1.3325, 'learning_rate': 3.7837356092855497e-05, 'epoch': 7.76}
{'loss': 1.339, 'learning_rate': 3.7784930903600566e-05, 'epoch': 7.79}
{'loss': 1.337, 'learning_rate': 3.773250571434563e-05, 'epoch': 7.83}
{'loss': 1.3357, 'learning_rate': 3.76800805250907e-05, 'epoch': 7.86}
{'loss': 1.3397, 'learning_rate': 3.7627655335835766e-05, 'epoch': 7.89}
{'loss': 1.3325, 'learning_rate': 3.757523014658083e-05, 'epoch': 7.92}
{'loss': 1.3304, 'learning_rate': 3.75228049573259e-05, 'epoch': 7.95}
{'loss': 1.3319, 'learning_rate': 3.747037976807096e-05, 'epoch': 7.98}
{'loss': 1.3354, 'learning_rate': 3.7417954578816035e-05, 'epoch': 8.01}
{'loss': 1.3264, 'learning_rate': 3.73655293895611e-05, 'epoch': 8.04}
{'loss': 1.3318, 'learning_rate': 3.7313104200306166e-05, 'epoch': 8.07}
{'loss': 1.3246, 'learning_rate': 3.726067901105123e-05, 'epoch': 8.1}
{'loss': 1.323, 'learning_rate': 3.72082538217963e-05, 'epoch': 8.13}
{'loss': 1.3278, 'learning_rate': 3.7155828632541366e-05, 'epoch': 8.16}
{'loss': 1.3192, 'learning_rate': 3.7103403443286435e-05, 'epoch': 8.2}
{'loss': 1.3242, 'learning_rate': 3.70509782540315e-05, 'epoch': 8.23}
{'loss': 1.3236, 'learning_rate': 3.699855306477657e-05, 'epoch': 8.26}
{'loss': 1.3306, 'learning_rate': 3.694612787552163e-05, 'epoch': 8.29}
{'loss': 1.3232, 'learning_rate': 3.68937026862667e-05, 'epoch': 8.32}
{'loss': 1.3231, 'learning_rate': 3.684127749701177e-05, 'epoch': 8.35}
{'loss': 1.3261, 'learning_rate': 3.6788852307756836e-05, 'epoch': 8.38}
{'loss': 1.3234, 'learning_rate': 3.67364271185019e-05, 'epoch': 8.41}
{'loss': 1.327, 'learning_rate': 3.668400192924697e-05, 'epoch': 8.44}
{'loss': 1.3216, 'learning_rate': 3.6631576739992036e-05, 'epoch': 8.47}
{'loss': 1.3194, 'learning_rate': 3.65791515507371e-05, 'epoch': 8.5}
{'loss': 1.3234, 'learning_rate': 3.652672636148217e-05, 'epoch': 8.53}
{'loss': 1.3258, 'learning_rate': 3.647430117222723e-05, 'epoch': 8.56}
{'loss': 1.3248, 'learning_rate': 3.64218759829723e-05, 'epoch': 8.6}
{'loss': 1.3183, 'learning_rate': 3.636945079371737e-05, 'epoch': 8.63}
{'loss': 1.3196, 'learning_rate': 3.631702560446244e-05, 'epoch': 8.66}
{'loss': 1.3244, 'learning_rate': 3.62646004152075e-05, 'epoch': 8.69}
{'loss': 1.3179, 'learning_rate': 3.621217522595257e-05, 'epoch': 8.72}
{'loss': 1.3176, 'learning_rate': 3.615975003669763e-05, 'epoch': 8.75}
{'loss': 1.3226, 'learning_rate': 3.6107324847442706e-05, 'epoch': 8.78}
{'loss': 1.322, 'learning_rate': 3.605489965818777e-05, 'epoch': 8.81}
{'loss': 1.3197, 'learning_rate': 3.600247446893284e-05, 'epoch': 8.84}
{'loss': 1.3179, 'learning_rate': 3.59500492796779e-05, 'epoch': 8.87}
{'loss': 1.3196, 'learning_rate': 3.589762409042297e-05, 'epoch': 8.9}
{'loss': 1.3214, 'learning_rate': 3.584519890116804e-05, 'epoch': 8.93}
{'loss': 1.3247, 'learning_rate': 3.57927737119131e-05, 'epoch': 8.97}
{'loss': 1.3176, 'learning_rate': 3.574034852265817e-05, 'epoch': 9.0}
{'loss': 1.3109, 'learning_rate': 3.568792333340323e-05, 'epoch': 9.03}
{'loss': 1.3169, 'learning_rate': 3.56354981441483e-05, 'epoch': 9.06}
{'loss': 1.3057, 'learning_rate': 3.558307295489337e-05, 'epoch': 9.09}
{'loss': 1.3089, 'learning_rate': 3.553064776563844e-05, 'epoch': 9.12}
{'loss': 1.316, 'learning_rate': 3.54782225763835e-05, 'epoch': 9.15}
{'loss': 1.3122, 'learning_rate': 3.542579738712857e-05, 'epoch': 9.18}
{'loss': 1.3085, 'learning_rate': 3.537337219787364e-05, 'epoch': 9.21}
{'loss': 1.3063, 'learning_rate': 3.532094700861871e-05, 'epoch': 9.24}
{'loss': 1.3103, 'learning_rate': 3.526852181936377e-05, 'epoch': 9.27}
{'loss': 1.3112, 'learning_rate': 3.521609663010884e-05, 'epoch': 9.3}
{'loss': 1.3165, 'learning_rate': 3.51636714408539e-05, 'epoch': 9.34}
{'loss': 1.3037, 'learning_rate': 3.511124625159897e-05, 'epoch': 9.37}
{'loss': 1.3106, 'learning_rate': 3.505882106234404e-05, 'epoch': 9.4}
{'loss': 1.3066, 'learning_rate': 3.50063958730891e-05, 'epoch': 9.43}
{'loss': 1.3042, 'learning_rate': 3.495397068383417e-05, 'epoch': 9.46}
{'loss': 1.3115, 'learning_rate': 3.490154549457923e-05, 'epoch': 9.49}
{'loss': 1.31, 'learning_rate': 3.484912030532431e-05, 'epoch': 9.52}
{'loss': 1.3076, 'learning_rate': 3.479669511606937e-05, 'epoch': 9.55}
{'loss': 1.305, 'learning_rate': 3.474426992681444e-05, 'epoch': 9.58}
{'loss': 1.3049, 'learning_rate': 3.46918447375595e-05, 'epoch': 9.61}
{'loss': 1.308, 'learning_rate': 3.463941954830457e-05, 'epoch': 9.64}
{'loss': 1.3005, 'learning_rate': 3.458699435904964e-05, 'epoch': 9.67}
{'loss': 1.3107, 'learning_rate': 3.453456916979471e-05, 'epoch': 9.7}
{'loss': 1.3011, 'learning_rate': 3.448214398053977e-05, 'epoch': 9.74}
{'loss': 1.2964, 'learning_rate': 3.442971879128484e-05, 'epoch': 9.77}
{'loss': 1.3067, 'learning_rate': 3.43772936020299e-05, 'epoch': 9.8}
{'loss': 1.307, 'learning_rate': 3.432486841277498e-05, 'epoch': 9.83}
{'loss': 1.3034, 'learning_rate': 3.427244322352004e-05, 'epoch': 9.86}
{'loss': 1.3053, 'learning_rate': 3.422001803426511e-05, 'epoch': 9.89}
{'loss': 1.3055, 'learning_rate': 3.416759284501017e-05, 'epoch': 9.92}
{'loss': 1.3021, 'learning_rate': 3.411516765575524e-05, 'epoch': 9.95}
{'loss': 1.2984, 'learning_rate': 3.406274246650031e-05, 'epoch': 9.98}
{'loss': 1.2973, 'learning_rate': 3.401031727724537e-05, 'epoch': 10.01}
{'loss': 1.2987, 'learning_rate': 3.395789208799044e-05, 'epoch': 10.04}
{'loss': 1.302, 'learning_rate': 3.39054668987355e-05, 'epoch': 10.07}
{'loss': 1.2955, 'learning_rate': 3.385304170948057e-05, 'epoch': 10.11}
{'loss': 1.2937, 'learning_rate': 3.380061652022564e-05, 'epoch': 10.14}
{'loss': 1.291, 'learning_rate': 3.374819133097071e-05, 'epoch': 10.17}
{'loss': 1.2931, 'learning_rate': 3.369576614171577e-05, 'epoch': 10.2}
{'loss': 1.2954, 'learning_rate': 3.364334095246084e-05, 'epoch': 10.23}
{'loss': 1.2983, 'learning_rate': 3.35909157632059e-05, 'epoch': 10.26}
{'loss': 1.2942, 'learning_rate': 3.353849057395098e-05, 'epoch': 10.29}
{'loss': 1.2987, 'learning_rate': 3.348606538469604e-05, 'epoch': 10.32}
{'loss': 1.298, 'learning_rate': 3.343364019544111e-05, 'epoch': 10.35}
{'loss': 1.2957, 'learning_rate': 3.338121500618617e-05, 'epoch': 10.38}
{'loss': 1.2913, 'learning_rate': 3.332878981693124e-05, 'epoch': 10.41}
{'loss': 1.2931, 'learning_rate': 3.327636462767631e-05, 'epoch': 10.44}
{'loss': 1.3014, 'learning_rate': 3.322393943842137e-05, 'epoch': 10.48}
{'loss': 1.2916, 'learning_rate': 3.317151424916644e-05, 'epoch': 10.51}
{'loss': 1.2925, 'learning_rate': 3.3119089059911504e-05, 'epoch': 10.54}
{'loss': 1.2956, 'learning_rate': 3.306666387065657e-05, 'epoch': 10.57}
{'loss': 1.2954, 'learning_rate': 3.301423868140164e-05, 'epoch': 10.6}
{'loss': 1.2911, 'learning_rate': 3.296181349214671e-05, 'epoch': 10.63}
{'loss': 1.2918, 'learning_rate': 3.290938830289177e-05, 'epoch': 10.66}
{'loss': 1.2928, 'learning_rate': 3.285696311363684e-05, 'epoch': 10.69}
{'loss': 1.2857, 'learning_rate': 3.2804537924381904e-05, 'epoch': 10.72}
{'loss': 1.29, 'learning_rate': 3.275211273512698e-05, 'epoch': 10.75}
{'loss': 1.2924, 'learning_rate': 3.269968754587204e-05, 'epoch': 10.78}
{'loss': 1.296, 'learning_rate': 3.264726235661711e-05, 'epoch': 10.81}
{'loss': 1.2901, 'learning_rate': 3.259483716736217e-05, 'epoch': 10.84}
{'loss': 1.2893, 'learning_rate': 3.254241197810724e-05, 'epoch': 10.88}
{'loss': 1.2881, 'learning_rate': 3.248998678885231e-05, 'epoch': 10.91}
{'loss': 1.2926, 'learning_rate': 3.2437561599597374e-05, 'epoch': 10.94}
{'loss': 1.2908, 'learning_rate': 3.238513641034244e-05, 'epoch': 10.97}
{'loss': 1.2783, 'learning_rate': 3.233271122108751e-05, 'epoch': 11.0}
{'loss': 1.2838, 'learning_rate': 3.2280286031832574e-05, 'epoch': 11.03}
{'loss': 1.2877, 'learning_rate': 3.222786084257764e-05, 'epoch': 11.06}
{'loss': 1.278, 'learning_rate': 3.217543565332271e-05, 'epoch': 11.09}
{'loss': 1.2793, 'learning_rate': 3.2123010464067774e-05, 'epoch': 11.12}
{'loss': 1.2788, 'learning_rate': 3.207058527481284e-05, 'epoch': 11.15}
{'loss': 1.2822, 'learning_rate': 3.2018160085557905e-05, 'epoch': 11.18}
{'loss': 1.279, 'learning_rate': 3.196573489630298e-05, 'epoch': 11.21}
{'loss': 1.2813, 'learning_rate': 3.191330970704804e-05, 'epoch': 11.25}
{'loss': 1.2826, 'learning_rate': 3.186088451779311e-05, 'epoch': 11.28}
{'loss': 1.2789, 'learning_rate': 3.1808459328538175e-05, 'epoch': 11.31}
{'loss': 1.2845, 'learning_rate': 3.1756034139283244e-05, 'epoch': 11.34}
{'loss': 1.2844, 'learning_rate': 3.170360895002831e-05, 'epoch': 11.37}
{'loss': 1.2789, 'learning_rate': 3.165118376077338e-05, 'epoch': 11.4}
{'loss': 1.2845, 'learning_rate': 3.1598758571518444e-05, 'epoch': 11.43}
{'loss': 1.2781, 'learning_rate': 3.154633338226351e-05, 'epoch': 11.46}
{'loss': 1.2789, 'learning_rate': 3.1493908193008575e-05, 'epoch': 11.49}
{'loss': 1.2816, 'learning_rate': 3.1441483003753644e-05, 'epoch': 11.52}
{'loss': 1.2823, 'learning_rate': 3.138905781449871e-05, 'epoch': 11.55}
{'loss': 1.2782, 'learning_rate': 3.1336632625243775e-05, 'epoch': 11.58}
{'loss': 1.2825, 'learning_rate': 3.1284207435988844e-05, 'epoch': 11.62}
{'loss': 1.2761, 'learning_rate': 3.123178224673391e-05, 'epoch': 11.65}
{'loss': 1.2791, 'learning_rate': 3.117935705747898e-05, 'epoch': 11.68}
{'loss': 1.2788, 'learning_rate': 3.1126931868224045e-05, 'epoch': 11.71}
{'loss': 1.2807, 'learning_rate': 3.1074506678969114e-05, 'epoch': 11.74}
{'loss': 1.2842, 'learning_rate': 3.1022081489714176e-05, 'epoch': 11.77}
{'loss': 1.2787, 'learning_rate': 3.096965630045925e-05, 'epoch': 11.8}
{'loss': 1.285, 'learning_rate': 3.0917231111204314e-05, 'epoch': 11.83}
{'loss': 1.277, 'learning_rate': 3.086480592194938e-05, 'epoch': 11.86}
{'loss': 1.2782, 'learning_rate': 3.0812380732694445e-05, 'epoch': 11.89}
{'loss': 1.2783, 'learning_rate': 3.0759955543439514e-05, 'epoch': 11.92}
{'loss': 1.2784, 'learning_rate': 3.070753035418458e-05, 'epoch': 11.95}
{'loss': 1.2767, 'learning_rate': 3.0655105164929645e-05, 'epoch': 11.98}
{'loss': 1.2769, 'learning_rate': 3.0602679975674714e-05, 'epoch': 12.02}
{'loss': 1.2716, 'learning_rate': 3.0550254786419776e-05, 'epoch': 12.05}
{'loss': 1.273, 'learning_rate': 3.0497829597164845e-05, 'epoch': 12.08}
{'loss': 1.2755, 'learning_rate': 3.0445404407909918e-05, 'epoch': 12.11}
{'loss': 1.2689, 'learning_rate': 3.0392979218654983e-05, 'epoch': 12.14}
{'loss': 1.2714, 'learning_rate': 3.034055402940005e-05, 'epoch': 12.17}
{'loss': 1.2721, 'learning_rate': 3.0288128840145115e-05, 'epoch': 12.2}
{'loss': 1.2703, 'learning_rate': 3.023570365089018e-05, 'epoch': 12.23}
{'loss': 1.2683, 'learning_rate': 3.018327846163525e-05, 'epoch': 12.26}
{'loss': 1.2747, 'learning_rate': 3.0130853272380315e-05, 'epoch': 12.29}
{'loss': 1.2683, 'learning_rate': 3.007842808312538e-05, 'epoch': 12.32}
{'loss': 1.2719, 'learning_rate': 3.0026002893870446e-05, 'epoch': 12.35}
{'loss': 1.2631, 'learning_rate': 2.9973577704615512e-05, 'epoch': 12.39}
{'loss': 1.2707, 'learning_rate': 2.9921152515360584e-05, 'epoch': 12.42}
{'loss': 1.2708, 'learning_rate': 2.986872732610565e-05, 'epoch': 12.45}
{'loss': 1.2726, 'learning_rate': 2.9816302136850715e-05, 'epoch': 12.48}
{'loss': 1.2706, 'learning_rate': 2.976387694759578e-05, 'epoch': 12.51}
{'loss': 1.2693, 'learning_rate': 2.9711451758340847e-05, 'epoch': 12.54}
{'loss': 1.2703, 'learning_rate': 2.965902656908592e-05, 'epoch': 12.57}
{'loss': 1.2724, 'learning_rate': 2.9606601379830985e-05, 'epoch': 12.6}
{'loss': 1.2651, 'learning_rate': 2.955417619057605e-05, 'epoch': 12.63}
{'loss': 1.27, 'learning_rate': 2.9501751001321116e-05, 'epoch': 12.66}
{'loss': 1.2734, 'learning_rate': 2.944932581206618e-05, 'epoch': 12.69}
{'loss': 1.27, 'learning_rate': 2.939690062281125e-05, 'epoch': 12.72}
{'loss': 1.2654, 'learning_rate': 2.9344475433556316e-05, 'epoch': 12.75}
{'loss': 1.265, 'learning_rate': 2.9292050244301382e-05, 'epoch': 12.79}
{'loss': 1.2667, 'learning_rate': 2.9239625055046447e-05, 'epoch': 12.82}
{'loss': 1.2653, 'learning_rate': 2.9187199865791513e-05, 'epoch': 12.85}
{'loss': 1.2639, 'learning_rate': 2.9134774676536585e-05, 'epoch': 12.88}
{'loss': 1.2703, 'learning_rate': 2.908234948728165e-05, 'epoch': 12.91}
{'loss': 1.2684, 'learning_rate': 2.9029924298026717e-05, 'epoch': 12.94}
{'loss': 1.2669, 'learning_rate': 2.8977499108771782e-05, 'epoch': 12.97}
{'loss': 1.2718, 'learning_rate': 2.8925073919516848e-05, 'epoch': 13.0}
{'loss': 1.26, 'learning_rate': 2.887264873026192e-05, 'epoch': 13.03}
{'loss': 1.2665, 'learning_rate': 2.8820223541006986e-05, 'epoch': 13.06}
{'loss': 1.2583, 'learning_rate': 2.876779835175205e-05, 'epoch': 13.09}
{'loss': 1.2589, 'learning_rate': 2.8715373162497117e-05, 'epoch': 13.12}
{'loss': 1.2645, 'learning_rate': 2.8662947973242183e-05, 'epoch': 13.16}
{'loss': 1.2575, 'learning_rate': 2.8610522783987255e-05, 'epoch': 13.19}
{'loss': 1.264, 'learning_rate': 2.855809759473232e-05, 'epoch': 13.22}
{'loss': 1.2602, 'learning_rate': 2.8505672405477386e-05, 'epoch': 13.25}
{'loss': 1.2558, 'learning_rate': 2.8453247216222452e-05, 'epoch': 13.28}
{'loss': 1.2541, 'learning_rate': 2.8400822026967518e-05, 'epoch': 13.31}
{'loss': 1.2629, 'learning_rate': 2.8348396837712587e-05, 'epoch': 13.34}
{'loss': 1.2589, 'learning_rate': 2.8295971648457652e-05, 'epoch': 13.37}
{'loss': 1.2605, 'learning_rate': 2.8243546459202718e-05, 'epoch': 13.4}
{'loss': 1.2603, 'learning_rate': 2.8191121269947783e-05, 'epoch': 13.43}
{'loss': 1.2601, 'learning_rate': 2.813869608069285e-05, 'epoch': 13.46}
{'loss': 1.2594, 'learning_rate': 2.808627089143792e-05, 'epoch': 13.49}
{'loss': 1.2523, 'learning_rate': 2.8033845702182987e-05, 'epoch': 13.53}
{'loss': 1.2558, 'learning_rate': 2.7981420512928053e-05, 'epoch': 13.56}
{'loss': 1.264, 'learning_rate': 2.7928995323673118e-05, 'epoch': 13.59}
{'loss': 1.2582, 'learning_rate': 2.7876570134418184e-05, 'epoch': 13.62}
{'loss': 1.2601, 'learning_rate': 2.7824144945163256e-05, 'epoch': 13.65}
{'loss': 1.257, 'learning_rate': 2.7771719755908322e-05, 'epoch': 13.68}
{'loss': 1.2629, 'learning_rate': 2.7719294566653388e-05, 'epoch': 13.71}
{'loss': 1.2577, 'learning_rate': 2.7666869377398453e-05, 'epoch': 13.74}
{'loss': 1.2616, 'learning_rate': 2.761444418814352e-05, 'epoch': 13.77}
{'loss': 1.2586, 'learning_rate': 2.7562018998888588e-05, 'epoch': 13.8}
{'loss': 1.2538, 'learning_rate': 2.7509593809633653e-05, 'epoch': 13.83}
{'loss': 1.2528, 'learning_rate': 2.745716862037872e-05, 'epoch': 13.86}
{'loss': 1.2552, 'learning_rate': 2.7404743431123785e-05, 'epoch': 13.89}
{'loss': 1.2558, 'learning_rate': 2.735231824186885e-05, 'epoch': 13.93}
{'loss': 1.2564, 'learning_rate': 2.7299893052613923e-05, 'epoch': 13.96}
{'loss': 1.2578, 'learning_rate': 2.7247467863358988e-05, 'epoch': 13.99}
{'loss': 1.2471, 'learning_rate': 2.7195042674104054e-05, 'epoch': 14.02}
{'loss': 1.2471, 'learning_rate': 2.714261748484912e-05, 'epoch': 14.05}
{'loss': 1.2541, 'learning_rate': 2.7090192295594192e-05, 'epoch': 14.08}
{'loss': 1.2543, 'learning_rate': 2.7037767106339257e-05, 'epoch': 14.11}
{'loss': 1.2521, 'learning_rate': 2.6985341917084323e-05, 'epoch': 14.14}
{'loss': 1.2514, 'learning_rate': 2.693291672782939e-05, 'epoch': 14.17}
{'loss': 1.2527, 'learning_rate': 2.6880491538574454e-05, 'epoch': 14.2}
{'loss': 1.251, 'learning_rate': 2.6828066349319523e-05, 'epoch': 14.23}
{'loss': 1.2475, 'learning_rate': 2.6775641160064592e-05, 'epoch': 14.26}
{'loss': 1.2478, 'learning_rate': 2.6723215970809658e-05, 'epoch': 14.3}
{'loss': 1.2474, 'learning_rate': 2.6670790781554724e-05, 'epoch': 14.33}
{'loss': 1.2542, 'learning_rate': 2.661836559229979e-05, 'epoch': 14.36}
{'loss': 1.2483, 'learning_rate': 2.6565940403044858e-05, 'epoch': 14.39}
{'loss': 1.2482, 'learning_rate': 2.6513515213789924e-05, 'epoch': 14.42}
{'loss': 1.2531, 'learning_rate': 2.646109002453499e-05, 'epoch': 14.45}
{'loss': 1.243, 'learning_rate': 2.6408664835280055e-05, 'epoch': 14.48}
{'loss': 1.249, 'learning_rate': 2.635623964602512e-05, 'epoch': 14.51}
{'loss': 1.2507, 'learning_rate': 2.6303814456770193e-05, 'epoch': 14.54}
{'loss': 1.2474, 'learning_rate': 2.625138926751526e-05, 'epoch': 14.57}
{'loss': 1.2478, 'learning_rate': 2.6198964078260324e-05, 'epoch': 14.6}
{'loss': 1.2413, 'learning_rate': 2.614653888900539e-05, 'epoch': 14.63}
{'loss': 1.2443, 'learning_rate': 2.6094113699750456e-05, 'epoch': 14.67}
{'loss': 1.2519, 'learning_rate': 2.6041688510495528e-05, 'epoch': 14.7}
{'loss': 1.2473, 'learning_rate': 2.5989263321240594e-05, 'epoch': 14.73}
{'loss': 1.2511, 'learning_rate': 2.593683813198566e-05, 'epoch': 14.76}
{'loss': 1.2481, 'learning_rate': 2.5884412942730725e-05, 'epoch': 14.79}
{'loss': 1.2487, 'learning_rate': 2.583198775347579e-05, 'epoch': 14.82}
{'loss': 1.2461, 'learning_rate': 2.577956256422086e-05, 'epoch': 14.85}
{'loss': 1.2474, 'learning_rate': 2.5727137374965925e-05, 'epoch': 14.88}
{'loss': 1.242, 'learning_rate': 2.567471218571099e-05, 'epoch': 14.91}
{'loss': 1.2451, 'learning_rate': 2.5622286996456056e-05, 'epoch': 14.94}
{'loss': 1.252, 'learning_rate': 2.5569861807201122e-05, 'epoch': 14.97}
{'loss': 1.2456, 'learning_rate': 2.5517436617946194e-05, 'epoch': 15.0}
{'loss': 1.2406, 'learning_rate': 2.546501142869126e-05, 'epoch': 15.03}
{'loss': 1.2415, 'learning_rate': 2.5412586239436325e-05, 'epoch': 15.07}
{'loss': 1.2391, 'learning_rate': 2.536016105018139e-05, 'epoch': 15.1}
{'loss': 1.2441, 'learning_rate': 2.5307735860926457e-05, 'epoch': 15.13}
{'loss': 1.2487, 'learning_rate': 2.525531067167153e-05, 'epoch': 15.16}
{'loss': 1.2424, 'learning_rate': 2.5202885482416595e-05, 'epoch': 15.19}
{'loss': 1.2455, 'learning_rate': 2.515046029316166e-05, 'epoch': 15.22}
{'loss': 1.2422, 'learning_rate': 2.5098035103906726e-05, 'epoch': 15.25}
{'loss': 1.2415, 'learning_rate': 2.504560991465179e-05, 'epoch': 15.28}
{'loss': 1.2386, 'learning_rate': 2.499318472539686e-05, 'epoch': 15.31}
{'loss': 1.24, 'learning_rate': 2.4940759536141926e-05, 'epoch': 15.34}
{'loss': 1.2383, 'learning_rate': 2.4888334346886992e-05, 'epoch': 15.37}
{'loss': 1.2363, 'learning_rate': 2.4835909157632057e-05, 'epoch': 15.4}
{'loss': 1.24, 'learning_rate': 2.4783483968377126e-05, 'epoch': 15.44}
{'loss': 1.2422, 'learning_rate': 2.4731058779122192e-05, 'epoch': 15.47}
{'loss': 1.2361, 'learning_rate': 2.467863358986726e-05, 'epoch': 15.5}
{'loss': 1.237, 'learning_rate': 2.4626208400612327e-05, 'epoch': 15.53}
{'loss': 1.2345, 'learning_rate': 2.4573783211357392e-05, 'epoch': 15.56}
{'loss': 1.2389, 'learning_rate': 2.452135802210246e-05, 'epoch': 15.59}
{'loss': 1.2428, 'learning_rate': 2.4468932832847527e-05, 'epoch': 15.62}
{'loss': 1.2427, 'learning_rate': 2.4416507643592596e-05, 'epoch': 15.65}
{'loss': 1.2356, 'learning_rate': 2.436408245433766e-05, 'epoch': 15.68}
{'loss': 1.2364, 'learning_rate': 2.4311657265082727e-05, 'epoch': 15.71}
{'loss': 1.2406, 'learning_rate': 2.4259232075827796e-05, 'epoch': 15.74}
{'loss': 1.2441, 'learning_rate': 2.4206806886572862e-05, 'epoch': 15.77}
{'loss': 1.24, 'learning_rate': 2.415438169731793e-05, 'epoch': 15.81}
{'loss': 1.2402, 'learning_rate': 2.4101956508062996e-05, 'epoch': 15.84}
{'loss': 1.2345, 'learning_rate': 2.4049531318808062e-05, 'epoch': 15.87}
{'loss': 1.2358, 'learning_rate': 2.3997106129553128e-05, 'epoch': 15.9}
{'loss': 1.2341, 'learning_rate': 2.3944680940298193e-05, 'epoch': 15.93}
{'loss': 1.2385, 'learning_rate': 2.3892255751043262e-05, 'epoch': 15.96}
{'loss': 1.2459, 'learning_rate': 2.3839830561788328e-05, 'epoch': 15.99}
{'loss': 1.2361, 'learning_rate': 2.3787405372533397e-05, 'epoch': 16.02}
{'loss': 1.2335, 'learning_rate': 2.3734980183278462e-05, 'epoch': 16.05}
{'loss': 1.2378, 'learning_rate': 2.3682554994023528e-05, 'epoch': 16.08}
{'loss': 1.2428, 'learning_rate': 2.3630129804768597e-05, 'epoch': 16.11}
{'loss': 1.23, 'learning_rate': 2.3577704615513663e-05, 'epoch': 16.14}
{'loss': 1.2344, 'learning_rate': 2.3525279426258732e-05, 'epoch': 16.17}
{'loss': 1.228, 'learning_rate': 2.3472854237003797e-05, 'epoch': 16.21}
{'loss': 1.2316, 'learning_rate': 2.3420429047748863e-05, 'epoch': 16.24}
{'loss': 1.2326, 'learning_rate': 2.3368003858493932e-05, 'epoch': 16.27}
{'loss': 1.2275, 'learning_rate': 2.3315578669238998e-05, 'epoch': 16.3}
{'loss': 1.2376, 'learning_rate': 2.3263153479984067e-05, 'epoch': 16.33}
{'loss': 1.2297, 'learning_rate': 2.3210728290729132e-05, 'epoch': 16.36}
{'loss': 1.2385, 'learning_rate': 2.3158303101474198e-05, 'epoch': 16.39}
{'loss': 1.2268, 'learning_rate': 2.3105877912219263e-05, 'epoch': 16.42}
{'loss': 1.2317, 'learning_rate': 2.305345272296433e-05, 'epoch': 16.45}
{'loss': 1.2319, 'learning_rate': 2.3001027533709398e-05, 'epoch': 16.48}
{'loss': 1.2326, 'learning_rate': 2.2948602344454464e-05, 'epoch': 16.51}
{'loss': 1.2349, 'learning_rate': 2.289617715519953e-05, 'epoch': 16.54}
{'loss': 1.2286, 'learning_rate': 2.2843751965944598e-05, 'epoch': 16.58}
{'loss': 1.2338, 'learning_rate': 2.2791326776689664e-05, 'epoch': 16.61}
{'loss': 1.2241, 'learning_rate': 2.2738901587434733e-05, 'epoch': 16.64}
{'loss': 1.2331, 'learning_rate': 2.26864763981798e-05, 'epoch': 16.67}
{'loss': 1.2323, 'learning_rate': 2.2634051208924864e-05, 'epoch': 16.7}
{'loss': 1.2277, 'learning_rate': 2.2581626019669933e-05, 'epoch': 16.73}
{'loss': 1.2322, 'learning_rate': 2.2529200830415e-05, 'epoch': 16.76}
{'loss': 1.2354, 'learning_rate': 2.2476775641160068e-05, 'epoch': 16.79}
{'loss': 1.2313, 'learning_rate': 2.2424350451905133e-05, 'epoch': 16.82}
{'loss': 1.2279, 'learning_rate': 2.23719252626502e-05, 'epoch': 16.85}
{'loss': 1.231, 'learning_rate': 2.2319500073395268e-05, 'epoch': 16.88}
{'loss': 1.232, 'learning_rate': 2.2267074884140334e-05, 'epoch': 16.91}
{'loss': 1.2309, 'learning_rate': 2.22146496948854e-05, 'epoch': 16.94}
{'loss': 1.2289, 'learning_rate': 2.2162224505630465e-05, 'epoch': 16.98}
{'loss': 1.2314, 'learning_rate': 2.210979931637553e-05, 'epoch': 17.01}
{'loss': 1.2218, 'learning_rate': 2.20573741271206e-05, 'epoch': 17.04}
{'loss': 1.2271, 'learning_rate': 2.2004948937865665e-05, 'epoch': 17.07}
{'loss': 1.2235, 'learning_rate': 2.1952523748610734e-05, 'epoch': 17.1}
{'loss': 1.2237, 'learning_rate': 2.19000985593558e-05, 'epoch': 17.13}
{'loss': 1.223, 'learning_rate': 2.184767337010087e-05, 'epoch': 17.16}
{'loss': 1.2186, 'learning_rate': 2.1795248180845934e-05, 'epoch': 17.19}
{'loss': 1.2212, 'learning_rate': 2.1742822991591e-05, 'epoch': 17.22}
{'loss': 1.2216, 'learning_rate': 2.169039780233607e-05, 'epoch': 17.25}
{'loss': 1.2259, 'learning_rate': 2.1637972613081135e-05, 'epoch': 17.28}
{'loss': 1.2225, 'learning_rate': 2.1585547423826204e-05, 'epoch': 17.31}
{'loss': 1.2282, 'learning_rate': 2.153312223457127e-05, 'epoch': 17.35}
{'loss': 1.2209, 'learning_rate': 2.1480697045316335e-05, 'epoch': 17.38}
{'loss': 1.222, 'learning_rate': 2.14282718560614e-05, 'epoch': 17.41}
{'loss': 1.2296, 'learning_rate': 2.137584666680647e-05, 'epoch': 17.44}
{'loss': 1.2204, 'learning_rate': 2.1323421477551535e-05, 'epoch': 17.47}
{'loss': 1.2217, 'learning_rate': 2.12709962882966e-05, 'epoch': 17.5}
{'loss': 1.2246, 'learning_rate': 2.1218571099041666e-05, 'epoch': 17.53}
{'loss': 1.2219, 'learning_rate': 2.1166145909786735e-05, 'epoch': 17.56}
{'loss': 1.2211, 'learning_rate': 2.11137207205318e-05, 'epoch': 17.59}
{'loss': 1.2213, 'learning_rate': 2.106129553127687e-05, 'epoch': 17.62}
{'loss': 1.224, 'learning_rate': 2.1008870342021936e-05, 'epoch': 17.65}
{'loss': 1.2235, 'learning_rate': 2.0956445152767e-05, 'epoch': 17.68}
{'loss': 1.222, 'learning_rate': 2.090401996351207e-05, 'epoch': 17.72}
{'loss': 1.2255, 'learning_rate': 2.0851594774257136e-05, 'epoch': 17.75}
{'loss': 1.223, 'learning_rate': 2.0799169585002205e-05, 'epoch': 17.78}
{'loss': 1.2217, 'learning_rate': 2.074674439574727e-05, 'epoch': 17.81}
{'loss': 1.2221, 'learning_rate': 2.0694319206492336e-05, 'epoch': 17.84}
{'loss': 1.2218, 'learning_rate': 2.0641894017237405e-05, 'epoch': 17.87}
{'loss': 1.2248, 'learning_rate': 2.058946882798247e-05, 'epoch': 17.9}
{'loss': 1.2278, 'learning_rate': 2.0537043638727536e-05, 'epoch': 17.93}
{'loss': 1.2237, 'learning_rate': 2.0484618449472602e-05, 'epoch': 17.96}
{'loss': 1.2205, 'learning_rate': 2.0432193260217667e-05, 'epoch': 17.99}
{'loss': 1.2184, 'learning_rate': 2.0379768070962736e-05, 'epoch': 18.02}
{'loss': 1.2145, 'learning_rate': 2.0327342881707802e-05, 'epoch': 18.05}
{'loss': 1.215, 'learning_rate': 2.027491769245287e-05, 'epoch': 18.08}
{'loss': 1.2162, 'learning_rate': 2.0222492503197937e-05, 'epoch': 18.12}
{'loss': 1.2234, 'learning_rate': 2.0170067313943002e-05, 'epoch': 18.15}
{'loss': 1.2213, 'learning_rate': 2.011764212468807e-05, 'epoch': 18.18}
{'loss': 1.2109, 'learning_rate': 2.0065216935433137e-05, 'epoch': 18.21}
{'loss': 1.2131, 'learning_rate': 2.0012791746178206e-05, 'epoch': 18.24}
{'loss': 1.2152, 'learning_rate': 1.996036655692327e-05, 'epoch': 18.27}
{'loss': 1.2141, 'learning_rate': 1.990794136766834e-05, 'epoch': 18.3}
{'loss': 1.2142, 'learning_rate': 1.9855516178413406e-05, 'epoch': 18.33}
{'loss': 1.2208, 'learning_rate': 1.9803090989158472e-05, 'epoch': 18.36}
{'loss': 1.2253, 'learning_rate': 1.975066579990354e-05, 'epoch': 18.39}
{'loss': 1.214, 'learning_rate': 1.9698240610648606e-05, 'epoch': 18.42}
{'loss': 1.215, 'learning_rate': 1.9645815421393672e-05, 'epoch': 18.45}
{'loss': 1.216, 'learning_rate': 1.9593390232138738e-05, 'epoch': 18.49}
{'loss': 1.2085, 'learning_rate': 1.9540965042883803e-05, 'epoch': 18.52}
{'loss': 1.2179, 'learning_rate': 1.9488539853628872e-05, 'epoch': 18.55}
{'loss': 1.2194, 'learning_rate': 1.9436114664373938e-05, 'epoch': 18.58}
{'loss': 1.2186, 'learning_rate': 1.9383689475119007e-05, 'epoch': 18.61}
{'loss': 1.2129, 'learning_rate': 1.9331264285864073e-05, 'epoch': 18.64}
{'loss': 1.221, 'learning_rate': 1.9278839096609138e-05, 'epoch': 18.67}
{'loss': 1.2175, 'learning_rate': 1.9226413907354207e-05, 'epoch': 18.7}
{'loss': 1.2167, 'learning_rate': 1.9173988718099273e-05, 'epoch': 18.73}
{'loss': 1.2142, 'learning_rate': 1.9121563528844342e-05, 'epoch': 18.76}
{'loss': 1.2183, 'learning_rate': 1.9069138339589407e-05, 'epoch': 18.79}
{'loss': 1.2143, 'learning_rate': 1.9016713150334473e-05, 'epoch': 18.82}
{'loss': 1.2133, 'learning_rate': 1.8964287961079542e-05, 'epoch': 18.86}
{'loss': 1.215, 'learning_rate': 1.8911862771824608e-05, 'epoch': 18.89}
{'loss': 1.2173, 'learning_rate': 1.8859437582569677e-05, 'epoch': 18.92}
{'loss': 1.2112, 'learning_rate': 1.8807012393314742e-05, 'epoch': 18.95}
{'loss': 1.2147, 'learning_rate': 1.8754587204059808e-05, 'epoch': 18.98}
{'loss': 1.2176, 'learning_rate': 1.8702162014804873e-05, 'epoch': 19.01}
{'loss': 1.2123, 'learning_rate': 1.864973682554994e-05, 'epoch': 19.04}
{'loss': 1.2105, 'learning_rate': 1.8597311636295008e-05, 'epoch': 19.07}
{'loss': 1.2092, 'learning_rate': 1.8544886447040074e-05, 'epoch': 19.1}
{'loss': 1.2117, 'learning_rate': 1.849246125778514e-05, 'epoch': 19.13}
{'loss': 1.2171, 'learning_rate': 1.844003606853021e-05, 'epoch': 19.16}
{'loss': 1.2141, 'learning_rate': 1.8387610879275274e-05, 'epoch': 19.19}
{'loss': 1.2099, 'learning_rate': 1.8335185690020343e-05, 'epoch': 19.22}
{'loss': 1.2092, 'learning_rate': 1.828276050076541e-05, 'epoch': 19.26}
{'loss': 1.2148, 'learning_rate': 1.8230335311510474e-05, 'epoch': 19.29}
{'loss': 1.2145, 'learning_rate': 1.8177910122255543e-05, 'epoch': 19.32}
{'loss': 1.2014, 'learning_rate': 1.812548493300061e-05, 'epoch': 19.35}
{'loss': 1.218, 'learning_rate': 1.8073059743745678e-05, 'epoch': 19.38}
{'loss': 1.2055, 'learning_rate': 1.8020634554490743e-05, 'epoch': 19.41}
{'loss': 1.2078, 'learning_rate': 1.796820936523581e-05, 'epoch': 19.44}
{'loss': 1.2113, 'learning_rate': 1.7915784175980878e-05, 'epoch': 19.47}
{'loss': 1.2137, 'learning_rate': 1.7863358986725944e-05, 'epoch': 19.5}
{'loss': 1.2069, 'learning_rate': 1.781093379747101e-05, 'epoch': 19.53}
{'loss': 1.2082, 'learning_rate': 1.7758508608216075e-05, 'epoch': 19.56}
{'loss': 1.2039, 'learning_rate': 1.7706083418961144e-05, 'epoch': 19.59}
{'loss': 1.2123, 'learning_rate': 1.765365822970621e-05, 'epoch': 19.63}
{'loss': 1.2077, 'learning_rate': 1.7601233040451275e-05, 'epoch': 19.66}
{'loss': 1.21, 'learning_rate': 1.7548807851196344e-05, 'epoch': 19.69}
{'loss': 1.2102, 'learning_rate': 1.749638266194141e-05, 'epoch': 19.72}
{'loss': 1.2107, 'learning_rate': 1.744395747268648e-05, 'epoch': 19.75}
{'loss': 1.2063, 'learning_rate': 1.7391532283431544e-05, 'epoch': 19.78}
{'loss': 1.2071, 'learning_rate': 1.733910709417661e-05, 'epoch': 19.81}
{'loss': 1.2056, 'learning_rate': 1.728668190492168e-05, 'epoch': 19.84}
{'loss': 1.2072, 'learning_rate': 1.7234256715666745e-05, 'epoch': 19.87}
{'loss': 1.2093, 'learning_rate': 1.7181831526411814e-05, 'epoch': 19.9}
{'loss': 1.2001, 'learning_rate': 1.712940633715688e-05, 'epoch': 19.93}
{'loss': 1.2071, 'learning_rate': 1.7076981147901945e-05, 'epoch': 19.96}
{'loss': 1.2077, 'learning_rate': 1.702455595864701e-05, 'epoch': 20.0}
{'loss': 1.2001, 'learning_rate': 1.697213076939208e-05, 'epoch': 20.03}
{'loss': 1.2025, 'learning_rate': 1.6919705580137145e-05, 'epoch': 20.06}
{'loss': 1.1997, 'learning_rate': 1.686728039088221e-05, 'epoch': 20.09}
{'loss': 1.2015, 'learning_rate': 1.6814855201627276e-05, 'epoch': 20.12}
{'loss': 1.2067, 'learning_rate': 1.6762430012372345e-05, 'epoch': 20.15}
{'loss': 1.2025, 'learning_rate': 1.671000482311741e-05, 'epoch': 20.18}
{'loss': 1.2038, 'learning_rate': 1.665757963386248e-05, 'epoch': 20.21}
{'loss': 1.1997, 'learning_rate': 1.6605154444607546e-05, 'epoch': 20.24}
{'loss': 1.2024, 'learning_rate': 1.655272925535261e-05, 'epoch': 20.27}
{'loss': 1.204, 'learning_rate': 1.650030406609768e-05, 'epoch': 20.3}
{'loss': 1.2, 'learning_rate': 1.6447878876842746e-05, 'epoch': 20.33}
{'loss': 1.2064, 'learning_rate': 1.6395453687587815e-05, 'epoch': 20.36}
{'loss': 1.199, 'learning_rate': 1.634302849833288e-05, 'epoch': 20.4}
{'loss': 1.2037, 'learning_rate': 1.6290603309077946e-05, 'epoch': 20.43}
{'loss': 1.201, 'learning_rate': 1.6238178119823015e-05, 'epoch': 20.46}
{'loss': 1.2075, 'learning_rate': 1.618575293056808e-05, 'epoch': 20.49}
{'loss': 1.2076, 'learning_rate': 1.6133327741313146e-05, 'epoch': 20.52}
{'loss': 1.2026, 'learning_rate': 1.6080902552058212e-05, 'epoch': 20.55}
{'loss': 1.2052, 'learning_rate': 1.6028477362803278e-05, 'epoch': 20.58}
{'loss': 1.2037, 'learning_rate': 1.5976052173548347e-05, 'epoch': 20.61}
{'loss': 1.2111, 'learning_rate': 1.5923626984293412e-05, 'epoch': 20.64}
{'loss': 1.2018, 'learning_rate': 1.587120179503848e-05, 'epoch': 20.67}
{'loss': 1.201, 'learning_rate': 1.5818776605783547e-05, 'epoch': 20.7}
{'loss': 1.2029, 'learning_rate': 1.5766351416528616e-05, 'epoch': 20.73}
{'loss': 1.2049, 'learning_rate': 1.571392622727368e-05, 'epoch': 20.77}
{'loss': 1.1978, 'learning_rate': 1.5661501038018747e-05, 'epoch': 20.8}
{'loss': 1.2044, 'learning_rate': 1.5609075848763816e-05, 'epoch': 20.83}
{'loss': 1.2044, 'learning_rate': 1.555665065950888e-05, 'epoch': 20.86}
{'loss': 1.203, 'learning_rate': 1.550422547025395e-05, 'epoch': 20.89}
{'loss': 1.2001, 'learning_rate': 1.5451800280999016e-05, 'epoch': 20.92}
{'loss': 1.203, 'learning_rate': 1.5399375091744082e-05, 'epoch': 20.95}
{'loss': 1.2055, 'learning_rate': 1.534694990248915e-05, 'epoch': 20.98}
{'loss': 1.1946, 'learning_rate': 1.5294524713234216e-05, 'epoch': 21.01}
{'loss': 1.1935, 'learning_rate': 1.5242099523979284e-05, 'epoch': 21.04}
{'loss': 1.1973, 'learning_rate': 1.518967433472435e-05, 'epoch': 21.07}
{'loss': 1.198, 'learning_rate': 1.5137249145469415e-05, 'epoch': 21.1}
{'loss': 1.2009, 'learning_rate': 1.5084823956214484e-05, 'epoch': 21.14}
{'loss': 1.1952, 'learning_rate': 1.503239876695955e-05, 'epoch': 21.17}
{'loss': 1.2006, 'learning_rate': 1.4979973577704617e-05, 'epoch': 21.2}
{'loss': 1.1991, 'learning_rate': 1.4927548388449683e-05, 'epoch': 21.23}
{'loss': 1.1929, 'learning_rate': 1.4875123199194748e-05, 'epoch': 21.26}
{'loss': 1.1984, 'learning_rate': 1.4822698009939817e-05, 'epoch': 21.29}
{'loss': 1.1927, 'learning_rate': 1.4770272820684883e-05, 'epoch': 21.32}
{'loss': 1.1918, 'learning_rate': 1.4717847631429952e-05, 'epoch': 21.35}
{'loss': 1.1991, 'learning_rate': 1.4665422442175017e-05, 'epoch': 21.38}
{'loss': 1.1974, 'learning_rate': 1.4612997252920083e-05, 'epoch': 21.41}
{'loss': 1.1974, 'learning_rate': 1.456057206366515e-05, 'epoch': 21.44}
{'loss': 1.1995, 'learning_rate': 1.4508146874410216e-05, 'epoch': 21.47}
{'loss': 1.2017, 'learning_rate': 1.4455721685155285e-05, 'epoch': 21.5}
{'loss': 1.1908, 'learning_rate': 1.440329649590035e-05, 'epoch': 21.54}
{'loss': 1.1988, 'learning_rate': 1.4350871306645416e-05, 'epoch': 21.57}
{'loss': 1.1959, 'learning_rate': 1.4298446117390485e-05, 'epoch': 21.6}
{'loss': 1.1944, 'learning_rate': 1.4246020928135551e-05, 'epoch': 21.63}
{'loss': 1.1948, 'learning_rate': 1.4193595738880618e-05, 'epoch': 21.66}
{'loss': 1.1959, 'learning_rate': 1.4141170549625685e-05, 'epoch': 21.69}
{'loss': 1.2003, 'learning_rate': 1.4088745360370751e-05, 'epoch': 21.72}
{'loss': 1.1922, 'learning_rate': 1.4036320171115818e-05, 'epoch': 21.75}
{'loss': 1.1954, 'learning_rate': 1.3983894981860884e-05, 'epoch': 21.78}
{'loss': 1.1954, 'learning_rate': 1.3931469792605953e-05, 'epoch': 21.81}
{'loss': 1.1976, 'learning_rate': 1.3879044603351019e-05, 'epoch': 21.84}
{'loss': 1.1995, 'learning_rate': 1.3826619414096084e-05, 'epoch': 21.87}
{'loss': 1.1936, 'learning_rate': 1.3774194224841153e-05, 'epoch': 21.91}
{'loss': 1.1964, 'learning_rate': 1.3721769035586219e-05, 'epoch': 21.94}
{'loss': 1.1941, 'learning_rate': 1.3669343846331286e-05, 'epoch': 21.97}
{'loss': 1.1985, 'learning_rate': 1.3616918657076352e-05, 'epoch': 22.0}
{'loss': 1.1966, 'learning_rate': 1.356449346782142e-05, 'epoch': 22.03}
{'loss': 1.1892, 'learning_rate': 1.3512068278566486e-05, 'epoch': 22.06}
{'loss': 1.1903, 'learning_rate': 1.3459643089311552e-05, 'epoch': 22.09}
{'loss': 1.1874, 'learning_rate': 1.3407217900056621e-05, 'epoch': 22.12}
{'loss': 1.1947, 'learning_rate': 1.3354792710801687e-05, 'epoch': 22.15}
{'loss': 1.1913, 'learning_rate': 1.3302367521546754e-05, 'epoch': 22.18}
{'loss': 1.1871, 'learning_rate': 1.324994233229182e-05, 'epoch': 22.21}
{'loss': 1.1927, 'learning_rate': 1.3197517143036885e-05, 'epoch': 22.24}
{'loss': 1.193, 'learning_rate': 1.3145091953781954e-05, 'epoch': 22.27}
{'loss': 1.1977, 'learning_rate': 1.309266676452702e-05, 'epoch': 22.31}
{'loss': 1.1935, 'learning_rate': 1.3040241575272089e-05, 'epoch': 22.34}
{'loss': 1.1904, 'learning_rate': 1.2987816386017154e-05, 'epoch': 22.37}
{'loss': 1.1959, 'learning_rate': 1.293539119676222e-05, 'epoch': 22.4}
{'loss': 1.1943, 'learning_rate': 1.2882966007507289e-05, 'epoch': 22.43}
{'loss': 1.1897, 'learning_rate': 1.2830540818252355e-05, 'epoch': 22.46}
{'loss': 1.1884, 'learning_rate': 1.2778115628997422e-05, 'epoch': 22.49}
{'loss': 1.1918, 'learning_rate': 1.2725690439742488e-05, 'epoch': 22.52}
{'loss': 1.1897, 'learning_rate': 1.2673265250487553e-05, 'epoch': 22.55}
{'loss': 1.1899, 'learning_rate': 1.2620840061232622e-05, 'epoch': 22.58}
{'loss': 1.1916, 'learning_rate': 1.2568414871977688e-05, 'epoch': 22.61}
{'loss': 1.1866, 'learning_rate': 1.2515989682722757e-05, 'epoch': 22.64}
{'loss': 1.1865, 'learning_rate': 1.2463564493467822e-05, 'epoch': 22.68}
{'loss': 1.1904, 'learning_rate': 1.241113930421289e-05, 'epoch': 22.71}
{'loss': 1.1936, 'learning_rate': 1.2358714114957955e-05, 'epoch': 22.74}
{'loss': 1.1878, 'learning_rate': 1.2306288925703021e-05, 'epoch': 22.77}
{'loss': 1.1917, 'learning_rate': 1.2253863736448088e-05, 'epoch': 22.8}
{'loss': 1.1912, 'learning_rate': 1.2201438547193156e-05, 'epoch': 22.83}
{'loss': 1.1861, 'learning_rate': 1.2149013357938223e-05, 'epoch': 22.86}
{'loss': 1.1928, 'learning_rate': 1.209658816868329e-05, 'epoch': 22.89}
{'loss': 1.1893, 'learning_rate': 1.2044162979428358e-05, 'epoch': 22.92}
{'loss': 1.1886, 'learning_rate': 1.1991737790173423e-05, 'epoch': 22.95}
{'loss': 1.1944, 'learning_rate': 1.193931260091849e-05, 'epoch': 22.98}
{'loss': 1.1886, 'learning_rate': 1.1886887411663556e-05, 'epoch': 23.01}
{'loss': 1.183, 'learning_rate': 1.1834462222408623e-05, 'epoch': 23.05}
{'loss': 1.1834, 'learning_rate': 1.178203703315369e-05, 'epoch': 23.08}
{'loss': 1.185, 'learning_rate': 1.1729611843898756e-05, 'epoch': 23.11}
{'loss': 1.1843, 'learning_rate': 1.1677186654643824e-05, 'epoch': 23.14}
{'loss': 1.1882, 'learning_rate': 1.1624761465388891e-05, 'epoch': 23.17}
{'loss': 1.1861, 'learning_rate': 1.1572336276133958e-05, 'epoch': 23.2}
{'loss': 1.1861, 'learning_rate': 1.1519911086879024e-05, 'epoch': 23.23}
{'loss': 1.188, 'learning_rate': 1.1467485897624091e-05, 'epoch': 23.26}
{'loss': 1.1859, 'learning_rate': 1.1415060708369157e-05, 'epoch': 23.29}
{'loss': 1.1803, 'learning_rate': 1.1362635519114224e-05, 'epoch': 23.32}
{'loss': 1.1845, 'learning_rate': 1.1310210329859291e-05, 'epoch': 23.35}
{'loss': 1.1854, 'learning_rate': 1.1257785140604359e-05, 'epoch': 23.38}
{'loss': 1.1899, 'learning_rate': 1.1205359951349424e-05, 'epoch': 23.41}
{'loss': 1.1842, 'learning_rate': 1.1152934762094492e-05, 'epoch': 23.45}
{'loss': 1.1824, 'learning_rate': 1.1100509572839559e-05, 'epoch': 23.48}
{'loss': 1.1816, 'learning_rate': 1.1048084383584625e-05, 'epoch': 23.51}
{'loss': 1.1836, 'learning_rate': 1.0995659194329692e-05, 'epoch': 23.54}
{'loss': 1.1864, 'learning_rate': 1.094323400507476e-05, 'epoch': 23.57}
{'loss': 1.184, 'learning_rate': 1.0890808815819825e-05, 'epoch': 23.6}
{'loss': 1.1844, 'learning_rate': 1.0838383626564892e-05, 'epoch': 23.63}
{'loss': 1.1834, 'learning_rate': 1.078595843730996e-05, 'epoch': 23.66}
{'loss': 1.1867, 'learning_rate': 1.0733533248055027e-05, 'epoch': 23.69}
{'loss': 1.1878, 'learning_rate': 1.0681108058800094e-05, 'epoch': 23.72}
{'loss': 1.188, 'learning_rate': 1.062868286954516e-05, 'epoch': 23.75}
{'loss': 1.1831, 'learning_rate': 1.0576257680290225e-05, 'epoch': 23.78}
{'loss': 1.1876, 'learning_rate': 1.0523832491035293e-05, 'epoch': 23.82}
{'loss': 1.1833, 'learning_rate': 1.047140730178036e-05, 'epoch': 23.85}
{'loss': 1.1878, 'learning_rate': 1.0418982112525427e-05, 'epoch': 23.88}
{'loss': 1.1849, 'learning_rate': 1.0366556923270493e-05, 'epoch': 23.91}
{'loss': 1.1842, 'learning_rate': 1.031413173401556e-05, 'epoch': 23.94}
{'loss': 1.1816, 'learning_rate': 1.0261706544760627e-05, 'epoch': 23.97}
{'loss': 1.177, 'learning_rate': 1.0209281355505695e-05, 'epoch': 24.0}
{'loss': 1.1813, 'learning_rate': 1.015685616625076e-05, 'epoch': 24.03}
{'loss': 1.1856, 'learning_rate': 1.0104430976995826e-05, 'epoch': 24.06}
{'loss': 1.1809, 'learning_rate': 1.0052005787740893e-05, 'epoch': 24.09}
{'loss': 1.1813, 'learning_rate': 9.99958059848596e-06, 'epoch': 24.12}
{'loss': 1.1818, 'learning_rate': 9.947155409231028e-06, 'epoch': 24.15}
{'loss': 1.184, 'learning_rate': 9.894730219976095e-06, 'epoch': 24.19}
{'loss': 1.1843, 'learning_rate': 9.842305030721163e-06, 'epoch': 24.22}
{'loss': 1.1806, 'learning_rate': 9.789879841466228e-06, 'epoch': 24.25}
{'loss': 1.1794, 'learning_rate': 9.737454652211296e-06, 'epoch': 24.28}
{'loss': 1.1782, 'learning_rate': 9.685029462956361e-06, 'epoch': 24.31}
{'loss': 1.1834, 'learning_rate': 9.632604273701428e-06, 'epoch': 24.34}
{'loss': 1.1856, 'learning_rate': 9.580179084446496e-06, 'epoch': 24.37}
{'loss': 1.1837, 'learning_rate': 9.527753895191561e-06, 'epoch': 24.4}
{'loss': 1.1817, 'learning_rate': 9.475328705936629e-06, 'epoch': 24.43}
{'loss': 1.1801, 'learning_rate': 9.422903516681696e-06, 'epoch': 24.46}
{'loss': 1.1807, 'learning_rate': 9.370478327426763e-06, 'epoch': 24.49}
{'loss': 1.177, 'learning_rate': 9.318053138171829e-06, 'epoch': 24.52}
{'loss': 1.1784, 'learning_rate': 9.265627948916896e-06, 'epoch': 24.55}
{'loss': 1.1792, 'learning_rate': 9.213202759661962e-06, 'epoch': 24.59}
{'loss': 1.1743, 'learning_rate': 9.16077757040703e-06, 'epoch': 24.62}
{'loss': 1.1831, 'learning_rate': 9.108352381152096e-06, 'epoch': 24.65}
{'loss': 1.1768, 'learning_rate': 9.055927191897164e-06, 'epoch': 24.68}
{'loss': 1.1831, 'learning_rate': 9.003502002642231e-06, 'epoch': 24.71}
{'loss': 1.1792, 'learning_rate': 8.951076813387297e-06, 'epoch': 24.74}
{'loss': 1.175, 'learning_rate': 8.898651624132364e-06, 'epoch': 24.77}
{'loss': 1.1793, 'learning_rate': 8.84622643487743e-06, 'epoch': 24.8}
{'loss': 1.1796, 'learning_rate': 8.793801245622497e-06, 'epoch': 24.83}
{'loss': 1.1845, 'learning_rate': 8.741376056367564e-06, 'epoch': 24.86}
{'loss': 1.1798, 'learning_rate': 8.68895086711263e-06, 'epoch': 24.89}
{'loss': 1.1791, 'learning_rate': 8.636525677857697e-06, 'epoch': 24.92}
{'loss': 1.1849, 'learning_rate': 8.584100488602765e-06, 'epoch': 24.96}
{'loss': 1.1814, 'learning_rate': 8.531675299347832e-06, 'epoch': 24.99}
{'loss': 1.1805, 'learning_rate': 8.479250110092899e-06, 'epoch': 25.02}
{'loss': 1.1758, 'learning_rate': 8.426824920837965e-06, 'epoch': 25.05}
{'loss': 1.179, 'learning_rate': 8.37439973158303e-06, 'epoch': 25.08}
{'loss': 1.1707, 'learning_rate': 8.321974542328098e-06, 'epoch': 25.11}
{'loss': 1.1749, 'learning_rate': 8.269549353073165e-06, 'epoch': 25.14}
{'loss': 1.1756, 'learning_rate': 8.217124163818232e-06, 'epoch': 25.17}
{'loss': 1.1708, 'learning_rate': 8.164698974563298e-06, 'epoch': 25.2}
{'loss': 1.177, 'learning_rate': 8.112273785308365e-06, 'epoch': 25.23}
{'loss': 1.1711, 'learning_rate': 8.059848596053433e-06, 'epoch': 25.26}
{'loss': 1.1776, 'learning_rate': 8.0074234067985e-06, 'epoch': 25.29}
{'loss': 1.1698, 'learning_rate': 7.954998217543565e-06, 'epoch': 25.33}
{'loss': 1.1723, 'learning_rate': 7.902573028288633e-06, 'epoch': 25.36}
{'loss': 1.1748, 'learning_rate': 7.850147839033698e-06, 'epoch': 25.39}
{'loss': 1.1775, 'learning_rate': 7.797722649778766e-06, 'epoch': 25.42}
{'loss': 1.179, 'learning_rate': 7.745297460523833e-06, 'epoch': 25.45}
{'loss': 1.1755, 'learning_rate': 7.6928722712689e-06, 'epoch': 25.48}
{'loss': 1.177, 'learning_rate': 7.640447082013968e-06, 'epoch': 25.51}
{'loss': 1.1741, 'learning_rate': 7.588021892759032e-06, 'epoch': 25.54}
{'loss': 1.1715, 'learning_rate': 7.5355967035041e-06, 'epoch': 25.57}
{'loss': 1.1766, 'learning_rate': 7.483171514249167e-06, 'epoch': 25.6}
{'loss': 1.1691, 'learning_rate': 7.4307463249942335e-06, 'epoch': 25.63}
{'loss': 1.1842, 'learning_rate': 7.378321135739301e-06, 'epoch': 25.66}
{'loss': 1.1761, 'learning_rate': 7.325895946484366e-06, 'epoch': 25.69}
{'loss': 1.1725, 'learning_rate': 7.273470757229434e-06, 'epoch': 25.73}
{'loss': 1.1756, 'learning_rate': 7.221045567974501e-06, 'epoch': 25.76}
{'loss': 1.1711, 'learning_rate': 7.1686203787195675e-06, 'epoch': 25.79}
{'loss': 1.1752, 'learning_rate': 7.116195189464635e-06, 'epoch': 25.82}
{'loss': 1.1785, 'learning_rate': 7.0637700002097e-06, 'epoch': 25.85}
{'loss': 1.1746, 'learning_rate': 7.011344810954768e-06, 'epoch': 25.88}
{'loss': 1.1776, 'learning_rate': 6.958919621699834e-06, 'epoch': 25.91}
{'loss': 1.1734, 'learning_rate': 6.9064944324449015e-06, 'epoch': 25.94}
{'loss': 1.1759, 'learning_rate': 6.854069243189969e-06, 'epoch': 25.97}
{'loss': 1.176, 'learning_rate': 6.801644053935035e-06, 'epoch': 26.0}
{'loss': 1.1702, 'learning_rate': 6.749218864680102e-06, 'epoch': 26.03}
{'loss': 1.1659, 'learning_rate': 6.696793675425168e-06, 'epoch': 26.06}
{'loss': 1.1733, 'learning_rate': 6.6443684861702355e-06, 'epoch': 26.1}
{'loss': 1.1752, 'learning_rate': 6.591943296915303e-06, 'epoch': 26.13}
{'loss': 1.1687, 'learning_rate': 6.539518107660369e-06, 'epoch': 26.16}
{'loss': 1.177, 'learning_rate': 6.487092918405435e-06, 'epoch': 26.19}
{'loss': 1.1684, 'learning_rate': 6.434667729150502e-06, 'epoch': 26.22}
{'loss': 1.1758, 'learning_rate': 6.3822425398955695e-06, 'epoch': 26.25}
{'loss': 1.1728, 'learning_rate': 6.329817350640636e-06, 'epoch': 26.28}
{'loss': 1.1734, 'learning_rate': 6.277392161385703e-06, 'epoch': 26.31}
{'loss': 1.1716, 'learning_rate': 6.22496697213077e-06, 'epoch': 26.34}
{'loss': 1.1697, 'learning_rate': 6.172541782875837e-06, 'epoch': 26.37}
{'loss': 1.1713, 'learning_rate': 6.1201165936209035e-06, 'epoch': 26.4}
{'loss': 1.1675, 'learning_rate': 6.06769140436597e-06, 'epoch': 26.43}
{'loss': 1.1742, 'learning_rate': 6.0152662151110365e-06, 'epoch': 26.46}
{'loss': 1.173, 'learning_rate': 5.962841025856104e-06, 'epoch': 26.5}
{'loss': 1.1742, 'learning_rate': 5.910415836601171e-06, 'epoch': 26.53}
{'loss': 1.1658, 'learning_rate': 5.857990647346237e-06, 'epoch': 26.56}
{'loss': 1.1706, 'learning_rate': 5.805565458091304e-06, 'epoch': 26.59}
{'loss': 1.1675, 'learning_rate': 5.7531402688363705e-06, 'epoch': 26.62}
{'loss': 1.1705, 'learning_rate': 5.700715079581438e-06, 'epoch': 26.65}
{'loss': 1.169, 'learning_rate': 5.648289890326504e-06, 'epoch': 26.68}
{'loss': 1.1678, 'learning_rate': 5.595864701071571e-06, 'epoch': 26.71}
{'loss': 1.1736, 'learning_rate': 5.543439511816638e-06, 'epoch': 26.74}
{'loss': 1.1714, 'learning_rate': 5.491014322561705e-06, 'epoch': 26.77}
{'loss': 1.17, 'learning_rate': 5.438589133306771e-06, 'epoch': 26.8}
{'loss': 1.1688, 'learning_rate': 5.386163944051838e-06, 'epoch': 26.83}
{'loss': 1.1723, 'learning_rate': 5.333738754796905e-06, 'epoch': 26.87}
{'loss': 1.1706, 'learning_rate': 5.281313565541972e-06, 'epoch': 26.9}
{'loss': 1.168, 'learning_rate': 5.2288883762870385e-06, 'epoch': 26.93}
{'loss': 1.1714, 'learning_rate': 5.176463187032105e-06, 'epoch': 26.96}
{'loss': 1.1757, 'learning_rate': 5.124037997777172e-06, 'epoch': 26.99}
{'loss': 1.1672, 'learning_rate': 5.07161280852224e-06, 'epoch': 27.02}
{'loss': 1.1718, 'learning_rate': 5.019187619267306e-06, 'epoch': 27.05}
{'loss': 1.1699, 'learning_rate': 4.9667624300123725e-06, 'epoch': 27.08}
{'loss': 1.1637, 'learning_rate': 4.914337240757439e-06, 'epoch': 27.11}
{'loss': 1.1723, 'learning_rate': 4.861912051502506e-06, 'epoch': 27.14}
{'loss': 1.1702, 'learning_rate': 4.809486862247574e-06, 'epoch': 27.17}
{'loss': 1.171, 'learning_rate': 4.757061672992639e-06, 'epoch': 27.2}
{'loss': 1.1657, 'learning_rate': 4.7046364837377065e-06, 'epoch': 27.24}
{'loss': 1.1686, 'learning_rate': 4.652211294482774e-06, 'epoch': 27.27}
{'loss': 1.172, 'learning_rate': 4.59978610522784e-06, 'epoch': 27.3}
{'loss': 1.1649, 'learning_rate': 4.547360915972907e-06, 'epoch': 27.33}
{'loss': 1.1692, 'learning_rate': 4.494935726717973e-06, 'epoch': 27.36}
{'loss': 1.1702, 'learning_rate': 4.4425105374630405e-06, 'epoch': 27.39}
{'loss': 1.1637, 'learning_rate': 4.390085348208108e-06, 'epoch': 27.42}
{'loss': 1.167, 'learning_rate': 4.3376601589531735e-06, 'epoch': 27.45}
{'loss': 1.1679, 'learning_rate': 4.285234969698241e-06, 'epoch': 27.48}
{'loss': 1.1623, 'learning_rate': 4.232809780443307e-06, 'epoch': 27.51}
{'loss': 1.1624, 'learning_rate': 4.1803845911883746e-06, 'epoch': 27.54}
{'loss': 1.1695, 'learning_rate': 4.127959401933441e-06, 'epoch': 27.57}
{'loss': 1.1685, 'learning_rate': 4.0755342126785075e-06, 'epoch': 27.6}
{'loss': 1.1608, 'learning_rate': 4.023109023423575e-06, 'epoch': 27.64}
{'loss': 1.164, 'learning_rate': 3.970683834168642e-06, 'epoch': 27.67}
{'loss': 1.1654, 'learning_rate': 3.9182586449137086e-06, 'epoch': 27.7}
{'loss': 1.1702, 'learning_rate': 3.865833455658775e-06, 'epoch': 27.73}
{'loss': 1.1686, 'learning_rate': 3.8134082664038415e-06, 'epoch': 27.76}
{'loss': 1.1637, 'learning_rate': 3.760983077148909e-06, 'epoch': 27.79}
{'loss': 1.1638, 'learning_rate': 3.7085578878939757e-06, 'epoch': 27.82}
{'loss': 1.1723, 'learning_rate': 3.656132698639042e-06, 'epoch': 27.85}
{'loss': 1.166, 'learning_rate': 3.603707509384109e-06, 'epoch': 27.88}
{'loss': 1.1615, 'learning_rate': 3.5512823201291764e-06, 'epoch': 27.91}
{'loss': 1.1667, 'learning_rate': 3.4988571308742424e-06, 'epoch': 27.94}
{'loss': 1.1659, 'learning_rate': 3.4464319416193097e-06, 'epoch': 27.97}
{'loss': 1.1673, 'learning_rate': 3.3940067523643757e-06, 'epoch': 28.01}
{'loss': 1.165, 'learning_rate': 3.341581563109443e-06, 'epoch': 28.04}
{'loss': 1.1651, 'learning_rate': 3.28915637385451e-06, 'epoch': 28.07}
{'loss': 1.1697, 'learning_rate': 3.2367311845995764e-06, 'epoch': 28.1}
{'loss': 1.1612, 'learning_rate': 3.1843059953446433e-06, 'epoch': 28.13}
{'loss': 1.1679, 'learning_rate': 3.1318808060897098e-06, 'epoch': 28.16}
{'loss': 1.1649, 'learning_rate': 3.0794556168347766e-06, 'epoch': 28.19}
{'loss': 1.1698, 'learning_rate': 3.0270304275798435e-06, 'epoch': 28.22}
{'loss': 1.158, 'learning_rate': 2.9746052383249104e-06, 'epoch': 28.25}
{'loss': 1.1641, 'learning_rate': 2.9221800490699773e-06, 'epoch': 28.28}
{'loss': 1.1664, 'learning_rate': 2.869754859815044e-06, 'epoch': 28.31}
{'loss': 1.162, 'learning_rate': 2.8173296705601107e-06, 'epoch': 28.34}
{'loss': 1.1639, 'learning_rate': 2.764904481305178e-06, 'epoch': 28.38}
{'loss': 1.1611, 'learning_rate': 2.7124792920502444e-06, 'epoch': 28.41}
{'loss': 1.1646, 'learning_rate': 2.6600541027953113e-06, 'epoch': 28.44}
{'loss': 1.1683, 'learning_rate': 2.6076289135403778e-06, 'epoch': 28.47}
{'loss': 1.1612, 'learning_rate': 2.555203724285445e-06, 'epoch': 28.5}
{'loss': 1.1612, 'learning_rate': 2.5027785350305116e-06, 'epoch': 28.53}
{'loss': 1.1575, 'learning_rate': 2.4503533457755784e-06, 'epoch': 28.56}
{'loss': 1.1653, 'learning_rate': 2.397928156520645e-06, 'epoch': 28.59}
{'loss': 1.162, 'learning_rate': 2.3455029672657122e-06, 'epoch': 28.62}
{'loss': 1.1658, 'learning_rate': 2.2930777780107787e-06, 'epoch': 28.65}
{'loss': 1.1629, 'learning_rate': 2.2406525887558456e-06, 'epoch': 28.68}
{'loss': 1.1615, 'learning_rate': 2.188227399500912e-06, 'epoch': 28.71}
{'loss': 1.1641, 'learning_rate': 2.1358022102459793e-06, 'epoch': 28.74}
{'loss': 1.1655, 'learning_rate': 2.083377020991046e-06, 'epoch': 28.78}
{'loss': 1.1641, 'learning_rate': 2.0309518317361127e-06, 'epoch': 28.81}
{'loss': 1.1605, 'learning_rate': 1.978526642481179e-06, 'epoch': 28.84}
{'loss': 1.1605, 'learning_rate': 1.9261014532262465e-06, 'epoch': 28.87}
{'loss': 1.1628, 'learning_rate': 1.8736762639713131e-06, 'epoch': 28.9}
{'loss': 1.1658, 'learning_rate': 1.8212510747163798e-06, 'epoch': 28.93}
{'loss': 1.1631, 'learning_rate': 1.7688258854614465e-06, 'epoch': 28.96}
{'loss': 1.1618, 'learning_rate': 1.7164006962065132e-06, 'epoch': 28.99}
{'loss': 1.1645, 'learning_rate': 1.6639755069515803e-06, 'epoch': 29.02}
{'loss': 1.1611, 'learning_rate': 1.611550317696647e-06, 'epoch': 29.05}
