05/11/2023 19:34:59 - WARNING - __main__ -   Process rank: 2, device: cuda:2, n_gpu: 1distributed training: True, 16-bits training: False
05/11/2023 19:34:59 - WARNING - __main__ -   Process rank: 1, device: cuda:1, n_gpu: 1distributed training: True, 16-bits training: False
05/11/2023 19:34:59 - WARNING - __main__ -   Process rank: 3, device: cuda:3, n_gpu: 1distributed training: True, 16-bits training: False
05/11/2023 19:34:59 - WARNING - __main__ -   Process rank: 0, device: cuda:0, n_gpu: 1distributed training: True, 16-bits training: False
05/11/2023 19:34:59 - INFO - __main__ -   Training/evaluation parameters TrainingArguments(
_n_gpu=1,
adafactor=False,
adam_beta1=0.9,
adam_beta2=0.999,
adam_epsilon=1e-06,
auto_find_batch_size=False,
bf16=False,
bf16_full_eval=False,
data_seed=None,
dataloader_drop_last=False,
dataloader_num_workers=0,
dataloader_pin_memory=True,
ddp_bucket_cap_mb=None,
ddp_find_unused_parameters=None,
ddp_timeout=1800,
debug=[],
deepspeed=None,
disable_tqdm=False,
do_eval=False,
do_predict=False,
do_train=True,
eval_accumulation_steps=None,
eval_delay=0,
eval_steps=None,
evaluation_strategy=no,
fp16=False,
fp16_backend=auto,
fp16_full_eval=False,
fp16_opt_level=O1,
fsdp=[],
fsdp_config={'fsdp_min_num_params': 0, 'xla': False, 'xla_fsdp_grad_ckpt': False},
fsdp_min_num_params=0,
fsdp_transformer_layer_cls_to_wrap=None,
full_determinism=False,
gradient_accumulation_steps=1,
gradient_checkpointing=False,
greater_is_better=None,
group_by_length=False,
half_precision_backend=auto,
hub_model_id=None,
hub_private_repo=False,
hub_strategy=every_save,
hub_token=<HUB_TOKEN>,
ignore_data_skip=False,
include_inputs_for_metrics=False,
jit_mode_eval=False,
label_names=None,
label_smoothing_factor=0.0,
learning_rate=2e-05,
length_column_name=length,
load_best_model_at_end=False,
local_rank=0,
log_level=passive,
log_level_replica=warning,
log_on_each_node=True,
logging_dir=model/cybert_v100_dataset_05/runs/May11_19-34-59_gvqc0004,
logging_first_step=False,
logging_nan_inf_filter=True,
logging_steps=500,
logging_strategy=steps,
lr_scheduler_type=linear,
max_grad_norm=1.0,
max_steps=-1,
metric_for_best_model=None,
mp_parameters=,
no_cuda=False,
num_train_epochs=30.0,
optim=adamw_hf,
optim_args=None,
output_dir=model/cybert_v100_dataset_05,
overwrite_output_dir=False,
past_index=-1,
per_device_eval_batch_size=8,
per_device_train_batch_size=16,
prediction_loss_only=False,
push_to_hub=False,
push_to_hub_model_id=None,
push_to_hub_organization=None,
push_to_hub_token=<PUSH_TO_HUB_TOKEN>,
ray_scope=last,
remove_unused_columns=True,
report_to=['wandb'],
resume_from_checkpoint=None,
run_name=model/cybert_v100_dataset_05,
save_on_each_node=False,
save_steps=500,
save_strategy=epoch,
save_total_limit=None,
seed=42,
sharded_ddp=[],
skip_memory_metrics=True,
tf32=None,
torch_compile=False,
torch_compile_backend=None,
torch_compile_mode=None,
torchdynamo=None,
tpu_metrics_debug=False,
tpu_num_cores=None,
use_ipex=False,
use_legacy_prediction_loop=False,
use_mps_device=False,
warmup_ratio=0.0,
warmup_steps=10000,
weight_decay=0.01,
xpu_backend=None,
)
Downloading and preparing dataset text/default to /work/projects/project02060/.cache/text/default-0c1947258702f36d/0.0.0/cb1e9bd71a82ad27976be3b12b407850fe2837d80c22c5e03a28949843a8ace2...
Dataset text downloaded and prepared to /work/projects/project02060/.cache/text/default-0c1947258702f36d/0.0.0/cb1e9bd71a82ad27976be3b12b407850fe2837d80c22c5e03a28949843a8ace2. Subsequent calls will reuse this data.
05/11/2023 19:35:01 - WARNING - datasets.builder -   Found cached dataset text (/work/projects/project02060/.cache/text/default-0c1947258702f36d/0.0.0/cb1e9bd71a82ad27976be3b12b407850fe2837d80c22c5e03a28949843a8ace2)
05/11/2023 19:35:01 - WARNING - datasets.builder -   Found cached dataset text (/work/projects/project02060/.cache/text/default-0c1947258702f36d/0.0.0/cb1e9bd71a82ad27976be3b12b407850fe2837d80c22c5e03a28949843a8ace2)
05/11/2023 19:35:01 - WARNING - datasets.builder -   Found cached dataset text (/work/projects/project02060/.cache/text/default-0c1947258702f36d/0.0.0/cb1e9bd71a82ad27976be3b12b407850fe2837d80c22c5e03a28949843a8ace2)
{'loss': 3.3214, 'learning_rate': 1.0000000000000002e-06, 'epoch': 1.95}
{'loss': 2.429, 'learning_rate': 2.0000000000000003e-06, 'epoch': 3.91}
{'loss': 2.2877, 'learning_rate': 3e-06, 'epoch': 5.86}
{'loss': 2.2075, 'learning_rate': 4.000000000000001e-06, 'epoch': 7.81}
{'loss': 2.1529, 'learning_rate': 5e-06, 'epoch': 9.77}
{'loss': 2.0991, 'learning_rate': 6e-06, 'epoch': 11.72}
{'loss': 2.0537, 'learning_rate': 7e-06, 'epoch': 13.67}
{'loss': 2.012, 'learning_rate': 8.000000000000001e-06, 'epoch': 15.62}
{'loss': 1.9749, 'learning_rate': 9e-06, 'epoch': 17.58}
{'loss': 1.9388, 'learning_rate': 1e-05, 'epoch': 19.53}
{'loss': 1.9068, 'learning_rate': 1.1000000000000001e-05, 'epoch': 21.48}
{'loss': 1.8786, 'learning_rate': 1.2e-05, 'epoch': 23.44}
{'loss': 1.8526, 'learning_rate': 1.3000000000000001e-05, 'epoch': 25.39}
{'loss': 1.8264, 'learning_rate': 1.4e-05, 'epoch': 27.34}
{'loss': 1.8017, 'learning_rate': 1.5000000000000002e-05, 'epoch': 29.3}
{'train_runtime': 5278.7592, 'train_samples_per_second': 92.948, 'train_steps_per_second': 1.455, 'train_loss': 2.1081915378570555, 'epoch': 30.0}
***** train metrics *****
  epoch                    =       30.0
  train_loss               =     2.1082
  train_runtime            = 1:27:58.75
  train_samples_per_second =     92.948
  train_steps_per_second   =      1.455
