05/11/2023 19:35:04 - WARNING - __main__ -   Process rank: 0, device: cuda:0, n_gpu: 1distributed training: True, 16-bits training: False
05/11/2023 19:35:04 - INFO - __main__ -   Training/evaluation parameters TrainingArguments(
_n_gpu=1,
adafactor=False,
adam_beta1=0.9,
adam_beta2=0.999,
adam_epsilon=1e-06,
auto_find_batch_size=False,
bf16=False,
bf16_full_eval=False,
data_seed=None,
dataloader_drop_last=False,
dataloader_num_workers=0,
dataloader_pin_memory=True,
ddp_bucket_cap_mb=None,
ddp_find_unused_parameters=None,
ddp_timeout=1800,
debug=[],
deepspeed=None,
disable_tqdm=False,
do_eval=False,
do_predict=False,
do_train=True,
eval_accumulation_steps=None,
eval_delay=0,
eval_steps=None,
evaluation_strategy=no,
fp16=False,
fp16_backend=auto,
fp16_full_eval=False,
fp16_opt_level=O1,
fsdp=[],
fsdp_config={'fsdp_min_num_params': 0, 'xla': False, 'xla_fsdp_grad_ckpt': False},
fsdp_min_num_params=0,
fsdp_transformer_layer_cls_to_wrap=None,
full_determinism=False,
gradient_accumulation_steps=1,
gradient_checkpointing=False,
greater_is_better=None,
group_by_length=False,
half_precision_backend=auto,
hub_model_id=None,
hub_private_repo=False,
hub_strategy=every_save,
hub_token=<HUB_TOKEN>,
ignore_data_skip=False,
include_inputs_for_metrics=False,
jit_mode_eval=False,
label_names=None,
label_smoothing_factor=0.0,
learning_rate=0.0001,
length_column_name=length,
load_best_model_at_end=False,
local_rank=0,
log_level=passive,
log_level_replica=warning,
log_on_each_node=True,
logging_dir=model/cybert_a100_lr_1e-4/runs/May11_19-35-03_gaqc0003,
logging_first_step=False,
logging_nan_inf_filter=True,
logging_steps=500,
logging_strategy=steps,
lr_scheduler_type=linear,
max_grad_norm=1.0,
max_steps=-1,
metric_for_best_model=None,
mp_parameters=,
no_cuda=False,
num_train_epochs=30.0,
optim=adamw_hf,
optim_args=None,
output_dir=model/cybert_a100_lr_1e-4,
overwrite_output_dir=False,
past_index=-1,
per_device_eval_batch_size=8,
per_device_train_batch_size=16,
prediction_loss_only=False,
push_to_hub=False,
push_to_hub_model_id=None,
push_to_hub_organization=None,
push_to_hub_token=<PUSH_TO_HUB_TOKEN>,
ray_scope=last,
remove_unused_columns=True,
report_to=['wandb'],
resume_from_checkpoint=None,
run_name=model/cybert_a100_lr_1e-4,
save_on_each_node=False,
save_steps=500,
save_strategy=epoch,
save_total_limit=None,
seed=42,
sharded_ddp=[],
skip_memory_metrics=True,
tf32=None,
torch_compile=False,
torch_compile_backend=None,
torch_compile_mode=None,
torchdynamo=None,
tpu_metrics_debug=False,
tpu_num_cores=None,
use_ipex=False,
use_legacy_prediction_loop=False,
use_mps_device=False,
warmup_ratio=0.0,
warmup_steps=10000,
weight_decay=0.01,
xpu_backend=None,
)
05/11/2023 19:35:04 - WARNING - __main__ -   Process rank: 2, device: cuda:2, n_gpu: 1distributed training: True, 16-bits training: False
05/11/2023 19:35:04 - WARNING - __main__ -   Process rank: 1, device: cuda:1, n_gpu: 1distributed training: True, 16-bits training: False
05/11/2023 19:35:04 - WARNING - __main__ -   Process rank: 3, device: cuda:3, n_gpu: 1distributed training: True, 16-bits training: False
05/11/2023 19:35:04 - WARNING - datasets.builder -   Found cached dataset text (/work/projects/project02060/.cache/text/default-bcd53fcb73e4331e/0.0.0/cb1e9bd71a82ad27976be3b12b407850fe2837d80c22c5e03a28949843a8ace2)
05/11/2023 19:35:04 - WARNING - datasets.builder -   Found cached dataset text (/work/projects/project02060/.cache/text/default-bcd53fcb73e4331e/0.0.0/cb1e9bd71a82ad27976be3b12b407850fe2837d80c22c5e03a28949843a8ace2)
05/11/2023 19:35:04 - WARNING - datasets.builder -   Found cached dataset text (/work/projects/project02060/.cache/text/default-bcd53fcb73e4331e/0.0.0/cb1e9bd71a82ad27976be3b12b407850fe2837d80c22c5e03a28949843a8ace2)
05/11/2023 19:35:04 - WARNING - datasets.builder -   Found cached dataset text (/work/projects/project02060/.cache/text/default-bcd53fcb73e4331e/0.0.0/cb1e9bd71a82ad27976be3b12b407850fe2837d80c22c5e03a28949843a8ace2)
05/11/2023 19:35:13 - WARNING - datasets.arrow_dataset -   Loading cached processed dataset at /work/projects/project02060/.cache/text/default-bcd53fcb73e4331e/0.0.0/cb1e9bd71a82ad27976be3b12b407850fe2837d80c22c5e03a28949843a8ace2/cache-beaac0cd2eb0fe24.arrow
05/11/2023 19:35:13 - WARNING - datasets.arrow_dataset -   Loading cached processed dataset at /work/projects/project02060/.cache/text/default-bcd53fcb73e4331e/0.0.0/cb1e9bd71a82ad27976be3b12b407850fe2837d80c22c5e03a28949843a8ace2/cache-beaac0cd2eb0fe24.arrow
05/11/2023 19:35:13 - WARNING - datasets.arrow_dataset -   Loading cached processed dataset at /work/projects/project02060/.cache/text/default-bcd53fcb73e4331e/0.0.0/cb1e9bd71a82ad27976be3b12b407850fe2837d80c22c5e03a28949843a8ace2/cache-beaac0cd2eb0fe24.arrow
05/11/2023 19:35:13 - WARNING - datasets.arrow_dataset -   Loading cached processed dataset at /work/projects/project02060/.cache/text/default-bcd53fcb73e4331e/0.0.0/cb1e9bd71a82ad27976be3b12b407850fe2837d80c22c5e03a28949843a8ace2/cache-beaac0cd2eb0fe24.arrow
05/11/2023 19:35:16 - WARNING - datasets.arrow_dataset -   Loading cached processed dataset at /work/projects/project02060/.cache/text/default-bcd53fcb73e4331e/0.0.0/cb1e9bd71a82ad27976be3b12b407850fe2837d80c22c5e03a28949843a8ace2/cache-a3f29753105de6d8.arrow
05/11/2023 19:35:16 - WARNING - datasets.arrow_dataset -   Loading cached processed dataset at /work/projects/project02060/.cache/text/default-bcd53fcb73e4331e/0.0.0/cb1e9bd71a82ad27976be3b12b407850fe2837d80c22c5e03a28949843a8ace2/cache-a3f29753105de6d8.arrow
05/11/2023 19:35:16 - WARNING - datasets.arrow_dataset -   Loading cached processed dataset at /work/projects/project02060/.cache/text/default-bcd53fcb73e4331e/0.0.0/cb1e9bd71a82ad27976be3b12b407850fe2837d80c22c5e03a28949843a8ace2/cache-a3f29753105de6d8.arrow
05/11/2023 19:35:16 - WARNING - datasets.arrow_dataset -   Loading cached processed dataset at /work/projects/project02060/.cache/text/default-bcd53fcb73e4331e/0.0.0/cb1e9bd71a82ad27976be3b12b407850fe2837d80c22c5e03a28949843a8ace2/cache-a3f29753105de6d8.arrow
{'loss': 3.2586, 'learning_rate': 5e-06, 'epoch': 0.03}
{'loss': 2.6544, 'learning_rate': 1e-05, 'epoch': 0.06}
{'loss': 2.4604, 'learning_rate': 1.5e-05, 'epoch': 0.09}
{'loss': 2.3301, 'learning_rate': 2e-05, 'epoch': 0.12}
{'loss': 2.2474, 'learning_rate': 2.5e-05, 'epoch': 0.15}
{'loss': 2.1799, 'learning_rate': 3e-05, 'epoch': 0.18}
{'loss': 2.1276, 'learning_rate': 3.5e-05, 'epoch': 0.22}
{'loss': 2.0721, 'learning_rate': 4e-05, 'epoch': 0.25}
{'loss': 2.0257, 'learning_rate': 4.5e-05, 'epoch': 0.28}
{'loss': 1.9932, 'learning_rate': 5e-05, 'epoch': 0.31}
{'loss': 1.9627, 'learning_rate': 5.500000000000001e-05, 'epoch': 0.34}
{'loss': 1.9346, 'learning_rate': 6e-05, 'epoch': 0.37}
{'loss': 1.9076, 'learning_rate': 6.500000000000001e-05, 'epoch': 0.4}
{'loss': 1.884, 'learning_rate': 7e-05, 'epoch': 0.43}
{'loss': 1.8631, 'learning_rate': 7.500000000000001e-05, 'epoch': 0.46}
{'loss': 1.854, 'learning_rate': 8e-05, 'epoch': 0.49}
{'loss': 1.8397, 'learning_rate': 8.5e-05, 'epoch': 0.52}
{'loss': 1.826, 'learning_rate': 9e-05, 'epoch': 0.55}
{'loss': 1.8166, 'learning_rate': 9.5e-05, 'epoch': 0.59}
{'loss': 1.8066, 'learning_rate': 0.0001, 'epoch': 0.62}
{'loss': 1.7931, 'learning_rate': 9.989514962149014e-05, 'epoch': 0.65}
{'loss': 1.7781, 'learning_rate': 9.979029924298027e-05, 'epoch': 0.68}
{'loss': 1.7703, 'learning_rate': 9.96854488644704e-05, 'epoch': 0.71}
{'loss': 1.7583, 'learning_rate': 9.958059848596054e-05, 'epoch': 0.74}
{'loss': 1.7483, 'learning_rate': 9.947574810745067e-05, 'epoch': 0.77}
{'loss': 1.731, 'learning_rate': 9.93708977289408e-05, 'epoch': 0.8}
{'loss': 1.7306, 'learning_rate': 9.926604735043093e-05, 'epoch': 0.83}
{'loss': 1.7197, 'learning_rate': 9.916119697192108e-05, 'epoch': 0.86}
{'loss': 1.7075, 'learning_rate': 9.90563465934112e-05, 'epoch': 0.89}
{'loss': 1.7072, 'learning_rate': 9.895149621490134e-05, 'epoch': 0.92}
{'loss': 1.7015, 'learning_rate': 9.884664583639147e-05, 'epoch': 0.96}
{'loss': 1.6908, 'learning_rate': 9.87417954578816e-05, 'epoch': 0.99}
{'loss': 1.669, 'learning_rate': 9.863694507937174e-05, 'epoch': 1.02}
{'loss': 1.6697, 'learning_rate': 9.853209470086188e-05, 'epoch': 1.05}
{'loss': 1.6668, 'learning_rate': 9.842724432235201e-05, 'epoch': 1.08}
{'loss': 1.6637, 'learning_rate': 9.832239394384215e-05, 'epoch': 1.11}
{'loss': 1.6532, 'learning_rate': 9.821754356533227e-05, 'epoch': 1.14}
{'loss': 1.6447, 'learning_rate': 9.811269318682241e-05, 'epoch': 1.17}
{'loss': 1.6362, 'learning_rate': 9.800784280831255e-05, 'epoch': 1.2}
{'loss': 1.6362, 'learning_rate': 9.790299242980267e-05, 'epoch': 1.23}
{'loss': 1.6286, 'learning_rate': 9.779814205129281e-05, 'epoch': 1.26}
{'loss': 1.623, 'learning_rate': 9.769329167278293e-05, 'epoch': 1.29}
{'loss': 1.6203, 'learning_rate': 9.758844129427308e-05, 'epoch': 1.32}
{'loss': 1.6159, 'learning_rate': 9.748359091576321e-05, 'epoch': 1.36}
{'loss': 1.6125, 'learning_rate': 9.737874053725335e-05, 'epoch': 1.39}
{'loss': 1.6085, 'learning_rate': 9.727389015874347e-05, 'epoch': 1.42}
{'loss': 1.6071, 'learning_rate': 9.716903978023361e-05, 'epoch': 1.45}
{'loss': 1.6038, 'learning_rate': 9.706418940172375e-05, 'epoch': 1.48}
{'loss': 1.6038, 'learning_rate': 9.695933902321389e-05, 'epoch': 1.51}
{'loss': 1.5972, 'learning_rate': 9.685448864470401e-05, 'epoch': 1.54}
{'loss': 1.5951, 'learning_rate': 9.674963826619415e-05, 'epoch': 1.57}
{'loss': 1.5869, 'learning_rate': 9.664478788768427e-05, 'epoch': 1.6}
{'loss': 1.5852, 'learning_rate': 9.653993750917441e-05, 'epoch': 1.63}
{'loss': 1.5822, 'learning_rate': 9.643508713066455e-05, 'epoch': 1.66}
{'loss': 1.5857, 'learning_rate': 9.633023675215467e-05, 'epoch': 1.69}
{'loss': 1.5758, 'learning_rate': 9.622538637364481e-05, 'epoch': 1.73}
{'loss': 1.5744, 'learning_rate': 9.612053599513493e-05, 'epoch': 1.76}
{'loss': 1.5703, 'learning_rate': 9.601568561662509e-05, 'epoch': 1.79}
{'loss': 1.5634, 'learning_rate': 9.591083523811521e-05, 'epoch': 1.82}
{'loss': 1.5572, 'learning_rate': 9.580598485960535e-05, 'epoch': 1.85}
{'loss': 1.5632, 'learning_rate': 9.570113448109547e-05, 'epoch': 1.88}
{'loss': 1.5593, 'learning_rate': 9.559628410258563e-05, 'epoch': 1.91}
{'loss': 1.5587, 'learning_rate': 9.549143372407575e-05, 'epoch': 1.94}
{'loss': 1.5586, 'learning_rate': 9.538658334556589e-05, 'epoch': 1.97}
{'loss': 1.5566, 'learning_rate': 9.528173296705601e-05, 'epoch': 2.0}
{'loss': 1.5455, 'learning_rate': 9.517688258854615e-05, 'epoch': 2.03}
{'loss': 1.5409, 'learning_rate': 9.507203221003629e-05, 'epoch': 2.06}
{'loss': 1.5336, 'learning_rate': 9.496718183152643e-05, 'epoch': 2.1}
{'loss': 1.5398, 'learning_rate': 9.486233145301655e-05, 'epoch': 2.13}
{'loss': 1.5418, 'learning_rate': 9.475748107450669e-05, 'epoch': 2.16}
{'loss': 1.5307, 'learning_rate': 9.465263069599681e-05, 'epoch': 2.19}
{'loss': 1.5357, 'learning_rate': 9.454778031748695e-05, 'epoch': 2.22}
{'loss': 1.5238, 'learning_rate': 9.444292993897709e-05, 'epoch': 2.25}
{'loss': 1.5236, 'learning_rate': 9.433807956046721e-05, 'epoch': 2.28}
{'loss': 1.5248, 'learning_rate': 9.423322918195735e-05, 'epoch': 2.31}
{'loss': 1.5194, 'learning_rate': 9.412837880344748e-05, 'epoch': 2.34}
{'loss': 1.5156, 'learning_rate': 9.402352842493763e-05, 'epoch': 2.37}
{'loss': 1.5148, 'learning_rate': 9.391867804642775e-05, 'epoch': 2.4}
{'loss': 1.5145, 'learning_rate': 9.381382766791789e-05, 'epoch': 2.43}
{'loss': 1.5157, 'learning_rate': 9.370897728940801e-05, 'epoch': 2.46}
{'loss': 1.5105, 'learning_rate': 9.360412691089815e-05, 'epoch': 2.5}
{'loss': 1.5101, 'learning_rate': 9.349927653238829e-05, 'epoch': 2.53}
{'loss': 1.5046, 'learning_rate': 9.339442615387843e-05, 'epoch': 2.56}
{'loss': 1.5064, 'learning_rate': 9.328957577536855e-05, 'epoch': 2.59}
{'loss': 1.5028, 'learning_rate': 9.318472539685869e-05, 'epoch': 2.62}
{'loss': 1.4994, 'learning_rate': 9.307987501834882e-05, 'epoch': 2.65}
{'loss': 1.4979, 'learning_rate': 9.297502463983895e-05, 'epoch': 2.68}
{'loss': 1.4958, 'learning_rate': 9.287017426132909e-05, 'epoch': 2.71}
{'loss': 1.4986, 'learning_rate': 9.276532388281922e-05, 'epoch': 2.74}
{'loss': 1.4874, 'learning_rate': 9.266047350430935e-05, 'epoch': 2.77}
{'loss': 1.4933, 'learning_rate': 9.255562312579948e-05, 'epoch': 2.8}
{'loss': 1.49, 'learning_rate': 9.245077274728963e-05, 'epoch': 2.83}
{'loss': 1.4887, 'learning_rate': 9.234592236877975e-05, 'epoch': 2.87}
{'loss': 1.4893, 'learning_rate': 9.224107199026989e-05, 'epoch': 2.9}
{'loss': 1.4837, 'learning_rate': 9.213622161176002e-05, 'epoch': 2.93}
{'loss': 1.4888, 'learning_rate': 9.203137123325015e-05, 'epoch': 2.96}
{'loss': 1.4854, 'learning_rate': 9.192652085474029e-05, 'epoch': 2.99}
{'loss': 1.4726, 'learning_rate': 9.182167047623043e-05, 'epoch': 3.02}
{'loss': 1.4689, 'learning_rate': 9.171682009772056e-05, 'epoch': 3.05}
{'loss': 1.4743, 'learning_rate': 9.161196971921069e-05, 'epoch': 3.08}
{'loss': 1.4723, 'learning_rate': 9.150711934070082e-05, 'epoch': 3.11}
{'loss': 1.47, 'learning_rate': 9.140226896219096e-05, 'epoch': 3.14}
{'loss': 1.4728, 'learning_rate': 9.12974185836811e-05, 'epoch': 3.17}
{'loss': 1.4635, 'learning_rate': 9.119256820517123e-05, 'epoch': 3.2}
{'loss': 1.4722, 'learning_rate': 9.108771782666136e-05, 'epoch': 3.23}
{'loss': 1.4708, 'learning_rate': 9.09828674481515e-05, 'epoch': 3.27}
{'loss': 1.4656, 'learning_rate': 9.087801706964163e-05, 'epoch': 3.3}
{'loss': 1.4625, 'learning_rate': 9.077316669113176e-05, 'epoch': 3.33}
{'loss': 1.4634, 'learning_rate': 9.06683163126219e-05, 'epoch': 3.36}
{'loss': 1.462, 'learning_rate': 9.056346593411202e-05, 'epoch': 3.39}
{'loss': 1.4598, 'learning_rate': 9.045861555560216e-05, 'epoch': 3.42}
{'loss': 1.459, 'learning_rate': 9.03537651770923e-05, 'epoch': 3.45}
{'loss': 1.4589, 'learning_rate': 9.024891479858243e-05, 'epoch': 3.48}
{'loss': 1.4599, 'learning_rate': 9.014406442007256e-05, 'epoch': 3.51}
{'loss': 1.458, 'learning_rate': 9.00392140415627e-05, 'epoch': 3.54}
{'loss': 1.4618, 'learning_rate': 8.993436366305282e-05, 'epoch': 3.57}
{'loss': 1.459, 'learning_rate': 8.982951328454297e-05, 'epoch': 3.6}
{'loss': 1.453, 'learning_rate': 8.97246629060331e-05, 'epoch': 3.64}
{'loss': 1.4476, 'learning_rate': 8.961981252752323e-05, 'epoch': 3.67}
{'loss': 1.4482, 'learning_rate': 8.951496214901336e-05, 'epoch': 3.7}
{'loss': 1.4552, 'learning_rate': 8.94101117705035e-05, 'epoch': 3.73}
{'loss': 1.4465, 'learning_rate': 8.930526139199363e-05, 'epoch': 3.76}
{'loss': 1.4453, 'learning_rate': 8.920041101348376e-05, 'epoch': 3.79}
{'loss': 1.4476, 'learning_rate': 8.90955606349739e-05, 'epoch': 3.82}
{'loss': 1.4484, 'learning_rate': 8.899071025646402e-05, 'epoch': 3.85}
{'loss': 1.4432, 'learning_rate': 8.888585987795416e-05, 'epoch': 3.88}
{'loss': 1.4388, 'learning_rate': 8.87810094994443e-05, 'epoch': 3.91}
{'loss': 1.4433, 'learning_rate': 8.867615912093444e-05, 'epoch': 3.94}
{'loss': 1.4427, 'learning_rate': 8.857130874242456e-05, 'epoch': 3.97}
{'loss': 1.4317, 'learning_rate': 8.84664583639147e-05, 'epoch': 4.01}
{'loss': 1.4317, 'learning_rate': 8.836160798540482e-05, 'epoch': 4.04}
{'loss': 1.4336, 'learning_rate': 8.825675760689497e-05, 'epoch': 4.07}
{'loss': 1.4358, 'learning_rate': 8.81519072283851e-05, 'epoch': 4.1}
{'loss': 1.4267, 'learning_rate': 8.804705684987524e-05, 'epoch': 4.13}
{'loss': 1.4307, 'learning_rate': 8.794220647136536e-05, 'epoch': 4.16}
{'loss': 1.4311, 'learning_rate': 8.78373560928555e-05, 'epoch': 4.19}
{'loss': 1.4293, 'learning_rate': 8.773250571434564e-05, 'epoch': 4.22}
{'loss': 1.4236, 'learning_rate': 8.762765533583576e-05, 'epoch': 4.25}
{'loss': 1.4273, 'learning_rate': 8.75228049573259e-05, 'epoch': 4.28}
{'loss': 1.4242, 'learning_rate': 8.741795457881602e-05, 'epoch': 4.31}
{'loss': 1.4251, 'learning_rate': 8.731310420030618e-05, 'epoch': 4.34}
{'loss': 1.424, 'learning_rate': 8.72082538217963e-05, 'epoch': 4.37}
{'loss': 1.4193, 'learning_rate': 8.710340344328644e-05, 'epoch': 4.41}
{'loss': 1.4215, 'learning_rate': 8.699855306477656e-05, 'epoch': 4.44}
{'loss': 1.4195, 'learning_rate': 8.68937026862667e-05, 'epoch': 4.47}
{'loss': 1.4211, 'learning_rate': 8.678885230775684e-05, 'epoch': 4.5}
{'loss': 1.4205, 'learning_rate': 8.668400192924698e-05, 'epoch': 4.53}
{'loss': 1.421, 'learning_rate': 8.65791515507371e-05, 'epoch': 4.56}
{'loss': 1.4184, 'learning_rate': 8.647430117222724e-05, 'epoch': 4.59}
{'loss': 1.4189, 'learning_rate': 8.636945079371736e-05, 'epoch': 4.62}
{'loss': 1.4207, 'learning_rate': 8.626460041520751e-05, 'epoch': 4.65}
{'loss': 1.4121, 'learning_rate': 8.615975003669764e-05, 'epoch': 4.68}
{'loss': 1.4155, 'learning_rate': 8.605489965818778e-05, 'epoch': 4.71}
{'loss': 1.4155, 'learning_rate': 8.59500492796779e-05, 'epoch': 4.74}
{'loss': 1.4172, 'learning_rate': 8.584519890116804e-05, 'epoch': 4.78}
{'loss': 1.4087, 'learning_rate': 8.574034852265818e-05, 'epoch': 4.81}
{'loss': 1.4094, 'learning_rate': 8.56354981441483e-05, 'epoch': 4.84}
{'loss': 1.4109, 'learning_rate': 8.553064776563844e-05, 'epoch': 4.87}
{'loss': 1.4109, 'learning_rate': 8.542579738712856e-05, 'epoch': 4.9}
{'loss': 1.4056, 'learning_rate': 8.53209470086187e-05, 'epoch': 4.93}
{'loss': 1.4068, 'learning_rate': 8.521609663010884e-05, 'epoch': 4.96}
{'loss': 1.4081, 'learning_rate': 8.511124625159898e-05, 'epoch': 4.99}
{'loss': 1.4017, 'learning_rate': 8.50063958730891e-05, 'epoch': 5.02}
{'loss': 1.3983, 'learning_rate': 8.490154549457924e-05, 'epoch': 5.05}
{'loss': 1.3995, 'learning_rate': 8.479669511606937e-05, 'epoch': 5.08}
{'loss': 1.4009, 'learning_rate': 8.469184473755952e-05, 'epoch': 5.11}
{'loss': 1.3985, 'learning_rate': 8.458699435904964e-05, 'epoch': 5.15}
{'loss': 1.4004, 'learning_rate': 8.448214398053978e-05, 'epoch': 5.18}
{'loss': 1.4024, 'learning_rate': 8.43772936020299e-05, 'epoch': 5.21}
{'loss': 1.3934, 'learning_rate': 8.427244322352004e-05, 'epoch': 5.24}
{'loss': 1.3948, 'learning_rate': 8.416759284501018e-05, 'epoch': 5.27}
{'loss': 1.3963, 'learning_rate': 8.40627424665003e-05, 'epoch': 5.3}
{'loss': 1.3924, 'learning_rate': 8.395789208799044e-05, 'epoch': 5.33}
{'loss': 1.3943, 'learning_rate': 8.385304170948057e-05, 'epoch': 5.36}
{'loss': 1.3882, 'learning_rate': 8.37481913309707e-05, 'epoch': 5.39}
{'loss': 1.3931, 'learning_rate': 8.364334095246084e-05, 'epoch': 5.42}
{'loss': 1.3865, 'learning_rate': 8.353849057395098e-05, 'epoch': 5.45}
{'loss': 1.3898, 'learning_rate': 8.34336401954411e-05, 'epoch': 5.48}
{'loss': 1.3871, 'learning_rate': 8.332878981693124e-05, 'epoch': 5.51}
{'loss': 1.3823, 'learning_rate': 8.322393943842137e-05, 'epoch': 5.55}
{'loss': 1.388, 'learning_rate': 8.311908905991152e-05, 'epoch': 5.58}
{'loss': 1.3953, 'learning_rate': 8.301423868140164e-05, 'epoch': 5.61}
{'loss': 1.3903, 'learning_rate': 8.290938830289178e-05, 'epoch': 5.64}
{'loss': 1.389, 'learning_rate': 8.28045379243819e-05, 'epoch': 5.67}
{'loss': 1.3848, 'learning_rate': 8.269968754587204e-05, 'epoch': 5.7}
{'loss': 1.3843, 'learning_rate': 8.259483716736218e-05, 'epoch': 5.73}
{'loss': 1.3837, 'learning_rate': 8.248998678885231e-05, 'epoch': 5.76}
{'loss': 1.3816, 'learning_rate': 8.238513641034245e-05, 'epoch': 5.79}
{'loss': 1.3853, 'learning_rate': 8.228028603183258e-05, 'epoch': 5.82}
{'loss': 1.3875, 'learning_rate': 8.217543565332271e-05, 'epoch': 5.85}
{'loss': 1.3838, 'learning_rate': 8.207058527481285e-05, 'epoch': 5.88}
{'loss': 1.3858, 'learning_rate': 8.196573489630298e-05, 'epoch': 5.92}
{'loss': 1.3799, 'learning_rate': 8.186088451779311e-05, 'epoch': 5.95}
{'loss': 1.3817, 'learning_rate': 8.175603413928325e-05, 'epoch': 5.98}
{'loss': 1.3799, 'learning_rate': 8.165118376077337e-05, 'epoch': 6.01}
{'loss': 1.3731, 'learning_rate': 8.154633338226352e-05, 'epoch': 6.04}
{'loss': 1.3756, 'learning_rate': 8.144148300375365e-05, 'epoch': 6.07}
{'loss': 1.3749, 'learning_rate': 8.133663262524378e-05, 'epoch': 6.1}
{'loss': 1.3722, 'learning_rate': 8.123178224673391e-05, 'epoch': 6.13}
{'loss': 1.3707, 'learning_rate': 8.112693186822405e-05, 'epoch': 6.16}
{'loss': 1.3686, 'learning_rate': 8.102208148971418e-05, 'epoch': 6.19}
{'loss': 1.374, 'learning_rate': 8.091723111120432e-05, 'epoch': 6.22}
{'loss': 1.3786, 'learning_rate': 8.081238073269445e-05, 'epoch': 6.25}
{'loss': 1.3691, 'learning_rate': 8.070753035418459e-05, 'epoch': 6.29}
{'loss': 1.3726, 'learning_rate': 8.060267997567471e-05, 'epoch': 6.32}
{'loss': 1.3699, 'learning_rate': 8.049782959716485e-05, 'epoch': 6.35}
{'loss': 1.3688, 'learning_rate': 8.039297921865499e-05, 'epoch': 6.38}
{'loss': 1.3685, 'learning_rate': 8.028812884014511e-05, 'epoch': 6.41}
{'loss': 1.3642, 'learning_rate': 8.018327846163525e-05, 'epoch': 6.44}
{'loss': 1.3653, 'learning_rate': 8.007842808312537e-05, 'epoch': 6.47}
{'loss': 1.3706, 'learning_rate': 7.997357770461552e-05, 'epoch': 6.5}
{'loss': 1.3648, 'learning_rate': 7.986872732610565e-05, 'epoch': 6.53}
{'loss': 1.362, 'learning_rate': 7.976387694759579e-05, 'epoch': 6.56}
{'loss': 1.3644, 'learning_rate': 7.965902656908591e-05, 'epoch': 6.59}
{'loss': 1.3682, 'learning_rate': 7.955417619057605e-05, 'epoch': 6.62}
{'loss': 1.365, 'learning_rate': 7.944932581206619e-05, 'epoch': 6.65}
{'loss': 1.3637, 'learning_rate': 7.934447543355633e-05, 'epoch': 6.69}
{'loss': 1.3668, 'learning_rate': 7.923962505504645e-05, 'epoch': 6.72}
{'loss': 1.3692, 'learning_rate': 7.913477467653659e-05, 'epoch': 6.75}
{'loss': 1.3588, 'learning_rate': 7.902992429802673e-05, 'epoch': 6.78}
{'loss': 1.3552, 'learning_rate': 7.892507391951685e-05, 'epoch': 6.81}
{'loss': 1.3616, 'learning_rate': 7.882022354100699e-05, 'epoch': 6.84}
{'loss': 1.3536, 'learning_rate': 7.871537316249711e-05, 'epoch': 6.87}
{'loss': 1.3567, 'learning_rate': 7.861052278398725e-05, 'epoch': 6.9}
{'loss': 1.3563, 'learning_rate': 7.850567240547739e-05, 'epoch': 6.93}
{'loss': 1.3592, 'learning_rate': 7.840082202696753e-05, 'epoch': 6.96}
{'loss': 1.3545, 'learning_rate': 7.829597164845765e-05, 'epoch': 6.99}
{'loss': 1.3549, 'learning_rate': 7.819112126994779e-05, 'epoch': 7.02}
{'loss': 1.3549, 'learning_rate': 7.808627089143791e-05, 'epoch': 7.06}
{'loss': 1.3525, 'learning_rate': 7.798142051292807e-05, 'epoch': 7.09}
{'loss': 1.3464, 'learning_rate': 7.787657013441819e-05, 'epoch': 7.12}
{'loss': 1.3508, 'learning_rate': 7.777171975590833e-05, 'epoch': 7.15}
{'loss': 1.3453, 'learning_rate': 7.766686937739845e-05, 'epoch': 7.18}
{'loss': 1.3546, 'learning_rate': 7.756201899888859e-05, 'epoch': 7.21}
{'loss': 1.3525, 'learning_rate': 7.745716862037873e-05, 'epoch': 7.24}
{'loss': 1.3439, 'learning_rate': 7.735231824186887e-05, 'epoch': 7.27}
{'loss': 1.3485, 'learning_rate': 7.724746786335899e-05, 'epoch': 7.3}
{'loss': 1.3456, 'learning_rate': 7.714261748484913e-05, 'epoch': 7.33}
{'loss': 1.3503, 'learning_rate': 7.703776710633925e-05, 'epoch': 7.36}
{'loss': 1.3464, 'learning_rate': 7.693291672782939e-05, 'epoch': 7.39}
{'loss': 1.3482, 'learning_rate': 7.682806634931953e-05, 'epoch': 7.42}
{'loss': 1.3448, 'learning_rate': 7.672321597080965e-05, 'epoch': 7.46}
{'loss': 1.3411, 'learning_rate': 7.661836559229979e-05, 'epoch': 7.49}
{'loss': 1.3493, 'learning_rate': 7.651351521378992e-05, 'epoch': 7.52}
{'loss': 1.3438, 'learning_rate': 7.640866483528007e-05, 'epoch': 7.55}
{'loss': 1.3499, 'learning_rate': 7.630381445677019e-05, 'epoch': 7.58}
{'loss': 1.3496, 'learning_rate': 7.619896407826033e-05, 'epoch': 7.61}
{'loss': 1.3446, 'learning_rate': 7.609411369975045e-05, 'epoch': 7.64}
{'loss': 1.3385, 'learning_rate': 7.598926332124059e-05, 'epoch': 7.67}
{'loss': 1.3432, 'learning_rate': 7.588441294273073e-05, 'epoch': 7.7}
{'loss': 1.34, 'learning_rate': 7.577956256422087e-05, 'epoch': 7.73}
{'loss': 1.337, 'learning_rate': 7.567471218571099e-05, 'epoch': 7.76}
{'loss': 1.3433, 'learning_rate': 7.556986180720113e-05, 'epoch': 7.79}
{'loss': 1.3409, 'learning_rate': 7.546501142869126e-05, 'epoch': 7.83}
{'loss': 1.3401, 'learning_rate': 7.53601610501814e-05, 'epoch': 7.86}
{'loss': 1.3448, 'learning_rate': 7.525531067167153e-05, 'epoch': 7.89}
{'loss': 1.3368, 'learning_rate': 7.515046029316166e-05, 'epoch': 7.92}
{'loss': 1.3348, 'learning_rate': 7.50456099146518e-05, 'epoch': 7.95}
{'loss': 1.3372, 'learning_rate': 7.494075953614192e-05, 'epoch': 7.98}
{'loss': 1.3395, 'learning_rate': 7.483590915763207e-05, 'epoch': 8.01}
{'loss': 1.3294, 'learning_rate': 7.47310587791222e-05, 'epoch': 8.04}
{'loss': 1.3348, 'learning_rate': 7.462620840061233e-05, 'epoch': 8.07}
{'loss': 1.3276, 'learning_rate': 7.452135802210246e-05, 'epoch': 8.1}
{'loss': 1.3246, 'learning_rate': 7.44165076435926e-05, 'epoch': 8.13}
{'loss': 1.3306, 'learning_rate': 7.431165726508273e-05, 'epoch': 8.16}
{'loss': 1.3215, 'learning_rate': 7.420680688657287e-05, 'epoch': 8.2}
{'loss': 1.3285, 'learning_rate': 7.4101956508063e-05, 'epoch': 8.23}
{'loss': 1.3267, 'learning_rate': 7.399710612955313e-05, 'epoch': 8.26}
{'loss': 1.333, 'learning_rate': 7.389225575104326e-05, 'epoch': 8.29}
{'loss': 1.3262, 'learning_rate': 7.37874053725334e-05, 'epoch': 8.32}
{'loss': 1.3266, 'learning_rate': 7.368255499402353e-05, 'epoch': 8.35}
{'loss': 1.3299, 'learning_rate': 7.357770461551367e-05, 'epoch': 8.38}
{'loss': 1.3267, 'learning_rate': 7.34728542370038e-05, 'epoch': 8.41}
{'loss': 1.3309, 'learning_rate': 7.336800385849393e-05, 'epoch': 8.44}
{'loss': 1.3254, 'learning_rate': 7.326315347998407e-05, 'epoch': 8.47}
{'loss': 1.3228, 'learning_rate': 7.31583031014742e-05, 'epoch': 8.5}
{'loss': 1.3278, 'learning_rate': 7.305345272296433e-05, 'epoch': 8.53}
{'loss': 1.3301, 'learning_rate': 7.294860234445446e-05, 'epoch': 8.56}
{'loss': 1.3284, 'learning_rate': 7.28437519659446e-05, 'epoch': 8.6}
{'loss': 1.3221, 'learning_rate': 7.273890158743474e-05, 'epoch': 8.63}
{'loss': 1.323, 'learning_rate': 7.263405120892487e-05, 'epoch': 8.66}
{'loss': 1.3278, 'learning_rate': 7.2529200830415e-05, 'epoch': 8.69}
{'loss': 1.3215, 'learning_rate': 7.242435045190514e-05, 'epoch': 8.72}
{'loss': 1.3217, 'learning_rate': 7.231950007339526e-05, 'epoch': 8.75}
{'loss': 1.3266, 'learning_rate': 7.221464969488541e-05, 'epoch': 8.78}
{'loss': 1.3255, 'learning_rate': 7.210979931637554e-05, 'epoch': 8.81}
{'loss': 1.3238, 'learning_rate': 7.200494893786567e-05, 'epoch': 8.84}
{'loss': 1.3217, 'learning_rate': 7.19000985593558e-05, 'epoch': 8.87}
{'loss': 1.3225, 'learning_rate': 7.179524818084594e-05, 'epoch': 8.9}
{'loss': 1.3245, 'learning_rate': 7.169039780233607e-05, 'epoch': 8.93}
{'loss': 1.3288, 'learning_rate': 7.15855474238262e-05, 'epoch': 8.97}
{'loss': 1.3207, 'learning_rate': 7.148069704531634e-05, 'epoch': 9.0}
{'loss': 1.3128, 'learning_rate': 7.137584666680646e-05, 'epoch': 9.03}
{'loss': 1.3191, 'learning_rate': 7.12709962882966e-05, 'epoch': 9.06}
{'loss': 1.3082, 'learning_rate': 7.116614590978674e-05, 'epoch': 9.09}
{'loss': 1.3115, 'learning_rate': 7.106129553127688e-05, 'epoch': 9.12}
{'loss': 1.319, 'learning_rate': 7.0956445152767e-05, 'epoch': 9.15}
{'loss': 1.3146, 'learning_rate': 7.085159477425714e-05, 'epoch': 9.18}
{'loss': 1.3109, 'learning_rate': 7.074674439574728e-05, 'epoch': 9.21}
{'loss': 1.3091, 'learning_rate': 7.064189401723741e-05, 'epoch': 9.24}
{'loss': 1.3127, 'learning_rate': 7.053704363872754e-05, 'epoch': 9.27}
{'loss': 1.3137, 'learning_rate': 7.043219326021768e-05, 'epoch': 9.3}
{'loss': 1.3186, 'learning_rate': 7.03273428817078e-05, 'epoch': 9.34}
{'loss': 1.3066, 'learning_rate': 7.022249250319794e-05, 'epoch': 9.37}
{'loss': 1.3136, 'learning_rate': 7.011764212468808e-05, 'epoch': 9.4}
{'loss': 1.3091, 'learning_rate': 7.00127917461782e-05, 'epoch': 9.43}
{'loss': 1.3068, 'learning_rate': 6.990794136766834e-05, 'epoch': 9.46}
{'loss': 1.3138, 'learning_rate': 6.980309098915846e-05, 'epoch': 9.49}
{'loss': 1.312, 'learning_rate': 6.969824061064862e-05, 'epoch': 9.52}
{'loss': 1.3097, 'learning_rate': 6.959339023213874e-05, 'epoch': 9.55}
{'loss': 1.3072, 'learning_rate': 6.948853985362888e-05, 'epoch': 9.58}
{'loss': 1.3081, 'learning_rate': 6.9383689475119e-05, 'epoch': 9.61}
{'loss': 1.3102, 'learning_rate': 6.927883909660914e-05, 'epoch': 9.64}
{'loss': 1.3033, 'learning_rate': 6.917398871809928e-05, 'epoch': 9.67}
{'loss': 1.3133, 'learning_rate': 6.906913833958942e-05, 'epoch': 9.7}
{'loss': 1.3025, 'learning_rate': 6.896428796107954e-05, 'epoch': 9.74}
{'loss': 1.299, 'learning_rate': 6.885943758256968e-05, 'epoch': 9.77}
{'loss': 1.3093, 'learning_rate': 6.87545872040598e-05, 'epoch': 9.8}
{'loss': 1.3091, 'learning_rate': 6.864973682554996e-05, 'epoch': 9.83}
{'loss': 1.3051, 'learning_rate': 6.854488644704008e-05, 'epoch': 9.86}
{'loss': 1.3077, 'learning_rate': 6.844003606853022e-05, 'epoch': 9.89}
{'loss': 1.3077, 'learning_rate': 6.833518569002034e-05, 'epoch': 9.92}
{'loss': 1.3042, 'learning_rate': 6.823033531151048e-05, 'epoch': 9.95}
{'loss': 1.3004, 'learning_rate': 6.812548493300062e-05, 'epoch': 9.98}
{'loss': 1.2989, 'learning_rate': 6.802063455449074e-05, 'epoch': 10.01}
{'loss': 1.299, 'learning_rate': 6.791578417598088e-05, 'epoch': 10.04}
{'loss': 1.3026, 'learning_rate': 6.7810933797471e-05, 'epoch': 10.07}
{'loss': 1.2959, 'learning_rate': 6.770608341896114e-05, 'epoch': 10.11}
{'loss': 1.294, 'learning_rate': 6.760123304045128e-05, 'epoch': 10.14}
{'loss': 1.2915, 'learning_rate': 6.749638266194142e-05, 'epoch': 10.17}
{'loss': 1.2939, 'learning_rate': 6.739153228343154e-05, 'epoch': 10.2}
{'loss': 1.2961, 'learning_rate': 6.728668190492168e-05, 'epoch': 10.23}
{'loss': 1.2993, 'learning_rate': 6.71818315264118e-05, 'epoch': 10.26}
{'loss': 1.2951, 'learning_rate': 6.707698114790196e-05, 'epoch': 10.29}
{'loss': 1.2995, 'learning_rate': 6.697213076939208e-05, 'epoch': 10.32}
{'loss': 1.2985, 'learning_rate': 6.686728039088222e-05, 'epoch': 10.35}
{'loss': 1.2973, 'learning_rate': 6.676243001237234e-05, 'epoch': 10.38}
{'loss': 1.2922, 'learning_rate': 6.665757963386248e-05, 'epoch': 10.41}
{'loss': 1.2932, 'learning_rate': 6.655272925535262e-05, 'epoch': 10.44}
{'loss': 1.3021, 'learning_rate': 6.644787887684274e-05, 'epoch': 10.48}
{'loss': 1.293, 'learning_rate': 6.634302849833288e-05, 'epoch': 10.51}
{'loss': 1.294, 'learning_rate': 6.623817811982301e-05, 'epoch': 10.54}
{'loss': 1.2962, 'learning_rate': 6.613332774131315e-05, 'epoch': 10.57}
{'loss': 1.2959, 'learning_rate': 6.602847736280328e-05, 'epoch': 10.6}
{'loss': 1.2923, 'learning_rate': 6.592362698429342e-05, 'epoch': 10.63}
{'loss': 1.2925, 'learning_rate': 6.581877660578355e-05, 'epoch': 10.66}
{'loss': 1.2932, 'learning_rate': 6.571392622727368e-05, 'epoch': 10.69}
{'loss': 1.2858, 'learning_rate': 6.560907584876381e-05, 'epoch': 10.72}
{'loss': 1.2913, 'learning_rate': 6.550422547025396e-05, 'epoch': 10.75}
{'loss': 1.2937, 'learning_rate': 6.539937509174408e-05, 'epoch': 10.78}
{'loss': 1.2963, 'learning_rate': 6.529452471323422e-05, 'epoch': 10.81}
{'loss': 1.2913, 'learning_rate': 6.518967433472435e-05, 'epoch': 10.84}
{'loss': 1.2903, 'learning_rate': 6.508482395621448e-05, 'epoch': 10.88}
{'loss': 1.2881, 'learning_rate': 6.497997357770462e-05, 'epoch': 10.91}
{'loss': 1.2931, 'learning_rate': 6.487512319919475e-05, 'epoch': 10.94}
{'loss': 1.291, 'learning_rate': 6.477027282068489e-05, 'epoch': 10.97}
{'loss': 1.2786, 'learning_rate': 6.466542244217502e-05, 'epoch': 11.0}
{'loss': 1.2836, 'learning_rate': 6.456057206366515e-05, 'epoch': 11.03}
{'loss': 1.2864, 'learning_rate': 6.445572168515529e-05, 'epoch': 11.06}
{'loss': 1.2767, 'learning_rate': 6.435087130664542e-05, 'epoch': 11.09}
{'loss': 1.2787, 'learning_rate': 6.424602092813555e-05, 'epoch': 11.12}
{'loss': 1.2774, 'learning_rate': 6.414117054962569e-05, 'epoch': 11.15}
{'loss': 1.2811, 'learning_rate': 6.403632017111581e-05, 'epoch': 11.18}
{'loss': 1.2774, 'learning_rate': 6.393146979260596e-05, 'epoch': 11.21}
{'loss': 1.2809, 'learning_rate': 6.382661941409609e-05, 'epoch': 11.25}
{'loss': 1.2812, 'learning_rate': 6.372176903558622e-05, 'epoch': 11.28}
{'loss': 1.278, 'learning_rate': 6.361691865707635e-05, 'epoch': 11.31}
{'loss': 1.2841, 'learning_rate': 6.351206827856649e-05, 'epoch': 11.34}
{'loss': 1.284, 'learning_rate': 6.340721790005663e-05, 'epoch': 11.37}
{'loss': 1.2777, 'learning_rate': 6.330236752154676e-05, 'epoch': 11.4}
{'loss': 1.2841, 'learning_rate': 6.319751714303689e-05, 'epoch': 11.43}
{'loss': 1.2773, 'learning_rate': 6.309266676452703e-05, 'epoch': 11.46}
{'loss': 1.2785, 'learning_rate': 6.298781638601715e-05, 'epoch': 11.49}
{'loss': 1.2809, 'learning_rate': 6.288296600750729e-05, 'epoch': 11.52}
{'loss': 1.2812, 'learning_rate': 6.277811562899743e-05, 'epoch': 11.55}
{'loss': 1.2775, 'learning_rate': 6.267326525048755e-05, 'epoch': 11.58}
{'loss': 1.2807, 'learning_rate': 6.256841487197769e-05, 'epoch': 11.62}
{'loss': 1.2748, 'learning_rate': 6.246356449346783e-05, 'epoch': 11.65}
{'loss': 1.2781, 'learning_rate': 6.235871411495796e-05, 'epoch': 11.68}
{'loss': 1.2782, 'learning_rate': 6.225386373644809e-05, 'epoch': 11.71}
{'loss': 1.2801, 'learning_rate': 6.214901335793823e-05, 'epoch': 11.74}
{'loss': 1.2832, 'learning_rate': 6.204416297942835e-05, 'epoch': 11.77}
{'loss': 1.2771, 'learning_rate': 6.19393126009185e-05, 'epoch': 11.8}
{'loss': 1.2845, 'learning_rate': 6.183446222240863e-05, 'epoch': 11.83}
{'loss': 1.2755, 'learning_rate': 6.172961184389877e-05, 'epoch': 11.86}
{'loss': 1.2776, 'learning_rate': 6.162476146538889e-05, 'epoch': 11.89}
{'loss': 1.2767, 'learning_rate': 6.151991108687903e-05, 'epoch': 11.92}
{'loss': 1.2774, 'learning_rate': 6.141506070836917e-05, 'epoch': 11.95}
{'loss': 1.2752, 'learning_rate': 6.131021032985929e-05, 'epoch': 11.98}
{'loss': 1.2754, 'learning_rate': 6.120535995134943e-05, 'epoch': 12.02}
{'loss': 1.2693, 'learning_rate': 6.110050957283955e-05, 'epoch': 12.05}
{'loss': 1.2702, 'learning_rate': 6.099565919432969e-05, 'epoch': 12.08}
{'loss': 1.2723, 'learning_rate': 6.0890808815819836e-05, 'epoch': 12.11}
{'loss': 1.2661, 'learning_rate': 6.078595843730997e-05, 'epoch': 12.14}
{'loss': 1.2689, 'learning_rate': 6.06811080588001e-05, 'epoch': 12.17}
{'loss': 1.2696, 'learning_rate': 6.057625768029023e-05, 'epoch': 12.2}
{'loss': 1.2673, 'learning_rate': 6.047140730178036e-05, 'epoch': 12.23}
{'loss': 1.2651, 'learning_rate': 6.03665569232705e-05, 'epoch': 12.26}
{'loss': 1.2719, 'learning_rate': 6.026170654476063e-05, 'epoch': 12.29}
{'loss': 1.2651, 'learning_rate': 6.015685616625076e-05, 'epoch': 12.32}
{'loss': 1.2689, 'learning_rate': 6.005200578774089e-05, 'epoch': 12.35}
{'loss': 1.2605, 'learning_rate': 5.9947155409231024e-05, 'epoch': 12.39}
{'loss': 1.268, 'learning_rate': 5.984230503072117e-05, 'epoch': 12.42}
{'loss': 1.2677, 'learning_rate': 5.97374546522113e-05, 'epoch': 12.45}
{'loss': 1.2699, 'learning_rate': 5.963260427370143e-05, 'epoch': 12.48}
{'loss': 1.2679, 'learning_rate': 5.952775389519156e-05, 'epoch': 12.51}
{'loss': 1.2665, 'learning_rate': 5.942290351668169e-05, 'epoch': 12.54}
{'loss': 1.2674, 'learning_rate': 5.931805313817184e-05, 'epoch': 12.57}
{'loss': 1.2695, 'learning_rate': 5.921320275966197e-05, 'epoch': 12.6}
{'loss': 1.2626, 'learning_rate': 5.91083523811521e-05, 'epoch': 12.63}
{'loss': 1.2673, 'learning_rate': 5.900350200264223e-05, 'epoch': 12.66}
{'loss': 1.2709, 'learning_rate': 5.889865162413236e-05, 'epoch': 12.69}
{'loss': 1.2668, 'learning_rate': 5.87938012456225e-05, 'epoch': 12.72}
{'loss': 1.2621, 'learning_rate': 5.868895086711263e-05, 'epoch': 12.75}
{'loss': 1.263, 'learning_rate': 5.8584100488602764e-05, 'epoch': 12.79}
{'loss': 1.2638, 'learning_rate': 5.8479250110092895e-05, 'epoch': 12.82}
{'loss': 1.2625, 'learning_rate': 5.8374399731583026e-05, 'epoch': 12.85}
{'loss': 1.2602, 'learning_rate': 5.826954935307317e-05, 'epoch': 12.88}
{'loss': 1.267, 'learning_rate': 5.81646989745633e-05, 'epoch': 12.91}
{'loss': 1.2655, 'learning_rate': 5.805984859605343e-05, 'epoch': 12.94}
{'loss': 1.2629, 'learning_rate': 5.7954998217543564e-05, 'epoch': 12.97}
{'loss': 1.2686, 'learning_rate': 5.7850147839033696e-05, 'epoch': 13.0}
{'loss': 1.2545, 'learning_rate': 5.774529746052384e-05, 'epoch': 13.03}
{'loss': 1.2619, 'learning_rate': 5.764044708201397e-05, 'epoch': 13.06}
{'loss': 1.2537, 'learning_rate': 5.75355967035041e-05, 'epoch': 13.09}
{'loss': 1.2543, 'learning_rate': 5.7430746324994234e-05, 'epoch': 13.12}
{'loss': 1.2593, 'learning_rate': 5.7325895946484365e-05, 'epoch': 13.16}
{'loss': 1.2524, 'learning_rate': 5.722104556797451e-05, 'epoch': 13.19}
{'loss': 1.2586, 'learning_rate': 5.711619518946464e-05, 'epoch': 13.22}
{'loss': 1.2558, 'learning_rate': 5.701134481095477e-05, 'epoch': 13.25}
{'loss': 1.25, 'learning_rate': 5.6906494432444904e-05, 'epoch': 13.28}
{'loss': 1.2493, 'learning_rate': 5.6801644053935035e-05, 'epoch': 13.31}
{'loss': 1.2583, 'learning_rate': 5.669679367542517e-05, 'epoch': 13.34}
{'loss': 1.2544, 'learning_rate': 5.6591943296915304e-05, 'epoch': 13.37}
{'loss': 1.2563, 'learning_rate': 5.6487092918405436e-05, 'epoch': 13.4}
{'loss': 1.2552, 'learning_rate': 5.638224253989557e-05, 'epoch': 13.43}
{'loss': 1.255, 'learning_rate': 5.62773921613857e-05, 'epoch': 13.46}
{'loss': 1.2548, 'learning_rate': 5.617254178287584e-05, 'epoch': 13.49}
{'loss': 1.2469, 'learning_rate': 5.6067691404365974e-05, 'epoch': 13.53}
{'loss': 1.2506, 'learning_rate': 5.5962841025856105e-05, 'epoch': 13.56}
{'loss': 1.2589, 'learning_rate': 5.5857990647346237e-05, 'epoch': 13.59}
{'loss': 1.2533, 'learning_rate': 5.575314026883637e-05, 'epoch': 13.62}
{'loss': 1.2549, 'learning_rate': 5.564828989032651e-05, 'epoch': 13.65}
{'loss': 1.2516, 'learning_rate': 5.5543439511816644e-05, 'epoch': 13.68}
{'loss': 1.2575, 'learning_rate': 5.5438589133306775e-05, 'epoch': 13.71}
{'loss': 1.2527, 'learning_rate': 5.5333738754796906e-05, 'epoch': 13.74}
{'loss': 1.2568, 'learning_rate': 5.522888837628704e-05, 'epoch': 13.77}
{'loss': 1.2537, 'learning_rate': 5.5124037997777176e-05, 'epoch': 13.8}
{'loss': 1.249, 'learning_rate': 5.501918761926731e-05, 'epoch': 13.83}
{'loss': 1.2481, 'learning_rate': 5.491433724075744e-05, 'epoch': 13.86}
{'loss': 1.2504, 'learning_rate': 5.480948686224757e-05, 'epoch': 13.89}
{'loss': 1.2508, 'learning_rate': 5.47046364837377e-05, 'epoch': 13.93}
{'loss': 1.2506, 'learning_rate': 5.4599786105227845e-05, 'epoch': 13.96}
{'loss': 1.253, 'learning_rate': 5.4494935726717976e-05, 'epoch': 13.99}
{'loss': 1.2402, 'learning_rate': 5.439008534820811e-05, 'epoch': 14.02}
{'loss': 1.2401, 'learning_rate': 5.428523496969824e-05, 'epoch': 14.05}
{'loss': 1.2469, 'learning_rate': 5.4180384591188384e-05, 'epoch': 14.08}
{'loss': 1.2461, 'learning_rate': 5.4075534212678515e-05, 'epoch': 14.11}
{'loss': 1.2447, 'learning_rate': 5.3970683834168646e-05, 'epoch': 14.14}
{'loss': 1.2447, 'learning_rate': 5.386583345565878e-05, 'epoch': 14.17}
{'loss': 1.2455, 'learning_rate': 5.376098307714891e-05, 'epoch': 14.2}
{'loss': 1.2438, 'learning_rate': 5.365613269863905e-05, 'epoch': 14.23}
{'loss': 1.2402, 'learning_rate': 5.3551282320129185e-05, 'epoch': 14.26}
{'loss': 1.2409, 'learning_rate': 5.3446431941619316e-05, 'epoch': 14.3}
{'loss': 1.2397, 'learning_rate': 5.334158156310945e-05, 'epoch': 14.33}
{'loss': 1.2472, 'learning_rate': 5.323673118459958e-05, 'epoch': 14.36}
{'loss': 1.2409, 'learning_rate': 5.3131880806089716e-05, 'epoch': 14.39}
{'loss': 1.2415, 'learning_rate': 5.302703042757985e-05, 'epoch': 14.42}
{'loss': 1.2456, 'learning_rate': 5.292218004906998e-05, 'epoch': 14.45}
{'loss': 1.2358, 'learning_rate': 5.281732967056011e-05, 'epoch': 14.48}
{'loss': 1.242, 'learning_rate': 5.271247929205024e-05, 'epoch': 14.51}
{'loss': 1.2435, 'learning_rate': 5.2607628913540386e-05, 'epoch': 14.54}
{'loss': 1.2402, 'learning_rate': 5.250277853503052e-05, 'epoch': 14.57}
{'loss': 1.2408, 'learning_rate': 5.239792815652065e-05, 'epoch': 14.6}
{'loss': 1.2337, 'learning_rate': 5.229307777801078e-05, 'epoch': 14.63}
{'loss': 1.2363, 'learning_rate': 5.218822739950091e-05, 'epoch': 14.67}
{'loss': 1.2449, 'learning_rate': 5.2083377020991056e-05, 'epoch': 14.7}
{'loss': 1.24, 'learning_rate': 5.197852664248119e-05, 'epoch': 14.73}
{'loss': 1.244, 'learning_rate': 5.187367626397132e-05, 'epoch': 14.76}
{'loss': 1.2406, 'learning_rate': 5.176882588546145e-05, 'epoch': 14.79}
{'loss': 1.2409, 'learning_rate': 5.166397550695158e-05, 'epoch': 14.82}
{'loss': 1.2385, 'learning_rate': 5.155912512844172e-05, 'epoch': 14.85}
{'loss': 1.2401, 'learning_rate': 5.145427474993185e-05, 'epoch': 14.88}
{'loss': 1.2345, 'learning_rate': 5.134942437142198e-05, 'epoch': 14.91}
{'loss': 1.2377, 'learning_rate': 5.124457399291211e-05, 'epoch': 14.94}
{'loss': 1.2446, 'learning_rate': 5.1139723614402244e-05, 'epoch': 14.97}
{'loss': 1.2373, 'learning_rate': 5.103487323589239e-05, 'epoch': 15.0}
{'loss': 1.2315, 'learning_rate': 5.093002285738252e-05, 'epoch': 15.03}
{'loss': 1.2319, 'learning_rate': 5.082517247887265e-05, 'epoch': 15.07}
{'loss': 1.2297, 'learning_rate': 5.072032210036278e-05, 'epoch': 15.1}
{'loss': 1.2351, 'learning_rate': 5.0615471721852913e-05, 'epoch': 15.13}
{'loss': 1.2394, 'learning_rate': 5.051062134334306e-05, 'epoch': 15.16}
{'loss': 1.233, 'learning_rate': 5.040577096483319e-05, 'epoch': 15.19}
{'loss': 1.2359, 'learning_rate': 5.030092058632332e-05, 'epoch': 15.22}
{'loss': 1.2334, 'learning_rate': 5.019607020781345e-05, 'epoch': 15.25}
{'loss': 1.2319, 'learning_rate': 5.009121982930358e-05, 'epoch': 15.28}
{'loss': 1.2291, 'learning_rate': 4.998636945079372e-05, 'epoch': 15.31}
{'loss': 1.2309, 'learning_rate': 4.988151907228385e-05, 'epoch': 15.34}
{'loss': 1.2289, 'learning_rate': 4.9776668693773984e-05, 'epoch': 15.37}
{'loss': 1.2272, 'learning_rate': 4.9671818315264115e-05, 'epoch': 15.4}
{'loss': 1.2302, 'learning_rate': 4.956696793675425e-05, 'epoch': 15.44}
{'loss': 1.2335, 'learning_rate': 4.9462117558244384e-05, 'epoch': 15.47}
{'loss': 1.2257, 'learning_rate': 4.935726717973452e-05, 'epoch': 15.5}
{'loss': 1.2274, 'learning_rate': 4.925241680122465e-05, 'epoch': 15.53}
{'loss': 1.2247, 'learning_rate': 4.9147566422714785e-05, 'epoch': 15.56}
{'loss': 1.2297, 'learning_rate': 4.904271604420492e-05, 'epoch': 15.59}
{'loss': 1.233, 'learning_rate': 4.8937865665695054e-05, 'epoch': 15.62}
{'loss': 1.2327, 'learning_rate': 4.883301528718519e-05, 'epoch': 15.65}
{'loss': 1.2267, 'learning_rate': 4.872816490867532e-05, 'epoch': 15.68}
{'loss': 1.2266, 'learning_rate': 4.8623314530165454e-05, 'epoch': 15.71}
{'loss': 1.2315, 'learning_rate': 4.851846415165559e-05, 'epoch': 15.74}
{'loss': 1.2339, 'learning_rate': 4.8413613773145724e-05, 'epoch': 15.77}
{'loss': 1.2301, 'learning_rate': 4.830876339463586e-05, 'epoch': 15.81}
{'loss': 1.23, 'learning_rate': 4.820391301612599e-05, 'epoch': 15.84}
{'loss': 1.2245, 'learning_rate': 4.8099062637616124e-05, 'epoch': 15.87}
{'loss': 1.2261, 'learning_rate': 4.7994212259106255e-05, 'epoch': 15.9}
{'loss': 1.2235, 'learning_rate': 4.7889361880596386e-05, 'epoch': 15.93}
{'loss': 1.2289, 'learning_rate': 4.7784511502086524e-05, 'epoch': 15.96}
{'loss': 1.2362, 'learning_rate': 4.7679661123576656e-05, 'epoch': 15.99}
{'loss': 1.2246, 'learning_rate': 4.7574810745066794e-05, 'epoch': 16.02}
{'loss': 1.2213, 'learning_rate': 4.7469960366556925e-05, 'epoch': 16.05}
{'loss': 1.2269, 'learning_rate': 4.7365109988047056e-05, 'epoch': 16.08}
{'loss': 1.2314, 'learning_rate': 4.7260259609537194e-05, 'epoch': 16.11}
{'loss': 1.2171, 'learning_rate': 4.7155409231027325e-05, 'epoch': 16.14}
{'loss': 1.2222, 'learning_rate': 4.7050558852517463e-05, 'epoch': 16.17}
{'loss': 1.2167, 'learning_rate': 4.6945708474007595e-05, 'epoch': 16.21}
{'loss': 1.2194, 'learning_rate': 4.6840858095497726e-05, 'epoch': 16.24}
{'loss': 1.2207, 'learning_rate': 4.6736007716987864e-05, 'epoch': 16.27}
{'loss': 1.2166, 'learning_rate': 4.6631157338477995e-05, 'epoch': 16.3}
{'loss': 1.226, 'learning_rate': 4.652630695996813e-05, 'epoch': 16.33}
{'loss': 1.2179, 'learning_rate': 4.6421456581458264e-05, 'epoch': 16.36}
{'loss': 1.2272, 'learning_rate': 4.6316606202948396e-05, 'epoch': 16.39}
{'loss': 1.2152, 'learning_rate': 4.621175582443853e-05, 'epoch': 16.42}
{'loss': 1.2206, 'learning_rate': 4.610690544592866e-05, 'epoch': 16.45}
{'loss': 1.2197, 'learning_rate': 4.6002055067418796e-05, 'epoch': 16.48}
{'loss': 1.2206, 'learning_rate': 4.589720468890893e-05, 'epoch': 16.51}
{'loss': 1.224, 'learning_rate': 4.579235431039906e-05, 'epoch': 16.54}
{'loss': 1.2173, 'learning_rate': 4.5687503931889197e-05, 'epoch': 16.58}
{'loss': 1.2221, 'learning_rate': 4.558265355337933e-05, 'epoch': 16.61}
{'loss': 1.2126, 'learning_rate': 4.5477803174869466e-05, 'epoch': 16.64}
{'loss': 1.2208, 'learning_rate': 4.53729527963596e-05, 'epoch': 16.67}
{'loss': 1.2198, 'learning_rate': 4.526810241784973e-05, 'epoch': 16.7}
{'loss': 1.2161, 'learning_rate': 4.5163252039339866e-05, 'epoch': 16.73}
{'loss': 1.2203, 'learning_rate': 4.505840166083e-05, 'epoch': 16.76}
{'loss': 1.2226, 'learning_rate': 4.4953551282320136e-05, 'epoch': 16.79}
{'loss': 1.2199, 'learning_rate': 4.484870090381027e-05, 'epoch': 16.82}
{'loss': 1.2151, 'learning_rate': 4.47438505253004e-05, 'epoch': 16.85}
{'loss': 1.218, 'learning_rate': 4.4639000146790536e-05, 'epoch': 16.88}
{'loss': 1.2198, 'learning_rate': 4.453414976828067e-05, 'epoch': 16.91}
{'loss': 1.2185, 'learning_rate': 4.44292993897708e-05, 'epoch': 16.94}
{'loss': 1.2158, 'learning_rate': 4.432444901126093e-05, 'epoch': 16.98}
{'loss': 1.2185, 'learning_rate': 4.421959863275106e-05, 'epoch': 17.01}
{'loss': 1.2072, 'learning_rate': 4.41147482542412e-05, 'epoch': 17.04}
{'loss': 1.2137, 'learning_rate': 4.400989787573133e-05, 'epoch': 17.07}
{'loss': 1.2088, 'learning_rate': 4.390504749722147e-05, 'epoch': 17.1}
{'loss': 1.2097, 'learning_rate': 4.38001971187116e-05, 'epoch': 17.13}
{'loss': 1.2088, 'learning_rate': 4.369534674020174e-05, 'epoch': 17.16}
{'loss': 1.2045, 'learning_rate': 4.359049636169187e-05, 'epoch': 17.19}
{'loss': 1.207, 'learning_rate': 4.3485645983182e-05, 'epoch': 17.22}
{'loss': 1.2077, 'learning_rate': 4.338079560467214e-05, 'epoch': 17.25}
{'loss': 1.212, 'learning_rate': 4.327594522616227e-05, 'epoch': 17.28}
{'loss': 1.2081, 'learning_rate': 4.317109484765241e-05, 'epoch': 17.31}
{'loss': 1.2137, 'learning_rate': 4.306624446914254e-05, 'epoch': 17.35}
{'loss': 1.2073, 'learning_rate': 4.296139409063267e-05, 'epoch': 17.38}
{'loss': 1.2079, 'learning_rate': 4.28565437121228e-05, 'epoch': 17.41}
{'loss': 1.215, 'learning_rate': 4.275169333361294e-05, 'epoch': 17.44}
{'loss': 1.2068, 'learning_rate': 4.264684295510307e-05, 'epoch': 17.47}
{'loss': 1.2077, 'learning_rate': 4.25419925765932e-05, 'epoch': 17.5}
{'loss': 1.2099, 'learning_rate': 4.243714219808333e-05, 'epoch': 17.53}
{'loss': 1.2072, 'learning_rate': 4.233229181957347e-05, 'epoch': 17.56}
{'loss': 1.2057, 'learning_rate': 4.22274414410636e-05, 'epoch': 17.59}
{'loss': 1.2063, 'learning_rate': 4.212259106255374e-05, 'epoch': 17.62}
{'loss': 1.2093, 'learning_rate': 4.201774068404387e-05, 'epoch': 17.65}
{'loss': 1.2089, 'learning_rate': 4.1912890305534e-05, 'epoch': 17.68}
{'loss': 1.2067, 'learning_rate': 4.180803992702414e-05, 'epoch': 17.72}
{'loss': 1.2105, 'learning_rate': 4.170318954851427e-05, 'epoch': 17.75}
{'loss': 1.2081, 'learning_rate': 4.159833917000441e-05, 'epoch': 17.78}
{'loss': 1.2069, 'learning_rate': 4.149348879149454e-05, 'epoch': 17.81}
{'loss': 1.2076, 'learning_rate': 4.138863841298467e-05, 'epoch': 17.84}
{'loss': 1.2074, 'learning_rate': 4.128378803447481e-05, 'epoch': 17.87}
{'loss': 1.2102, 'learning_rate': 4.117893765596494e-05, 'epoch': 17.9}
{'loss': 1.2125, 'learning_rate': 4.107408727745507e-05, 'epoch': 17.93}
{'loss': 1.2089, 'learning_rate': 4.0969236898945204e-05, 'epoch': 17.96}
{'loss': 1.2056, 'learning_rate': 4.0864386520435335e-05, 'epoch': 17.99}
{'loss': 1.2021, 'learning_rate': 4.075953614192547e-05, 'epoch': 18.02}
{'loss': 1.198, 'learning_rate': 4.0654685763415604e-05, 'epoch': 18.05}
{'loss': 1.1981, 'learning_rate': 4.054983538490574e-05, 'epoch': 18.08}
{'loss': 1.1988, 'learning_rate': 4.0444985006395873e-05, 'epoch': 18.12}
{'loss': 1.2072, 'learning_rate': 4.0340134627886005e-05, 'epoch': 18.15}
{'loss': 1.2049, 'learning_rate': 4.023528424937614e-05, 'epoch': 18.18}
{'loss': 1.1944, 'learning_rate': 4.0130433870866274e-05, 'epoch': 18.21}
{'loss': 1.1964, 'learning_rate': 4.002558349235641e-05, 'epoch': 18.24}
{'loss': 1.1984, 'learning_rate': 3.992073311384654e-05, 'epoch': 18.27}
{'loss': 1.1974, 'learning_rate': 3.981588273533668e-05, 'epoch': 18.3}
{'loss': 1.1974, 'learning_rate': 3.971103235682681e-05, 'epoch': 18.33}
{'loss': 1.2041, 'learning_rate': 3.9606181978316944e-05, 'epoch': 18.36}
{'loss': 1.2082, 'learning_rate': 3.950133159980708e-05, 'epoch': 18.39}
{'loss': 1.1971, 'learning_rate': 3.939648122129721e-05, 'epoch': 18.42}
{'loss': 1.1994, 'learning_rate': 3.9291630842787344e-05, 'epoch': 18.45}
{'loss': 1.1993, 'learning_rate': 3.9186780464277475e-05, 'epoch': 18.49}
{'loss': 1.192, 'learning_rate': 3.9081930085767607e-05, 'epoch': 18.52}
{'loss': 1.2009, 'learning_rate': 3.8977079707257745e-05, 'epoch': 18.55}
{'loss': 1.2023, 'learning_rate': 3.8872229328747876e-05, 'epoch': 18.58}
{'loss': 1.2012, 'learning_rate': 3.8767378950238014e-05, 'epoch': 18.61}
{'loss': 1.1958, 'learning_rate': 3.8662528571728145e-05, 'epoch': 18.64}
{'loss': 1.2042, 'learning_rate': 3.8557678193218276e-05, 'epoch': 18.67}
{'loss': 1.2004, 'learning_rate': 3.8452827814708414e-05, 'epoch': 18.7}
{'loss': 1.1994, 'learning_rate': 3.8347977436198546e-05, 'epoch': 18.73}
{'loss': 1.1977, 'learning_rate': 3.8243127057688684e-05, 'epoch': 18.76}
{'loss': 1.2006, 'learning_rate': 3.8138276679178815e-05, 'epoch': 18.79}
{'loss': 1.1974, 'learning_rate': 3.8033426300668946e-05, 'epoch': 18.82}
{'loss': 1.1958, 'learning_rate': 3.7928575922159084e-05, 'epoch': 18.86}
{'loss': 1.1972, 'learning_rate': 3.7823725543649215e-05, 'epoch': 18.89}
{'loss': 1.1996, 'learning_rate': 3.771887516513935e-05, 'epoch': 18.92}
{'loss': 1.1942, 'learning_rate': 3.7614024786629485e-05, 'epoch': 18.95}
{'loss': 1.1966, 'learning_rate': 3.7509174408119616e-05, 'epoch': 18.98}
{'loss': 1.1995, 'learning_rate': 3.740432402960975e-05, 'epoch': 19.01}
{'loss': 1.1931, 'learning_rate': 3.729947365109988e-05, 'epoch': 19.04}
{'loss': 1.1908, 'learning_rate': 3.7194623272590016e-05, 'epoch': 19.07}
{'loss': 1.19, 'learning_rate': 3.708977289408015e-05, 'epoch': 19.1}
{'loss': 1.1926, 'learning_rate': 3.698492251557028e-05, 'epoch': 19.13}
{'loss': 1.197, 'learning_rate': 3.688007213706042e-05, 'epoch': 19.16}
{'loss': 1.1949, 'learning_rate': 3.677522175855055e-05, 'epoch': 19.19}
{'loss': 1.1908, 'learning_rate': 3.6670371380040686e-05, 'epoch': 19.22}
{'loss': 1.1896, 'learning_rate': 3.656552100153082e-05, 'epoch': 19.26}
{'loss': 1.1957, 'learning_rate': 3.646067062302095e-05, 'epoch': 19.29}
{'loss': 1.1945, 'learning_rate': 3.6355820244511086e-05, 'epoch': 19.32}
{'loss': 1.1817, 'learning_rate': 3.625096986600122e-05, 'epoch': 19.35}
{'loss': 1.1981, 'learning_rate': 3.6146119487491356e-05, 'epoch': 19.38}
{'loss': 1.1861, 'learning_rate': 3.604126910898149e-05, 'epoch': 19.41}
{'loss': 1.188, 'learning_rate': 3.593641873047162e-05, 'epoch': 19.44}
{'loss': 1.1916, 'learning_rate': 3.5831568351961756e-05, 'epoch': 19.47}
{'loss': 1.1941, 'learning_rate': 3.572671797345189e-05, 'epoch': 19.5}
{'loss': 1.1873, 'learning_rate': 3.562186759494202e-05, 'epoch': 19.53}
{'loss': 1.1878, 'learning_rate': 3.551701721643215e-05, 'epoch': 19.56}
{'loss': 1.1844, 'learning_rate': 3.541216683792229e-05, 'epoch': 19.59}
{'loss': 1.193, 'learning_rate': 3.530731645941242e-05, 'epoch': 19.63}
{'loss': 1.1874, 'learning_rate': 3.520246608090255e-05, 'epoch': 19.66}
{'loss': 1.1893, 'learning_rate': 3.509761570239269e-05, 'epoch': 19.69}
{'loss': 1.1907, 'learning_rate': 3.499276532388282e-05, 'epoch': 19.72}
{'loss': 1.1901, 'learning_rate': 3.488791494537296e-05, 'epoch': 19.75}
{'loss': 1.1865, 'learning_rate': 3.478306456686309e-05, 'epoch': 19.78}
{'loss': 1.1872, 'learning_rate': 3.467821418835322e-05, 'epoch': 19.81}
{'loss': 1.1855, 'learning_rate': 3.457336380984336e-05, 'epoch': 19.84}
{'loss': 1.1869, 'learning_rate': 3.446851343133349e-05, 'epoch': 19.87}
{'loss': 1.1889, 'learning_rate': 3.436366305282363e-05, 'epoch': 19.9}
{'loss': 1.1803, 'learning_rate': 3.425881267431376e-05, 'epoch': 19.93}
{'loss': 1.187, 'learning_rate': 3.415396229580389e-05, 'epoch': 19.96}
{'loss': 1.1868, 'learning_rate': 3.404911191729402e-05, 'epoch': 20.0}
{'loss': 1.1784, 'learning_rate': 3.394426153878416e-05, 'epoch': 20.03}
{'loss': 1.1811, 'learning_rate': 3.383941116027429e-05, 'epoch': 20.06}
{'loss': 1.1776, 'learning_rate': 3.373456078176442e-05, 'epoch': 20.09}
{'loss': 1.1791, 'learning_rate': 3.362971040325455e-05, 'epoch': 20.12}
{'loss': 1.1848, 'learning_rate': 3.352486002474469e-05, 'epoch': 20.15}
{'loss': 1.1802, 'learning_rate': 3.342000964623482e-05, 'epoch': 20.18}
{'loss': 1.182, 'learning_rate': 3.331515926772496e-05, 'epoch': 20.21}
{'loss': 1.178, 'learning_rate': 3.321030888921509e-05, 'epoch': 20.24}
{'loss': 1.1807, 'learning_rate': 3.310545851070522e-05, 'epoch': 20.27}
{'loss': 1.1821, 'learning_rate': 3.300060813219536e-05, 'epoch': 20.3}
{'loss': 1.1778, 'learning_rate': 3.289575775368549e-05, 'epoch': 20.33}
{'loss': 1.1843, 'learning_rate': 3.279090737517563e-05, 'epoch': 20.36}
{'loss': 1.1772, 'learning_rate': 3.268605699666576e-05, 'epoch': 20.4}
{'loss': 1.1817, 'learning_rate': 3.258120661815589e-05, 'epoch': 20.43}
{'loss': 1.1797, 'learning_rate': 3.247635623964603e-05, 'epoch': 20.46}
{'loss': 1.1852, 'learning_rate': 3.237150586113616e-05, 'epoch': 20.49}
{'loss': 1.1852, 'learning_rate': 3.226665548262629e-05, 'epoch': 20.52}
{'loss': 1.1804, 'learning_rate': 3.2161805104116424e-05, 'epoch': 20.55}
{'loss': 1.1825, 'learning_rate': 3.2056954725606555e-05, 'epoch': 20.58}
{'loss': 1.1804, 'learning_rate': 3.195210434709669e-05, 'epoch': 20.61}
{'loss': 1.1879, 'learning_rate': 3.1847253968586824e-05, 'epoch': 20.64}
{'loss': 1.1791, 'learning_rate': 3.174240359007696e-05, 'epoch': 20.67}
{'loss': 1.1788, 'learning_rate': 3.1637553211567094e-05, 'epoch': 20.7}
{'loss': 1.1797, 'learning_rate': 3.153270283305723e-05, 'epoch': 20.73}
{'loss': 1.1818, 'learning_rate': 3.142785245454736e-05, 'epoch': 20.77}
{'loss': 1.1756, 'learning_rate': 3.1323002076037494e-05, 'epoch': 20.8}
{'loss': 1.1816, 'learning_rate': 3.121815169752763e-05, 'epoch': 20.83}
{'loss': 1.182, 'learning_rate': 3.111330131901776e-05, 'epoch': 20.86}
{'loss': 1.18, 'learning_rate': 3.10084509405079e-05, 'epoch': 20.89}
{'loss': 1.1768, 'learning_rate': 3.090360056199803e-05, 'epoch': 20.92}
{'loss': 1.1795, 'learning_rate': 3.0798750183488164e-05, 'epoch': 20.95}
{'loss': 1.182, 'learning_rate': 3.06938998049783e-05, 'epoch': 20.98}
{'loss': 1.1711, 'learning_rate': 3.058904942646843e-05, 'epoch': 21.01}
{'loss': 1.1685, 'learning_rate': 3.0484199047958568e-05, 'epoch': 21.04}
{'loss': 1.1727, 'learning_rate': 3.03793486694487e-05, 'epoch': 21.07}
{'loss': 1.1731, 'learning_rate': 3.027449829093883e-05, 'epoch': 21.1}
{'loss': 1.1761, 'learning_rate': 3.0169647912428968e-05, 'epoch': 21.14}
{'loss': 1.1708, 'learning_rate': 3.00647975339191e-05, 'epoch': 21.17}
{'loss': 1.1757, 'learning_rate': 2.9959947155409234e-05, 'epoch': 21.2}
{'loss': 1.1736, 'learning_rate': 2.9855096776899365e-05, 'epoch': 21.23}
{'loss': 1.168, 'learning_rate': 2.9750246398389496e-05, 'epoch': 21.26}
{'loss': 1.1744, 'learning_rate': 2.9645396019879634e-05, 'epoch': 21.29}
{'loss': 1.1676, 'learning_rate': 2.9540545641369766e-05, 'epoch': 21.32}
{'loss': 1.167, 'learning_rate': 2.9435695262859904e-05, 'epoch': 21.35}
{'loss': 1.174, 'learning_rate': 2.9330844884350035e-05, 'epoch': 21.38}
{'loss': 1.1726, 'learning_rate': 2.9225994505840166e-05, 'epoch': 21.41}
{'loss': 1.1727, 'learning_rate': 2.91211441273303e-05, 'epoch': 21.44}
{'loss': 1.1742, 'learning_rate': 2.9016293748820432e-05, 'epoch': 21.47}
{'loss': 1.1773, 'learning_rate': 2.891144337031057e-05, 'epoch': 21.5}
{'loss': 1.166, 'learning_rate': 2.88065929918007e-05, 'epoch': 21.54}
{'loss': 1.1737, 'learning_rate': 2.8701742613290832e-05, 'epoch': 21.57}
{'loss': 1.1707, 'learning_rate': 2.859689223478097e-05, 'epoch': 21.6}
{'loss': 1.169, 'learning_rate': 2.8492041856271102e-05, 'epoch': 21.63}
{'loss': 1.1701, 'learning_rate': 2.8387191477761236e-05, 'epoch': 21.66}
{'loss': 1.1704, 'learning_rate': 2.828234109925137e-05, 'epoch': 21.69}
{'loss': 1.175, 'learning_rate': 2.8177490720741502e-05, 'epoch': 21.72}
{'loss': 1.1663, 'learning_rate': 2.8072640342231637e-05, 'epoch': 21.75}
{'loss': 1.1688, 'learning_rate': 2.7967789963721768e-05, 'epoch': 21.78}
{'loss': 1.1702, 'learning_rate': 2.7862939585211906e-05, 'epoch': 21.81}
{'loss': 1.172, 'learning_rate': 2.7758089206702037e-05, 'epoch': 21.84}
{'loss': 1.1736, 'learning_rate': 2.765323882819217e-05, 'epoch': 21.87}
{'loss': 1.1681, 'learning_rate': 2.7548388449682307e-05, 'epoch': 21.91}
{'loss': 1.1701, 'learning_rate': 2.7443538071172438e-05, 'epoch': 21.94}
{'loss': 1.168, 'learning_rate': 2.7338687692662572e-05, 'epoch': 21.97}
{'loss': 1.1732, 'learning_rate': 2.7233837314152704e-05, 'epoch': 22.0}
{'loss': 1.1696, 'learning_rate': 2.712898693564284e-05, 'epoch': 22.03}
{'loss': 1.1618, 'learning_rate': 2.7024136557132973e-05, 'epoch': 22.06}
{'loss': 1.1628, 'learning_rate': 2.6919286178623104e-05, 'epoch': 22.09}
{'loss': 1.1602, 'learning_rate': 2.6814435800113242e-05, 'epoch': 22.12}
{'loss': 1.1678, 'learning_rate': 2.6709585421603373e-05, 'epoch': 22.15}
{'loss': 1.1637, 'learning_rate': 2.6604735043093508e-05, 'epoch': 22.18}
{'loss': 1.1582, 'learning_rate': 2.649988466458364e-05, 'epoch': 22.21}
{'loss': 1.1653, 'learning_rate': 2.639503428607377e-05, 'epoch': 22.24}
{'loss': 1.1653, 'learning_rate': 2.629018390756391e-05, 'epoch': 22.27}
{'loss': 1.1702, 'learning_rate': 2.618533352905404e-05, 'epoch': 22.31}
{'loss': 1.1668, 'learning_rate': 2.6080483150544178e-05, 'epoch': 22.34}
{'loss': 1.1629, 'learning_rate': 2.597563277203431e-05, 'epoch': 22.37}
{'loss': 1.1683, 'learning_rate': 2.587078239352444e-05, 'epoch': 22.4}
{'loss': 1.1664, 'learning_rate': 2.5765932015014578e-05, 'epoch': 22.43}
{'loss': 1.1614, 'learning_rate': 2.566108163650471e-05, 'epoch': 22.46}
{'loss': 1.1611, 'learning_rate': 2.5556231257994844e-05, 'epoch': 22.49}
{'loss': 1.1641, 'learning_rate': 2.5451380879484975e-05, 'epoch': 22.52}
{'loss': 1.1611, 'learning_rate': 2.5346530500975106e-05, 'epoch': 22.55}
{'loss': 1.1618, 'learning_rate': 2.5241680122465244e-05, 'epoch': 22.58}
{'loss': 1.1639, 'learning_rate': 2.5136829743955376e-05, 'epoch': 22.61}
{'loss': 1.1581, 'learning_rate': 2.5031979365445514e-05, 'epoch': 22.64}
{'loss': 1.159, 'learning_rate': 2.4927128986935645e-05, 'epoch': 22.68}
{'loss': 1.1623, 'learning_rate': 2.482227860842578e-05, 'epoch': 22.71}
{'loss': 1.1664, 'learning_rate': 2.471742822991591e-05, 'epoch': 22.74}
{'loss': 1.1592, 'learning_rate': 2.4612577851406042e-05, 'epoch': 22.77}
{'loss': 1.1634, 'learning_rate': 2.4507727472896177e-05, 'epoch': 22.8}
{'loss': 1.1633, 'learning_rate': 2.440287709438631e-05, 'epoch': 22.83}
{'loss': 1.158, 'learning_rate': 2.4298026715876446e-05, 'epoch': 22.86}
{'loss': 1.1637, 'learning_rate': 2.419317633736658e-05, 'epoch': 22.89}
{'loss': 1.1617, 'learning_rate': 2.4088325958856715e-05, 'epoch': 22.92}
{'loss': 1.16, 'learning_rate': 2.3983475580346846e-05, 'epoch': 22.95}
{'loss': 1.166, 'learning_rate': 2.387862520183698e-05, 'epoch': 22.98}
{'loss': 1.1594, 'learning_rate': 2.3773774823327112e-05, 'epoch': 23.01}
{'loss': 1.1526, 'learning_rate': 2.3668924444817247e-05, 'epoch': 23.05}
{'loss': 1.1536, 'learning_rate': 2.356407406630738e-05, 'epoch': 23.08}
{'loss': 1.155, 'learning_rate': 2.3459223687797513e-05, 'epoch': 23.11}
{'loss': 1.154, 'learning_rate': 2.3354373309287647e-05, 'epoch': 23.14}
{'loss': 1.158, 'learning_rate': 2.3249522930777782e-05, 'epoch': 23.17}
{'loss': 1.1558, 'learning_rate': 2.3144672552267917e-05, 'epoch': 23.2}
{'loss': 1.1562, 'learning_rate': 2.3039822173758048e-05, 'epoch': 23.23}
{'loss': 1.157, 'learning_rate': 2.2934971795248182e-05, 'epoch': 23.26}
{'loss': 1.1553, 'learning_rate': 2.2830121416738314e-05, 'epoch': 23.29}
{'loss': 1.1498, 'learning_rate': 2.2725271038228448e-05, 'epoch': 23.32}
{'loss': 1.1545, 'learning_rate': 2.2620420659718583e-05, 'epoch': 23.35}
{'loss': 1.1551, 'learning_rate': 2.2515570281208718e-05, 'epoch': 23.38}
{'loss': 1.16, 'learning_rate': 2.241071990269885e-05, 'epoch': 23.41}
{'loss': 1.153, 'learning_rate': 2.2305869524188983e-05, 'epoch': 23.45}
{'loss': 1.1515, 'learning_rate': 2.2201019145679118e-05, 'epoch': 23.48}
{'loss': 1.1505, 'learning_rate': 2.209616876716925e-05, 'epoch': 23.51}
{'loss': 1.1532, 'learning_rate': 2.1991318388659384e-05, 'epoch': 23.54}
{'loss': 1.155, 'learning_rate': 2.188646801014952e-05, 'epoch': 23.57}
{'loss': 1.1531, 'learning_rate': 2.178161763163965e-05, 'epoch': 23.6}
{'loss': 1.1541, 'learning_rate': 2.1676767253129784e-05, 'epoch': 23.63}
{'loss': 1.1531, 'learning_rate': 2.157191687461992e-05, 'epoch': 23.66}
{'loss': 1.1555, 'learning_rate': 2.1467066496110054e-05, 'epoch': 23.69}
{'loss': 1.1566, 'learning_rate': 2.1362216117600188e-05, 'epoch': 23.72}
{'loss': 1.1564, 'learning_rate': 2.125736573909032e-05, 'epoch': 23.75}
{'loss': 1.152, 'learning_rate': 2.115251536058045e-05, 'epoch': 23.78}
{'loss': 1.1564, 'learning_rate': 2.1047664982070585e-05, 'epoch': 23.82}
{'loss': 1.1518, 'learning_rate': 2.094281460356072e-05, 'epoch': 23.85}
{'loss': 1.1558, 'learning_rate': 2.0837964225050855e-05, 'epoch': 23.88}
{'loss': 1.1538, 'learning_rate': 2.0733113846540986e-05, 'epoch': 23.91}
{'loss': 1.1522, 'learning_rate': 2.062826346803112e-05, 'epoch': 23.94}
{'loss': 1.1501, 'learning_rate': 2.0523413089521255e-05, 'epoch': 23.97}
{'loss': 1.1458, 'learning_rate': 2.041856271101139e-05, 'epoch': 24.0}
{'loss': 1.1487, 'learning_rate': 2.031371233250152e-05, 'epoch': 24.03}
{'loss': 1.1532, 'learning_rate': 2.0208861953991652e-05, 'epoch': 24.06}
{'loss': 1.1477, 'learning_rate': 2.0104011575481787e-05, 'epoch': 24.09}
{'loss': 1.1482, 'learning_rate': 1.999916119697192e-05, 'epoch': 24.12}
{'loss': 1.1487, 'learning_rate': 1.9894310818462056e-05, 'epoch': 24.15}
{'loss': 1.151, 'learning_rate': 1.978946043995219e-05, 'epoch': 24.19}
{'loss': 1.1506, 'learning_rate': 1.9684610061442325e-05, 'epoch': 24.22}
{'loss': 1.1476, 'learning_rate': 1.9579759682932456e-05, 'epoch': 24.25}
{'loss': 1.1456, 'learning_rate': 1.947490930442259e-05, 'epoch': 24.28}
{'loss': 1.1452, 'learning_rate': 1.9370058925912722e-05, 'epoch': 24.31}
{'loss': 1.1498, 'learning_rate': 1.9265208547402857e-05, 'epoch': 24.34}
{'loss': 1.1521, 'learning_rate': 1.916035816889299e-05, 'epoch': 24.37}
{'loss': 1.151, 'learning_rate': 1.9055507790383123e-05, 'epoch': 24.4}
{'loss': 1.1476, 'learning_rate': 1.8950657411873257e-05, 'epoch': 24.43}
{'loss': 1.1467, 'learning_rate': 1.8845807033363392e-05, 'epoch': 24.46}
{'loss': 1.1472, 'learning_rate': 1.8740956654853527e-05, 'epoch': 24.49}
{'loss': 1.1439, 'learning_rate': 1.8636106276343658e-05, 'epoch': 24.52}
{'loss': 1.1455, 'learning_rate': 1.8531255897833792e-05, 'epoch': 24.55}
{'loss': 1.1457, 'learning_rate': 1.8426405519323924e-05, 'epoch': 24.59}
{'loss': 1.1409, 'learning_rate': 1.832155514081406e-05, 'epoch': 24.62}
{'loss': 1.1496, 'learning_rate': 1.8216704762304193e-05, 'epoch': 24.65}
{'loss': 1.143, 'learning_rate': 1.8111854383794328e-05, 'epoch': 24.68}
{'loss': 1.1491, 'learning_rate': 1.8007004005284462e-05, 'epoch': 24.71}
{'loss': 1.1449, 'learning_rate': 1.7902153626774593e-05, 'epoch': 24.74}
{'loss': 1.141, 'learning_rate': 1.7797303248264728e-05, 'epoch': 24.77}
{'loss': 1.145, 'learning_rate': 1.769245286975486e-05, 'epoch': 24.8}
{'loss': 1.1455, 'learning_rate': 1.7587602491244994e-05, 'epoch': 24.83}
{'loss': 1.1505, 'learning_rate': 1.748275211273513e-05, 'epoch': 24.86}
{'loss': 1.1453, 'learning_rate': 1.737790173422526e-05, 'epoch': 24.89}
{'loss': 1.1452, 'learning_rate': 1.7273051355715394e-05, 'epoch': 24.92}
{'loss': 1.1507, 'learning_rate': 1.716820097720553e-05, 'epoch': 24.96}
{'loss': 1.1474, 'learning_rate': 1.7063350598695664e-05, 'epoch': 24.99}
{'loss': 1.145, 'learning_rate': 1.6958500220185798e-05, 'epoch': 25.02}
{'loss': 1.1403, 'learning_rate': 1.685364984167593e-05, 'epoch': 25.05}
{'loss': 1.1441, 'learning_rate': 1.674879946316606e-05, 'epoch': 25.08}
{'loss': 1.1357, 'learning_rate': 1.6643949084656195e-05, 'epoch': 25.11}
{'loss': 1.1393, 'learning_rate': 1.653909870614633e-05, 'epoch': 25.14}
{'loss': 1.1401, 'learning_rate': 1.6434248327636465e-05, 'epoch': 25.17}
{'loss': 1.1345, 'learning_rate': 1.6329397949126596e-05, 'epoch': 25.2}
{'loss': 1.1411, 'learning_rate': 1.622454757061673e-05, 'epoch': 25.23}
{'loss': 1.1348, 'learning_rate': 1.6119697192106865e-05, 'epoch': 25.26}
{'loss': 1.1419, 'learning_rate': 1.6014846813597e-05, 'epoch': 25.29}
{'loss': 1.1337, 'learning_rate': 1.590999643508713e-05, 'epoch': 25.33}
{'loss': 1.1363, 'learning_rate': 1.5805146056577266e-05, 'epoch': 25.36}
{'loss': 1.139, 'learning_rate': 1.5700295678067397e-05, 'epoch': 25.39}
{'loss': 1.1414, 'learning_rate': 1.559544529955753e-05, 'epoch': 25.42}
{'loss': 1.1433, 'learning_rate': 1.5490594921047666e-05, 'epoch': 25.45}
{'loss': 1.1399, 'learning_rate': 1.53857445425378e-05, 'epoch': 25.48}
{'loss': 1.1417, 'learning_rate': 1.5280894164027935e-05, 'epoch': 25.51}
{'loss': 1.1379, 'learning_rate': 1.5176043785518065e-05, 'epoch': 25.54}
{'loss': 1.1351, 'learning_rate': 1.50711934070082e-05, 'epoch': 25.57}
{'loss': 1.1399, 'learning_rate': 1.4966343028498334e-05, 'epoch': 25.6}
{'loss': 1.1324, 'learning_rate': 1.4861492649988467e-05, 'epoch': 25.63}
{'loss': 1.1471, 'learning_rate': 1.4756642271478602e-05, 'epoch': 25.66}
{'loss': 1.1399, 'learning_rate': 1.4651791892968733e-05, 'epoch': 25.69}
{'loss': 1.1363, 'learning_rate': 1.4546941514458867e-05, 'epoch': 25.73}
{'loss': 1.1387, 'learning_rate': 1.4442091135949002e-05, 'epoch': 25.76}
{'loss': 1.1347, 'learning_rate': 1.4337240757439135e-05, 'epoch': 25.79}
{'loss': 1.1383, 'learning_rate': 1.423239037892927e-05, 'epoch': 25.82}
{'loss': 1.1422, 'learning_rate': 1.41275400004194e-05, 'epoch': 25.85}
{'loss': 1.1377, 'learning_rate': 1.4022689621909535e-05, 'epoch': 25.88}
{'loss': 1.1407, 'learning_rate': 1.3917839243399668e-05, 'epoch': 25.91}
{'loss': 1.1364, 'learning_rate': 1.3812988864889803e-05, 'epoch': 25.94}
{'loss': 1.1392, 'learning_rate': 1.3708138486379938e-05, 'epoch': 25.97}
{'loss': 1.1376, 'learning_rate': 1.360328810787007e-05, 'epoch': 26.0}
{'loss': 1.1314, 'learning_rate': 1.3498437729360203e-05, 'epoch': 26.03}
{'loss': 1.1275, 'learning_rate': 1.3393587350850336e-05, 'epoch': 26.06}
{'loss': 1.1356, 'learning_rate': 1.3288736972340471e-05, 'epoch': 26.1}
{'loss': 1.1369, 'learning_rate': 1.3183886593830606e-05, 'epoch': 26.13}
{'loss': 1.1303, 'learning_rate': 1.3079036215320739e-05, 'epoch': 26.16}
{'loss': 1.1387, 'learning_rate': 1.297418583681087e-05, 'epoch': 26.19}
{'loss': 1.1302, 'learning_rate': 1.2869335458301004e-05, 'epoch': 26.22}
{'loss': 1.1374, 'learning_rate': 1.2764485079791139e-05, 'epoch': 26.25}
{'loss': 1.1337, 'learning_rate': 1.2659634701281272e-05, 'epoch': 26.28}
{'loss': 1.1349, 'learning_rate': 1.2554784322771407e-05, 'epoch': 26.31}
{'loss': 1.1328, 'learning_rate': 1.244993394426154e-05, 'epoch': 26.34}
{'loss': 1.131, 'learning_rate': 1.2345083565751674e-05, 'epoch': 26.37}
{'loss': 1.1325, 'learning_rate': 1.2240233187241807e-05, 'epoch': 26.4}
{'loss': 1.1285, 'learning_rate': 1.213538280873194e-05, 'epoch': 26.43}
{'loss': 1.1358, 'learning_rate': 1.2030532430222073e-05, 'epoch': 26.46}
{'loss': 1.1341, 'learning_rate': 1.1925682051712208e-05, 'epoch': 26.5}
{'loss': 1.1359, 'learning_rate': 1.1820831673202342e-05, 'epoch': 26.53}
{'loss': 1.126, 'learning_rate': 1.1715981294692473e-05, 'epoch': 26.56}
{'loss': 1.1318, 'learning_rate': 1.1611130916182608e-05, 'epoch': 26.59}
{'loss': 1.1286, 'learning_rate': 1.1506280537672741e-05, 'epoch': 26.62}
{'loss': 1.1307, 'learning_rate': 1.1401430159162876e-05, 'epoch': 26.65}
{'loss': 1.1293, 'learning_rate': 1.1296579780653009e-05, 'epoch': 26.68}
{'loss': 1.1284, 'learning_rate': 1.1191729402143141e-05, 'epoch': 26.71}
{'loss': 1.1339, 'learning_rate': 1.1086879023633276e-05, 'epoch': 26.74}
{'loss': 1.1326, 'learning_rate': 1.098202864512341e-05, 'epoch': 26.77}
{'loss': 1.1302, 'learning_rate': 1.0877178266613542e-05, 'epoch': 26.8}
{'loss': 1.1298, 'learning_rate': 1.0772327888103677e-05, 'epoch': 26.83}
{'loss': 1.1326, 'learning_rate': 1.066747750959381e-05, 'epoch': 26.87}
{'loss': 1.1304, 'learning_rate': 1.0562627131083944e-05, 'epoch': 26.9}
{'loss': 1.128, 'learning_rate': 1.0457776752574077e-05, 'epoch': 26.93}
{'loss': 1.1317, 'learning_rate': 1.035292637406421e-05, 'epoch': 26.96}
{'loss': 1.1353, 'learning_rate': 1.0248075995554345e-05, 'epoch': 26.99}
{'loss': 1.127, 'learning_rate': 1.014322561704448e-05, 'epoch': 27.02}
{'loss': 1.1308, 'learning_rate': 1.0038375238534612e-05, 'epoch': 27.05}
{'loss': 1.1292, 'learning_rate': 9.933524860024745e-06, 'epoch': 27.08}
{'loss': 1.1236, 'learning_rate': 9.828674481514878e-06, 'epoch': 27.11}
{'loss': 1.1311, 'learning_rate': 9.723824103005013e-06, 'epoch': 27.14}
{'loss': 1.1298, 'learning_rate': 9.618973724495147e-06, 'epoch': 27.17}
{'loss': 1.1298, 'learning_rate': 9.514123345985278e-06, 'epoch': 27.2}
{'loss': 1.1247, 'learning_rate': 9.409272967475413e-06, 'epoch': 27.24}
{'loss': 1.1271, 'learning_rate': 9.304422588965548e-06, 'epoch': 27.27}
{'loss': 1.1309, 'learning_rate': 9.19957221045568e-06, 'epoch': 27.3}
{'loss': 1.1242, 'learning_rate': 9.094721831945814e-06, 'epoch': 27.33}
{'loss': 1.1277, 'learning_rate': 8.989871453435946e-06, 'epoch': 27.36}
{'loss': 1.1291, 'learning_rate': 8.885021074926081e-06, 'epoch': 27.39}
{'loss': 1.1217, 'learning_rate': 8.780170696416216e-06, 'epoch': 27.42}
{'loss': 1.1251, 'learning_rate': 8.675320317906347e-06, 'epoch': 27.45}
{'loss': 1.1263, 'learning_rate': 8.570469939396482e-06, 'epoch': 27.48}
{'loss': 1.1213, 'learning_rate': 8.465619560886614e-06, 'epoch': 27.51}
{'loss': 1.1211, 'learning_rate': 8.360769182376749e-06, 'epoch': 27.54}
{'loss': 1.1272, 'learning_rate': 8.255918803866882e-06, 'epoch': 27.57}
{'loss': 1.1264, 'learning_rate': 8.151068425357015e-06, 'epoch': 27.6}
{'loss': 1.1185, 'learning_rate': 8.04621804684715e-06, 'epoch': 27.64}
{'loss': 1.1222, 'learning_rate': 7.941367668337284e-06, 'epoch': 27.67}
{'loss': 1.1237, 'learning_rate': 7.836517289827417e-06, 'epoch': 27.7}
{'loss': 1.1284, 'learning_rate': 7.73166691131755e-06, 'epoch': 27.73}
{'loss': 1.126, 'learning_rate': 7.626816532807683e-06, 'epoch': 27.76}
{'loss': 1.1213, 'learning_rate': 7.521966154297818e-06, 'epoch': 27.79}
{'loss': 1.1217, 'learning_rate': 7.417115775787951e-06, 'epoch': 27.82}
{'loss': 1.131, 'learning_rate': 7.312265397278084e-06, 'epoch': 27.85}
{'loss': 1.1238, 'learning_rate': 7.207415018768218e-06, 'epoch': 27.88}
{'loss': 1.1188, 'learning_rate': 7.102564640258353e-06, 'epoch': 27.91}
{'loss': 1.1243, 'learning_rate': 6.997714261748485e-06, 'epoch': 27.94}
{'loss': 1.1245, 'learning_rate': 6.892863883238619e-06, 'epoch': 27.97}
{'loss': 1.1254, 'learning_rate': 6.7880135047287515e-06, 'epoch': 28.01}
{'loss': 1.1217, 'learning_rate': 6.683163126218886e-06, 'epoch': 28.04}
{'loss': 1.1221, 'learning_rate': 6.57831274770902e-06, 'epoch': 28.07}
{'loss': 1.126, 'learning_rate': 6.473462369199153e-06, 'epoch': 28.1}
{'loss': 1.1182, 'learning_rate': 6.368611990689287e-06, 'epoch': 28.13}
{'loss': 1.1246, 'learning_rate': 6.2637616121794195e-06, 'epoch': 28.16}
{'loss': 1.1219, 'learning_rate': 6.158911233669553e-06, 'epoch': 28.19}
{'loss': 1.1264, 'learning_rate': 6.054060855159687e-06, 'epoch': 28.22}
{'loss': 1.1143, 'learning_rate': 5.949210476649821e-06, 'epoch': 28.25}
{'loss': 1.1212, 'learning_rate': 5.844360098139955e-06, 'epoch': 28.28}
{'loss': 1.1222, 'learning_rate': 5.739509719630088e-06, 'epoch': 28.31}
{'loss': 1.119, 'learning_rate': 5.634659341120221e-06, 'epoch': 28.34}
{'loss': 1.1198, 'learning_rate': 5.529808962610356e-06, 'epoch': 28.38}
{'loss': 1.1174, 'learning_rate': 5.424958584100489e-06, 'epoch': 28.41}
{'loss': 1.1213, 'learning_rate': 5.320108205590623e-06, 'epoch': 28.44}
{'loss': 1.1248, 'learning_rate': 5.2152578270807556e-06, 'epoch': 28.47}
{'loss': 1.117, 'learning_rate': 5.11040744857089e-06, 'epoch': 28.5}
{'loss': 1.1179, 'learning_rate': 5.005557070061023e-06, 'epoch': 28.53}
{'loss': 1.1133, 'learning_rate': 4.900706691551157e-06, 'epoch': 28.56}
{'loss': 1.1209, 'learning_rate': 4.79585631304129e-06, 'epoch': 28.59}
{'loss': 1.1177, 'learning_rate': 4.6910059345314244e-06, 'epoch': 28.62}
{'loss': 1.1216, 'learning_rate': 4.586155556021557e-06, 'epoch': 28.65}
{'loss': 1.1192, 'learning_rate': 4.481305177511691e-06, 'epoch': 28.68}
{'loss': 1.1173, 'learning_rate': 4.376454799001824e-06, 'epoch': 28.71}
{'loss': 1.1197, 'learning_rate': 4.271604420491959e-06, 'epoch': 28.74}
{'loss': 1.1208, 'learning_rate': 4.166754041982092e-06, 'epoch': 28.78}
{'loss': 1.1194, 'learning_rate': 4.061903663472225e-06, 'epoch': 28.81}
{'loss': 1.1165, 'learning_rate': 3.957053284962358e-06, 'epoch': 28.84}
{'loss': 1.1159, 'learning_rate': 3.852202906452493e-06, 'epoch': 28.87}
{'loss': 1.1187, 'learning_rate': 3.7473525279426263e-06, 'epoch': 28.9}
{'loss': 1.1209, 'learning_rate': 3.6425021494327596e-06, 'epoch': 28.93}
{'loss': 1.1181, 'learning_rate': 3.537651770922893e-06, 'epoch': 28.96}
