05/15/2023 10:01:25 - WARNING - __main__ -   Process rank: 1, device: cuda:1, n_gpu: 1distributed training: True, 16-bits training: False
05/15/2023 10:01:25 - WARNING - __main__ -   Process rank: 0, device: cuda:0, n_gpu: 1distributed training: True, 16-bits training: False
05/15/2023 10:01:25 - WARNING - __main__ -   Process rank: 2, device: cuda:2, n_gpu: 1distributed training: True, 16-bits training: False
05/15/2023 10:01:25 - WARNING - __main__ -   Process rank: 3, device: cuda:3, n_gpu: 1distributed training: True, 16-bits training: False
05/15/2023 10:01:25 - INFO - __main__ -   Training/evaluation parameters TrainingArguments(
_n_gpu=1,
adafactor=False,
adam_beta1=0.9,
adam_beta2=0.999,
adam_epsilon=1e-06,
auto_find_batch_size=False,
bf16=False,
bf16_full_eval=False,
data_seed=None,
dataloader_drop_last=False,
dataloader_num_workers=0,
dataloader_pin_memory=True,
ddp_bucket_cap_mb=None,
ddp_find_unused_parameters=None,
ddp_timeout=1800,
debug=[],
deepspeed=None,
disable_tqdm=False,
do_eval=False,
do_predict=False,
do_train=True,
eval_accumulation_steps=None,
eval_delay=0,
eval_steps=None,
evaluation_strategy=no,
fp16=False,
fp16_backend=auto,
fp16_full_eval=False,
fp16_opt_level=O1,
fsdp=[],
fsdp_config={'fsdp_min_num_params': 0, 'xla': False, 'xla_fsdp_grad_ckpt': False},
fsdp_min_num_params=0,
fsdp_transformer_layer_cls_to_wrap=None,
full_determinism=False,
gradient_accumulation_steps=1,
gradient_checkpointing=False,
greater_is_better=None,
group_by_length=False,
half_precision_backend=auto,
hub_model_id=None,
hub_private_repo=False,
hub_strategy=every_save,
hub_token=<HUB_TOKEN>,
ignore_data_skip=False,
include_inputs_for_metrics=False,
jit_mode_eval=False,
label_names=None,
label_smoothing_factor=0.0,
learning_rate=0.0001,
length_column_name=length,
load_best_model_at_end=False,
local_rank=0,
log_level=passive,
log_level_replica=warning,
log_on_each_node=True,
logging_dir=model/cybert_a100_lr_1e-4/runs/May15_10-01-24_gaqc0002,
logging_first_step=False,
logging_nan_inf_filter=True,
logging_steps=500,
logging_strategy=steps,
lr_scheduler_type=linear,
max_grad_norm=1.0,
max_steps=-1,
metric_for_best_model=None,
mp_parameters=,
no_cuda=False,
num_train_epochs=30.0,
optim=adamw_hf,
optim_args=None,
output_dir=model/cybert_a100_lr_1e-4,
overwrite_output_dir=False,
past_index=-1,
per_device_eval_batch_size=8,
per_device_train_batch_size=16,
prediction_loss_only=False,
push_to_hub=False,
push_to_hub_model_id=None,
push_to_hub_organization=None,
push_to_hub_token=<PUSH_TO_HUB_TOKEN>,
ray_scope=last,
remove_unused_columns=True,
report_to=['wandb'],
resume_from_checkpoint=None,
run_name=model/cybert_a100_lr_1e-4,
save_on_each_node=False,
save_steps=500,
save_strategy=epoch,
save_total_limit=None,
seed=42,
sharded_ddp=[],
skip_memory_metrics=True,
tf32=None,
torch_compile=False,
torch_compile_backend=None,
torch_compile_mode=None,
torchdynamo=None,
tpu_metrics_debug=False,
tpu_num_cores=None,
use_ipex=False,
use_legacy_prediction_loop=False,
use_mps_device=False,
warmup_ratio=0.0,
warmup_steps=10000,
weight_decay=0.01,
xpu_backend=None,
)
05/15/2023 10:01:26 - WARNING - datasets.builder -   Found cached dataset text (/work/projects/project02060/.cache/text/default-bcd53fcb73e4331e/0.0.0/cb1e9bd71a82ad27976be3b12b407850fe2837d80c22c5e03a28949843a8ace2)
05/15/2023 10:01:26 - WARNING - datasets.builder -   Found cached dataset text (/work/projects/project02060/.cache/text/default-bcd53fcb73e4331e/0.0.0/cb1e9bd71a82ad27976be3b12b407850fe2837d80c22c5e03a28949843a8ace2)
05/15/2023 10:01:26 - WARNING - datasets.builder -   Found cached dataset text (/work/projects/project02060/.cache/text/default-bcd53fcb73e4331e/0.0.0/cb1e9bd71a82ad27976be3b12b407850fe2837d80c22c5e03a28949843a8ace2)
05/15/2023 10:01:26 - WARNING - datasets.builder -   Found cached dataset text (/work/projects/project02060/.cache/text/default-bcd53fcb73e4331e/0.0.0/cb1e9bd71a82ad27976be3b12b407850fe2837d80c22c5e03a28949843a8ace2)
05/15/2023 10:01:34 - WARNING - datasets.arrow_dataset -   Loading cached processed dataset at /work/projects/project02060/.cache/text/default-bcd53fcb73e4331e/0.0.0/cb1e9bd71a82ad27976be3b12b407850fe2837d80c22c5e03a28949843a8ace2/cache-beaac0cd2eb0fe24.arrow
05/15/2023 10:01:34 - WARNING - datasets.arrow_dataset -   Loading cached processed dataset at /work/projects/project02060/.cache/text/default-bcd53fcb73e4331e/0.0.0/cb1e9bd71a82ad27976be3b12b407850fe2837d80c22c5e03a28949843a8ace2/cache-beaac0cd2eb0fe24.arrow
05/15/2023 10:01:34 - WARNING - datasets.arrow_dataset -   Loading cached processed dataset at /work/projects/project02060/.cache/text/default-bcd53fcb73e4331e/0.0.0/cb1e9bd71a82ad27976be3b12b407850fe2837d80c22c5e03a28949843a8ace2/cache-beaac0cd2eb0fe24.arrow
05/15/2023 10:01:34 - WARNING - datasets.arrow_dataset -   Loading cached processed dataset at /work/projects/project02060/.cache/text/default-bcd53fcb73e4331e/0.0.0/cb1e9bd71a82ad27976be3b12b407850fe2837d80c22c5e03a28949843a8ace2/cache-beaac0cd2eb0fe24.arrow
05/15/2023 10:01:37 - WARNING - datasets.arrow_dataset -   Loading cached processed dataset at /work/projects/project02060/.cache/text/default-bcd53fcb73e4331e/0.0.0/cb1e9bd71a82ad27976be3b12b407850fe2837d80c22c5e03a28949843a8ace2/cache-a3f29753105de6d8.arrow
05/15/2023 10:01:37 - WARNING - datasets.arrow_dataset -   Loading cached processed dataset at /work/projects/project02060/.cache/text/default-bcd53fcb73e4331e/0.0.0/cb1e9bd71a82ad27976be3b12b407850fe2837d80c22c5e03a28949843a8ace2/cache-a3f29753105de6d8.arrow
05/15/2023 10:01:37 - WARNING - datasets.arrow_dataset -   Loading cached processed dataset at /work/projects/project02060/.cache/text/default-bcd53fcb73e4331e/0.0.0/cb1e9bd71a82ad27976be3b12b407850fe2837d80c22c5e03a28949843a8ace2/cache-a3f29753105de6d8.arrow
05/15/2023 10:01:37 - WARNING - datasets.arrow_dataset -   Loading cached processed dataset at /work/projects/project02060/.cache/text/default-bcd53fcb73e4331e/0.0.0/cb1e9bd71a82ad27976be3b12b407850fe2837d80c22c5e03a28949843a8ace2/cache-a3f29753105de6d8.arrow
{'loss': 1.1283, 'learning_rate': 6.7880135047287515e-06, 'epoch': 28.01}
{'loss': 1.1217, 'learning_rate': 6.683163126218886e-06, 'epoch': 28.04}
{'loss': 1.1221, 'learning_rate': 6.57831274770902e-06, 'epoch': 28.07}
{'loss': 1.126, 'learning_rate': 6.473462369199153e-06, 'epoch': 28.1}
{'loss': 1.1182, 'learning_rate': 6.368611990689287e-06, 'epoch': 28.13}
{'loss': 1.1246, 'learning_rate': 6.2637616121794195e-06, 'epoch': 28.16}
{'loss': 1.1219, 'learning_rate': 6.158911233669553e-06, 'epoch': 28.19}
{'loss': 1.1264, 'learning_rate': 6.054060855159687e-06, 'epoch': 28.22}
{'loss': 1.1143, 'learning_rate': 5.949210476649821e-06, 'epoch': 28.25}
{'loss': 1.1212, 'learning_rate': 5.844360098139955e-06, 'epoch': 28.28}
{'loss': 1.1222, 'learning_rate': 5.739509719630088e-06, 'epoch': 28.31}
{'loss': 1.119, 'learning_rate': 5.634659341120221e-06, 'epoch': 28.34}
{'loss': 1.1198, 'learning_rate': 5.529808962610356e-06, 'epoch': 28.38}
{'loss': 1.1174, 'learning_rate': 5.424958584100489e-06, 'epoch': 28.41}
{'loss': 1.1213, 'learning_rate': 5.320108205590623e-06, 'epoch': 28.44}
{'loss': 1.1248, 'learning_rate': 5.2152578270807556e-06, 'epoch': 28.47}
{'loss': 1.117, 'learning_rate': 5.11040744857089e-06, 'epoch': 28.5}
{'loss': 1.1179, 'learning_rate': 5.005557070061023e-06, 'epoch': 28.53}
{'loss': 1.1133, 'learning_rate': 4.900706691551157e-06, 'epoch': 28.56}
{'loss': 1.1209, 'learning_rate': 4.79585631304129e-06, 'epoch': 28.59}
{'loss': 1.1177, 'learning_rate': 4.6910059345314244e-06, 'epoch': 28.62}
{'loss': 1.1216, 'learning_rate': 4.586155556021557e-06, 'epoch': 28.65}
{'loss': 1.1192, 'learning_rate': 4.481305177511691e-06, 'epoch': 28.68}
{'loss': 1.1173, 'learning_rate': 4.376454799001824e-06, 'epoch': 28.71}
{'loss': 1.1197, 'learning_rate': 4.271604420491959e-06, 'epoch': 28.74}
{'loss': 1.1208, 'learning_rate': 4.166754041982092e-06, 'epoch': 28.78}
{'loss': 1.1194, 'learning_rate': 4.061903663472225e-06, 'epoch': 28.81}
{'loss': 1.1165, 'learning_rate': 3.957053284962358e-06, 'epoch': 28.84}
{'loss': 1.1159, 'learning_rate': 3.852202906452493e-06, 'epoch': 28.87}
{'loss': 1.1187, 'learning_rate': 3.7473525279426263e-06, 'epoch': 28.9}
{'loss': 1.1209, 'learning_rate': 3.6425021494327596e-06, 'epoch': 28.93}
{'loss': 1.1181, 'learning_rate': 3.537651770922893e-06, 'epoch': 28.96}
{'loss': 1.1169, 'learning_rate': 3.4328013924130263e-06, 'epoch': 28.99}
{'loss': 1.1191, 'learning_rate': 3.3279510139031605e-06, 'epoch': 29.02}
{'loss': 1.116, 'learning_rate': 3.223100635393294e-06, 'epoch': 29.05}
{'loss': 1.1187, 'learning_rate': 3.1182502568834272e-06, 'epoch': 29.08}
{'loss': 1.1161, 'learning_rate': 3.013399878373561e-06, 'epoch': 29.11}
{'loss': 1.1179, 'learning_rate': 2.9085494998636944e-06, 'epoch': 29.15}
{'loss': 1.1117, 'learning_rate': 2.803699121353828e-06, 'epoch': 29.18}
{'loss': 1.1139, 'learning_rate': 2.6988487428439615e-06, 'epoch': 29.21}
{'loss': 1.1191, 'learning_rate': 2.5939983643340953e-06, 'epoch': 29.24}
{'loss': 1.1141, 'learning_rate': 2.489147985824229e-06, 'epoch': 29.27}
{'loss': 1.1203, 'learning_rate': 2.384297607314363e-06, 'epoch': 29.3}
{'loss': 1.1165, 'learning_rate': 2.279447228804496e-06, 'epoch': 29.33}
{'loss': 1.1178, 'learning_rate': 2.17459685029463e-06, 'epoch': 29.36}
{'loss': 1.1196, 'learning_rate': 2.0697464717847633e-06, 'epoch': 29.39}
{'loss': 1.1162, 'learning_rate': 1.964896093274897e-06, 'epoch': 29.42}
{'loss': 1.1151, 'learning_rate': 1.8600457147650304e-06, 'epoch': 29.45}
{'loss': 1.1156, 'learning_rate': 1.7551953362551642e-06, 'epoch': 29.48}
{'loss': 1.1217, 'learning_rate': 1.6503449577452975e-06, 'epoch': 29.52}
{'loss': 1.1184, 'learning_rate': 1.545494579235431e-06, 'epoch': 29.55}
{'loss': 1.1096, 'learning_rate': 1.4406442007255647e-06, 'epoch': 29.58}
{'loss': 1.1072, 'learning_rate': 1.3357938222156982e-06, 'epoch': 29.61}
{'loss': 1.111, 'learning_rate': 1.2309434437058318e-06, 'epoch': 29.64}
{'loss': 1.1144, 'learning_rate': 1.1260930651959654e-06, 'epoch': 29.67}
{'loss': 1.1153, 'learning_rate': 1.021242686686099e-06, 'epoch': 29.7}
{'loss': 1.1184, 'learning_rate': 9.163923081762326e-07, 'epoch': 29.73}
{'loss': 1.1135, 'learning_rate': 8.115419296663661e-07, 'epoch': 29.76}
{'loss': 1.1152, 'learning_rate': 7.066915511564997e-07, 'epoch': 29.79}
{'loss': 1.1193, 'learning_rate': 6.018411726466333e-07, 'epoch': 29.82}
{'loss': 1.1148, 'learning_rate': 4.969907941367669e-07, 'epoch': 29.85}
{'loss': 1.1155, 'learning_rate': 3.9214041562690045e-07, 'epoch': 29.88}
{'loss': 1.113, 'learning_rate': 2.87290037117034e-07, 'epoch': 29.92}
{'loss': 1.1226, 'learning_rate': 1.8243965860716758e-07, 'epoch': 29.95}
{'loss': 1.1112, 'learning_rate': 7.758928009730115e-08, 'epoch': 29.98}
{'train_runtime': 18313.8964, 'train_samples_per_second': 1701.388, 'train_steps_per_second': 26.585, 'train_loss': 0.07452113784845511, 'epoch': 30.0}
***** train metrics *****
  epoch                    =       30.0
  train_loss               =     0.0745
  train_runtime            = 5:05:13.89
  train_samples_per_second =   1701.388
  train_steps_per_second   =     26.585
